<?xml version="1.0" encoding="UTF-8"?>
<!-- Generated by org.testng.reporters.JUnitXMLReporter -->
<testsuite hostname="WIN-UJSDDQRV49J" ignored="10" tests="23" failures="2" timestamp="05 июл 2017 20:13:14 GMT" time="87.125" errors="0">
  <testcase name="@BeforeMethod setEnv" time="0.003" classname="AbstractTest">
    <failure type="org.openqa.selenium.UnhandledAlertException" message="unexpected alert open: {Alert text : The current design will be lost. Are you sure that you want to leave this page?}
  (Session info: chrome=59.0.3071.115)
  (Driver info: chromedriver=2.30.477700 (0057494ad8732195794a7b32078424f92a5fce41),platform=Windows NT 10.0.14393 x86_64) (WARNING: The server did not provide any stacktrace information)
Command duration or timeout: 3 milliseconds: null
Build info: version: &amp;apos;2.53.1&amp;apos;, revision: &amp;apos;a36b8b1cd5757287168e54b817830adce9b0158d&amp;apos;, time: &amp;apos;2016-06-30 19:26:09&amp;apos;
System info: host: &amp;apos;WIN-UJSDDQRV49J&amp;apos;, ip: &amp;apos;192.168.10.1&amp;apos;, os.name: &amp;apos;Windows 10&amp;apos;, os.arch: &amp;apos;amd64&amp;apos;, os.version: &amp;apos;10.0&amp;apos;, java.version: &amp;apos;1.8.0_131&amp;apos;
Driver info: org.openqa.selenium.chrome.ChromeDriver
Capabilities [{applicationCacheEnabled=false, rotatable=false, mobileEmulationEnabled=false, networkConnectionEnabled=false, chrome={chromedriverVersion=2.30.477700 (0057494ad8732195794a7b32078424f92a5fce41), userDataDir=C:\Users\User\AppData\Local\Temp\scoped_dir6896_17271}, takesHeapSnapshot=true, pageLoadStrategy=normal, databaseEnabled=false, handlesAlerts=true, hasTouchScreen=false, version=59.0.3071.115, platform=XP, browserConnectionEnabled=false, nativeEvents=true, acceptSslCerts=true, locationContextEnabled=true, webStorageEnabled=true, browserName=chrome, takesScreenshot=true, javascriptEnabled=true, cssSelectorsEnabled=true, unexpectedAlertBehaviour=}]
Session ID: d57e37769edc0ec3f0ac25465c0a1d33">
      <![CDATA[org.openqa.selenium.UnhandledAlertException: unexpected alert open: {Alert text : The current design will be lost. Are you sure that you want to leave this page?}
  (Session info: chrome=59.0.3071.115)
  (Driver info: chromedriver=2.30.477700 (0057494ad8732195794a7b32078424f92a5fce41),platform=Windows NT 10.0.14393 x86_64) (WARNING: The server did not provide any stacktrace information)
Command duration or timeout: 3 milliseconds: null
Build info: version: '2.53.1', revision: 'a36b8b1cd5757287168e54b817830adce9b0158d', time: '2016-06-30 19:26:09'
System info: host: 'WIN-UJSDDQRV49J', ip: '192.168.10.1', os.name: 'Windows 10', os.arch: 'amd64', os.version: '10.0', java.version: '1.8.0_131'
Driver info: org.openqa.selenium.chrome.ChromeDriver
Capabilities [{applicationCacheEnabled=false, rotatable=false, mobileEmulationEnabled=false, networkConnectionEnabled=false, chrome={chromedriverVersion=2.30.477700 (0057494ad8732195794a7b32078424f92a5fce41), userDataDir=C:\Users\User\AppData\Local\Temp\scoped_dir6896_17271}, takesHeapSnapshot=true, pageLoadStrategy=normal, databaseEnabled=false, handlesAlerts=true, hasTouchScreen=false, version=59.0.3071.115, platform=XP, browserConnectionEnabled=false, nativeEvents=true, acceptSslCerts=true, locationContextEnabled=true, webStorageEnabled=true, browserName=chrome, takesScreenshot=true, javascriptEnabled=true, cssSelectorsEnabled=true, unexpectedAlertBehaviour=}]
Session ID: d57e37769edc0ec3f0ac25465c0a1d33
	at org.openqa.selenium.remote.ErrorHandler.createThrowable(ErrorHandler.java:206)
	at org.openqa.selenium.remote.ErrorHandler.throwIfResponseFailed(ErrorHandler.java:164)
	at org.openqa.selenium.remote.RemoteWebDriver.execute(RemoteWebDriver.java:678)
	at org.openqa.selenium.remote.RemoteWebDriver.execute(RemoteWebDriver.java:701)
	at org.openqa.selenium.remote.RemoteWebDriver$RemoteWebDriverOptions.deleteAllCookies(RemoteWebDriver.java:773)
	at AbstractTest.setEnv(AbstractTest.java:24)
... Removed 35 stack frames]]>
    </failure>
  </testcase> <!-- @BeforeMethod setEnv -->
  <testcase name="@BeforeMethod setEnv" time="0.0" classname="AbstractTest">
    <skipped/>
  </testcase> <!-- @BeforeMethod setEnv -->
  <testcase name="@BeforeMethod setEnv" time="0.0" classname="AbstractTest">
    <skipped/>
  </testcase> <!-- @BeforeMethod setEnv -->
  <testcase name="@AfterClass tearDown" time="0.0" classname="AbstractTest">
    <skipped/>
  </testcase> <!-- @AfterClass tearDown -->
  <testcase name="@BeforeClass setUp" time="0.0" classname="AbstractTest">
    <skipped/>
  </testcase> <!-- @BeforeClass setUp -->
  <testcase name="@BeforeMethod setEnv" time="0.0" classname="AbstractTest">
    <skipped/>
  </testcase> <!-- @BeforeMethod setEnv -->
  <testcase name="@BeforeMethod setEnv" time="0.0" classname="AbstractTest">
    <skipped/>
  </testcase> <!-- @BeforeMethod setEnv -->
  <testcase name="@AfterClass tearDown" time="0.0" classname="AbstractTest">
    <skipped/>
  </testcase> <!-- @AfterClass tearDown -->
  <testcase name="@BeforeClass setUp" time="0.0" classname="AbstractTest">
    <skipped/>
  </testcase> <!-- @BeforeClass setUp -->
  <testcase name="@BeforeMethod setEnv" time="0.0" classname="AbstractTest">
    <skipped/>
  </testcase> <!-- @BeforeMethod setEnv -->
  <testcase name="@AfterClass tearDown" time="0.0" classname="AbstractTest">
    <skipped/>
  </testcase> <!-- @AfterClass tearDown -->
  <testcase name="@BeforeClass setUp" time="0.0" classname="AbstractTest">
    <skipped/>
  </testcase> <!-- @BeforeClass setUp -->
  <testcase name="@BeforeMethod setEnv" time="0.0" classname="AbstractTest">
    <skipped/>
  </testcase> <!-- @BeforeMethod setEnv -->
  <testcase name="@BeforeMethod setEnv" time="0.0" classname="AbstractTest">
    <skipped/>
  </testcase> <!-- @BeforeMethod setEnv -->
  <testcase name="@BeforeMethod setEnv" time="0.0" classname="AbstractTest">
    <skipped/>
  </testcase> <!-- @BeforeMethod setEnv -->
  <testcase name="@BeforeMethod setEnv" time="0.0" classname="AbstractTest">
    <skipped/>
  </testcase> <!-- @BeforeMethod setEnv -->
  <testcase name="@BeforeMethod setEnv" time="0.0" classname="AbstractTest">
    <skipped/>
  </testcase> <!-- @BeforeMethod setEnv -->
  <testcase name="@BeforeMethod setEnv" time="0.0" classname="AbstractTest">
    <skipped/>
  </testcase> <!-- @BeforeMethod setEnv -->
  <testcase name="@BeforeMethod setEnv" time="0.0" classname="AbstractTest">
    <skipped/>
  </testcase> <!-- @BeforeMethod setEnv -->
  <testcase name="@AfterClass tearDown" time="0.0" classname="AbstractTest">
    <skipped/>
  </testcase> <!-- @AfterClass tearDown -->
  <testcase name="@BeforeClass setUp" time="0.0" classname="AbstractTest">
    <skipped/>
  </testcase> <!-- @BeforeClass setUp -->
  <testcase name="@BeforeMethod setEnv" time="0.0" classname="AbstractTest">
    <skipped/>
  </testcase> <!-- @BeforeMethod setEnv -->
  <testcase name="@BeforeMethod setEnv" time="0.0" classname="AbstractTest">
    <skipped/>
  </testcase> <!-- @BeforeMethod setEnv -->
  <testcase name="@AfterClass tearDown" time="0.0" classname="AbstractTest">
    <skipped/>
  </testcase> <!-- @AfterClass tearDown -->
  <testcase name="@BeforeClass setUp" time="0.0" classname="AbstractTest">
    <skipped/>
  </testcase> <!-- @BeforeClass setUp -->
  <testcase name="@BeforeMethod setEnv" time="0.0" classname="AbstractTest">
    <skipped/>
  </testcase> <!-- @BeforeMethod setEnv -->
  <testcase name="@BeforeMethod setEnv" time="0.0" classname="AbstractTest">
    <skipped/>
  </testcase> <!-- @BeforeMethod setEnv -->
  <testcase name="@AfterClass tearDown" time="0.0" classname="AbstractTest">
    <skipped/>
  </testcase> <!-- @AfterClass tearDown -->
  <testcase name="@AfterTest cleanUp" time="0.0" classname="AbstractTest">
    <skipped/>
  </testcase> <!-- @AfterTest cleanUp -->
  <testcase name="addToCart" time="11.519" classname="AddToCartTests"/>
  <testcase name="checkPriceSizeAndColor" time="7.273" classname="AddToCartTests">
    <failure type="java.lang.AssertionError" message="The following asserts failed:
	expected [XL] but found [Kelly Green],
	expected [Kelly Green] but found [XL]">
      <![CDATA[java.lang.AssertionError: The following asserts failed:
	expected [XL] but found [Kelly Green],
	expected [Kelly Green] but found [XL]
	at AddToCartTests.checkPriceSizeAndColor(AddToCartTests.java:57)
... Removed 30 stack frames]]>
    </failure>
  </testcase> <!-- checkPriceSizeAndColor -->
  <testcase name="missingProductSizeValidation" time="2.37" classname="ValidationProductPageTests"/>
  <testcase name="emptyEmailField" time="7.042" classname="CheckoutValidationTests"/>
  <testcase name="step1" time="57.732" classname="DesignerTest"/>
  <testcase name="loginAndRedirectToDashboardPage" time="0.026" classname="IndexPageTests">
    <failure type="org.openqa.selenium.UnhandledAlertException" message="unexpected alert open: {Alert text : The current design will be lost. Are you sure that you want to leave this page?}
  (Session info: chrome=59.0.3071.115)
  (Driver info: chromedriver=2.30.477700 (0057494ad8732195794a7b32078424f92a5fce41),platform=Windows NT 10.0.14393 x86_64) (WARNING: The server did not provide any stacktrace information)
Command duration or timeout: 2 milliseconds: null
Build info: version: &amp;apos;2.53.1&amp;apos;, revision: &amp;apos;a36b8b1cd5757287168e54b817830adce9b0158d&amp;apos;, time: &amp;apos;2016-06-30 19:26:09&amp;apos;
System info: host: &amp;apos;WIN-UJSDDQRV49J&amp;apos;, ip: &amp;apos;192.168.10.1&amp;apos;, os.name: &amp;apos;Windows 10&amp;apos;, os.arch: &amp;apos;amd64&amp;apos;, os.version: &amp;apos;10.0&amp;apos;, java.version: &amp;apos;1.8.0_131&amp;apos;
Driver info: org.openqa.selenium.chrome.ChromeDriver
Capabilities [{applicationCacheEnabled=false, rotatable=false, mobileEmulationEnabled=false, networkConnectionEnabled=false, chrome={chromedriverVersion=2.30.477700 (0057494ad8732195794a7b32078424f92a5fce41), userDataDir=C:\Users\User\AppData\Local\Temp\scoped_dir6896_17271}, takesHeapSnapshot=true, pageLoadStrategy=normal, databaseEnabled=false, handlesAlerts=true, hasTouchScreen=false, version=59.0.3071.115, platform=XP, browserConnectionEnabled=false, nativeEvents=true, acceptSslCerts=true, locationContextEnabled=true, webStorageEnabled=true, browserName=chrome, takesScreenshot=true, javascriptEnabled=true, cssSelectorsEnabled=true, unexpectedAlertBehaviour=}]
Session ID: d57e37769edc0ec3f0ac25465c0a1d33">
      <![CDATA[org.openqa.selenium.UnhandledAlertException: unexpected alert open: {Alert text : The current design will be lost. Are you sure that you want to leave this page?}
  (Session info: chrome=59.0.3071.115)
  (Driver info: chromedriver=2.30.477700 (0057494ad8732195794a7b32078424f92a5fce41),platform=Windows NT 10.0.14393 x86_64) (WARNING: The server did not provide any stacktrace information)
Command duration or timeout: 2 milliseconds: null
Build info: version: '2.53.1', revision: 'a36b8b1cd5757287168e54b817830adce9b0158d', time: '2016-06-30 19:26:09'
System info: host: 'WIN-UJSDDQRV49J', ip: '192.168.10.1', os.name: 'Windows 10', os.arch: 'amd64', os.version: '10.0', java.version: '1.8.0_131'
Driver info: org.openqa.selenium.chrome.ChromeDriver
Capabilities [{applicationCacheEnabled=false, rotatable=false, mobileEmulationEnabled=false, networkConnectionEnabled=false, chrome={chromedriverVersion=2.30.477700 (0057494ad8732195794a7b32078424f92a5fce41), userDataDir=C:\Users\User\AppData\Local\Temp\scoped_dir6896_17271}, takesHeapSnapshot=true, pageLoadStrategy=normal, databaseEnabled=false, handlesAlerts=true, hasTouchScreen=false, version=59.0.3071.115, platform=XP, browserConnectionEnabled=false, nativeEvents=true, acceptSslCerts=true, locationContextEnabled=true, webStorageEnabled=true, browserName=chrome, takesScreenshot=true, javascriptEnabled=true, cssSelectorsEnabled=true, unexpectedAlertBehaviour=}]
Session ID: d57e37769edc0ec3f0ac25465c0a1d33
	at org.openqa.selenium.remote.ErrorHandler.createThrowable(ErrorHandler.java:206)
	at org.openqa.selenium.remote.ErrorHandler.throwIfResponseFailed(ErrorHandler.java:164)
	at org.openqa.selenium.remote.RemoteWebDriver.execute(RemoteWebDriver.java:678)
	at org.openqa.selenium.remote.RemoteWebDriver.execute(RemoteWebDriver.java:701)
	at org.openqa.selenium.remote.RemoteWebDriver.getCurrentUrl(RemoteWebDriver.java:326)
	at abstraction.AbstractShirteePage.login(AbstractShirteePage.java:92)
	at IndexPageTests.loginAndRedirectToDashboardPage(IndexPageTests.java:32)
... Removed 33 stack frames]]>
    </failure>
  </testcase> <!-- loginAndRedirectToDashboardPage -->
  <testcase name="loginAndReturnToLoginPage" time="0.0" classname="IndexPageTests">
    <skipped/>
  </testcase> <!-- loginAndReturnToLoginPage -->
  <testcase name="logout" time="0.0" classname="IndexPageTests">
    <skipped/>
  </testcase> <!-- logout -->
  <testcase name="searchFromIndexPage" time="0.0" classname="IndexPageTests">
    <skipped/>
  </testcase> <!-- searchFromIndexPage -->
  <testcase name="authorizedUserOrder" time="0.0" classname="OrderTests">
    <skipped/>
  </testcase> <!-- authorizedUserOrder -->
  <testcase name="guestOrder" time="0.0" classname="OrderTests">
    <skipped/>
  </testcase> <!-- guestOrder -->
  <testcase name="realPrice" time="0.0" classname="ProductsPriceTests">
    <skipped/>
  </testcase> <!-- realPrice -->
  <testcase name="checkFirstQtyOnPageSetting" time="0.0" classname="ShopPageTests">
    <skipped/>
  </testcase> <!-- checkFirstQtyOnPageSetting -->
  <testcase name="checkPagination" time="0.0" classname="ShopPageTests">
    <skipped/>
  </testcase> <!-- checkPagination -->
  <testcase name="checkSecondQtyOnPageSetting" time="0.0" classname="ShopPageTests">
    <skipped/>
  </testcase> <!-- checkSecondQtyOnPageSetting -->
  <testcase name="checkThirdQtyOnPageSetting" time="0.0" classname="ShopPageTests">
    <skipped/>
  </testcase> <!-- checkThirdQtyOnPageSetting -->
  <testcase name="leftSidebarSearch" time="0.0" classname="ShopPageTests">
    <skipped/>
  </testcase> <!-- leftSidebarSearch -->
  <testcase name="priceAreEqualOnShopPageAndOnProductsPage" time="0.0" classname="ShopPageTests">
    <skipped/>
  </testcase> <!-- priceAreEqualOnShopPageAndOnProductsPage -->
  <testcase name="topSearch" time="0.0" classname="ShopPageTests">
    <skipped/>
  </testcase> <!-- topSearch -->
  <testcase name="firstTest" time="0.0" classname="TestFuck">
    <skipped/>
  </testcase> <!-- firstTest -->
  <testcase name="secondTest" time="0.0" classname="TestFuck">
    <skipped/>
  </testcase> <!-- secondTest -->
  <testcase name="compareIMG" time="0.0" classname="TestSikuli">
    <skipped/>
  </testcase> <!-- compareIMG -->
  <testcase name="saveIMG" time="0.0" classname="TestSikuli">
    <skipped/>
  </testcase> <!-- saveIMG -->
  <testcase name="@AfterTest cleanUp" time="0.0" classname="AbstractTest">
    <ignored/>
  </testcase> <!-- @AfterTest cleanUp -->
  <testcase name="@AfterTest cleanUp" time="0.0" classname="AbstractTest">
    <ignored/>
  </testcase> <!-- @AfterTest cleanUp -->
  <testcase name="@AfterTest cleanUp" time="0.0" classname="AbstractTest">
    <ignored/>
  </testcase> <!-- @AfterTest cleanUp -->
  <testcase name="@AfterTest cleanUp" time="0.0" classname="AbstractTest">
    <ignored/>
  </testcase> <!-- @AfterTest cleanUp -->
  <testcase name="@AfterTest cleanUp" time="0.0" classname="AbstractTest">
    <ignored/>
  </testcase> <!-- @AfterTest cleanUp -->
  <testcase name="@AfterTest cleanUp" time="0.0" classname="AbstractTest">
    <ignored/>
  </testcase> <!-- @AfterTest cleanUp -->
  <testcase name="@AfterTest cleanUp" time="0.0" classname="AbstractTest">
    <ignored/>
  </testcase> <!-- @AfterTest cleanUp -->
  <testcase name="@AfterTest cleanUp" time="0.0" classname="AbstractTest">
    <ignored/>
  </testcase> <!-- @AfterTest cleanUp -->
  <testcase name="@AfterTest cleanUp" time="0.0" classname="AbstractTest">
    <ignored/>
  </testcase> <!-- @AfterTest cleanUp -->
  <testcase name="@AfterTest cleanUp" time="0.0" classname="AbstractTest">
    <ignored/>
  </testcase> <!-- @AfterTest cleanUp -->
</testsuite>
