<!DOCTYPE html PUBLIC "-//W3C//DTD XHTML 1.1//EN" "http://www.w3.org/TR/xhtml11/DTD/xhtml11.dtd">
<html xmlns="http://www.w3.org/1999/xhtml"><head><title>TestNG Report</title><style type="text/css">table {margin-bottom:10px;border-collapse:collapse;empty-cells:show}th,td {border:1px solid #009;padding:.25em .5em}th {vertical-align:bottom}td {vertical-align:top}table a {font-weight:bold}.stripe td {background-color: #E6EBF9}.num {text-align:right}.passedodd td {background-color: #3F3}.passedeven td {background-color: #0A0}.skippedodd td {background-color: #DDD}.skippedeven td {background-color: #CCC}.failedodd td,.attn {background-color: #F33}.failedeven td,.stripe .attn {background-color: #D00}.stacktrace {white-space:pre;font-family:monospace}.totop {font-size:85%;text-align:center;border-bottom:2px solid #000}</style></head><body><table><tr><th>Test</th><th># Passed</th><th># Skipped</th><th># Failed</th><th>Time (ms)</th><th>Included Groups</th><th>Excluded Groups</th></tr><tr><th colspan="7">Test Suite</th></tr><tr><td><a href="#t0">Method Test Cases</a></td><td class="num">30</td><td class="num">0</td><td class="num attn">5</td><td class="num">339 550</td><td></td><td></td></tr></table><table id='summary'><thead><tr><th>Class</th><th>Method</th><th>Start</th><th>Time (ms)</th></tr></thead><tbody><tr><th colspan="4">Test Suite</th></tr></tbody><tbody id="t0"><tr><th colspan="4">Method Test Cases &#8212; failed</th></tr><tr class="failedeven"><td rowspan="1">checkout.OrderedItemsTests</td><td><a href="#m0">increaseItemQty</a></td><td rowspan="1">1501767546034</td><td rowspan="1">23205</td></tr><tr class="failedodd"><td rowspan="3">checkout.PromoCodesTests</td><td><a href="#m1">addToCartProductWithPercentDiscount</a></td><td rowspan="1">1501767495358</td><td rowspan="1">5744</td></tr><tr class="failedodd"><td><a href="#m2">increaseProductsWithAmountDiscountQty</a></td><td rowspan="1">1501767501162</td><td rowspan="1">5806</td></tr><tr class="failedodd"><td><a href="#m3">increaseProductsWithPercentDiscountQty</a></td><td rowspan="1">1501767507055</td><td rowspan="1">8823</td></tr><tr class="failedeven"><td rowspan="1">shop.ShopPageTests</td><td><a href="#m4">priceAreEqualOnShopPageAndOnProductsPage</a></td><td rowspan="1">1501767287964</td><td rowspan="1">28209</td></tr><tr><th colspan="4">Method Test Cases &#8212; passed</th></tr><tr class="passedeven"><td rowspan="2">checkout.CheckoutPageTests</td><td><a href="#m5">backToStore</a></td><td rowspan="1">1501767474315</td><td rowspan="1">7476</td></tr><tr class="passedeven"><td><a href="#m6">checkShippingPrice</a></td><td rowspan="1">1501767481876</td><td rowspan="1">5035</td></tr><tr class="passedodd"><td rowspan="2">checkout.OrderedItemsTests</td><td><a href="#m7">addTwoProductsAndDeleteOne</a></td><td rowspan="1">1501767516071</td><td rowspan="1">17644</td></tr><tr class="passedodd"><td><a href="#m8">decreaseItemQty</a></td><td rowspan="1">1501767533803</td><td rowspan="1">12163</td></tr><tr class="passedeven"><td rowspan="1">checkout.PromoCodesTests</td><td><a href="#m9">addToCartProductWithAmountDiscount</a></td><td rowspan="1">1501767487001</td><td rowspan="1">7868</td></tr><tr class="passedodd"><td rowspan="1">checkout.ValidationTests</td><td><a href="#m10">emptyEmailField</a></td><td rowspan="1">1501767569332</td><td rowspan="1">5600</td></tr><tr class="passedeven"><td rowspan="3">index.IndexPageTests</td><td><a href="#m11">loginAndRedirectToDashboardPage</a></td><td rowspan="1">1501767235638</td><td rowspan="1">9162</td></tr><tr class="passedeven"><td><a href="#m12">logout</a></td><td rowspan="1">1501767244927</td><td rowspan="1">9785</td></tr><tr class="passedeven"><td><a href="#m13">searchFromIndexPage</a></td><td rowspan="1">1501767254823</td><td rowspan="1">6124</td></tr><tr class="passedodd"><td rowspan="6">product_page.AddToCartTests</td><td><a href="#m14">addProductTwiceAndCheckQtyAndPrice</a></td><td rowspan="1">1501767382080</td><td rowspan="1">18278</td></tr><tr class="passedodd"><td><a href="#m15">addProductTwiceWithDifferentColor</a></td><td rowspan="1">1501767400429</td><td rowspan="1">17055</td></tr><tr class="passedodd"><td><a href="#m16">addProductTwiceWithDifferentSize</a></td><td rowspan="1">1501767417562</td><td rowspan="1">15762</td></tr><tr class="passedodd"><td><a href="#m17">addToCart</a></td><td rowspan="1">1501767433392</td><td rowspan="1">5422</td></tr><tr class="passedodd"><td><a href="#m18">addTwoDifferentProductsWithSameSizeAndColor</a></td><td rowspan="1">1501767438908</td><td rowspan="1">2103</td></tr><tr class="passedodd"><td><a href="#m19">checkPriceSizeAndColor</a></td><td rowspan="1">1501767441127</td><td rowspan="1">5906</td></tr><tr class="passedeven"><td rowspan="2">product_page.ProductPageTests</td><td><a href="#m20">addToCartAndCheckCartCounter</a></td><td rowspan="1">1501767338481</td><td rowspan="1">27502</td></tr><tr class="passedeven"><td><a href="#m21">addToCartAndContinueShopping</a></td><td rowspan="1">1501767366054</td><td rowspan="1">15903</td></tr><tr class="passedodd"><td rowspan="5">product_page.ProductsWithPromoTests</td><td><a href="#m22">amountPromoPopupAppearsEveryTime</a></td><td rowspan="1">1501767447170</td><td rowspan="1">8839</td></tr><tr class="passedodd"><td><a href="#m23">amountPromoValueInPopup</a></td><td rowspan="1">1501767456099</td><td rowspan="1">2016</td></tr><tr class="passedodd"><td><a href="#m24">percentPromoPopupAppearsEveryTime</a></td><td rowspan="1">1501767458208</td><td rowspan="1">7402</td></tr><tr class="passedodd"><td><a href="#m25">percentPromoValueInPopup</a></td><td rowspan="1">1501767465704</td><td rowspan="1">2437</td></tr><tr class="passedodd"><td><a href="#m26">promoPopupIsPossibleToClose</a></td><td rowspan="1">1501767468234</td><td rowspan="1">3484</td></tr><tr class="passedeven"><td rowspan="1">product_page.ValidationTests</td><td><a href="#m27">missingProductSizeValidation</a></td><td rowspan="1">1501767471808</td><td rowspan="1">2402</td></tr><tr class="passedodd"><td rowspan="7">shop.ShopPageTests</td><td><a href="#m28">checkFirstQtyOnPageSetting</a></td><td rowspan="1">1501767261050</td><td rowspan="1">3866</td></tr><tr class="passedodd"><td><a href="#m29">checkPagination</a></td><td rowspan="1">1501767264993</td><td rowspan="1">10574</td></tr><tr class="passedodd"><td><a href="#m30">checkSecondQtyOnPageSetting</a></td><td rowspan="1">1501767275655</td><td rowspan="1">4240</td></tr><tr class="passedodd"><td><a href="#m31">checkThirdQtyOnPageSetting</a></td><td rowspan="1">1501767279967</td><td rowspan="1">2658</td></tr><tr class="passedodd"><td><a href="#m32">leftSidebarSearch</a></td><td rowspan="1">1501767282708</td><td rowspan="1">5171</td></tr><tr class="passedodd"><td><a href="#m33">qtySortingSavesOnOthersPages</a></td><td rowspan="1">1501767316312</td><td rowspan="1">16330</td></tr><tr class="passedodd"><td><a href="#m34">topSearch</a></td><td rowspan="1">1501767332749</td><td rowspan="1">5629</td></tr></tbody></table><h2>Method Test Cases</h2><h3 id="m0">checkout.OrderedItemsTests#increaseItemQty</h3><table class="result"><tr><th>Exception</th></tr><tr><td><div class="stacktrace">org.openqa.selenium.NoSuchElementException: no such element: Unable to locate element: {&quot;method&quot;:&quot;id&quot;,&quot;selector&quot;:&quot;go_to_checkout&quot;}
  (Session info: chrome=59.0.3071.115)
  (Driver info: chromedriver=2.30.477700 (0057494ad8732195794a7b32078424f92a5fce41),platform=Windows NT 10.0.14393 x86_64) (WARNING: The server did not provide any stacktrace information)
Command duration or timeout: 5.05 seconds
For documentation on this error, please visit: http://seleniumhq.org/exceptions/no_such_element.html
Build info: version: &apos;2.53.1&apos;, revision: &apos;a36b8b1cd5757287168e54b817830adce9b0158d&apos;, time: &apos;2016-06-30 19:26:09&apos;
System info: host: &apos;WIN-UJSDDQRV49J&apos;, ip: &apos;192.168.10.1&apos;, os.name: &apos;Windows 10&apos;, os.arch: &apos;amd64&apos;, os.version: &apos;10.0&apos;, java.version: &apos;1.8.0_131&apos;
Driver info: org.openqa.selenium.chrome.ChromeDriver
Capabilities [{applicationCacheEnabled=false, rotatable=false, mobileEmulationEnabled=false, networkConnectionEnabled=false, chrome={chromedriverVersion=2.30.477700 (0057494ad8732195794a7b32078424f92a5fce41), userDataDir=C:\Users\User\AppData\Local\Temp\scoped_dir9472_21479}, takesHeapSnapshot=true, pageLoadStrategy=normal, databaseEnabled=false, handlesAlerts=true, hasTouchScreen=false, version=59.0.3071.115, platform=XP, browserConnectionEnabled=false, nativeEvents=true, acceptSslCerts=true, locationContextEnabled=true, webStorageEnabled=true, browserName=chrome, takesScreenshot=true, javascriptEnabled=true, cssSelectorsEnabled=true, unexpectedAlertBehaviour=}]
Session ID: f791f4afc8c014809ab6d4d1d1deba3a
*** Element info: {Using=id, value=go_to_checkout}
	at org.openqa.selenium.remote.ErrorHandler.createThrowable(ErrorHandler.java:206)
	at org.openqa.selenium.remote.ErrorHandler.throwIfResponseFailed(ErrorHandler.java:158)
	at org.openqa.selenium.remote.RemoteWebDriver.execute(RemoteWebDriver.java:678)
	at org.openqa.selenium.remote.RemoteWebDriver.findElement(RemoteWebDriver.java:363)
	at org.openqa.selenium.remote.RemoteWebDriver.findElementById(RemoteWebDriver.java:413)
	at org.openqa.selenium.By$ById.findElement(By.java:218)
	at org.openqa.selenium.remote.RemoteWebDriver.findElement(RemoteWebDriver.java:355)
	at org.openqa.selenium.support.pagefactory.DefaultElementLocator.findElement(DefaultElementLocator.java:69)
	at org.openqa.selenium.support.pagefactory.internal.LocatingElementHandler.invoke(LocatingElementHandler.java:38)
	at com.sun.proxy.$Proxy6.getTagName(Unknown Source)
	at tools.Wait.visibility(Wait.java:30)
	at pages.ProductPage.addToCartAndGoToCheckout(ProductPage.java:123)
	at checkout.OrderedItemsTests.increaseItemQty(OrderedItemsTests.java:44)
... Removed 31 stack frames</div></td></tr></table><p class="totop"><a href="#summary">back to summary</a></p><h3 id="m1">checkout.PromoCodesTests#addToCartProductWithPercentDiscount</h3><table class="result"><tr><th>Exception</th></tr><tr><td><div class="stacktrace">org.openqa.selenium.WebDriverException: unknown error: Element &lt;span onclick=&quot;changeColor(this)&quot; class=&quot;color-btn&quot; color_id=&quot;224&quot; title=&quot;Sand&quot; id=&quot;224&quot; style=&quot;background-color: #e0b86e; background-image: url(https://www.shirtee.de/media/option_image/); background-position: 50% 50%; background-repeat: no-repeat no-repeat&quot;&gt;...&lt;/span&gt; is not clickable at point (1217, 391). Other element would receive the click: &lt;div class=&quot;event-popup-placeholder&quot; style=&quot;opacity: 0.6;&quot;&gt;&lt;/div&gt;
  (Session info: chrome=59.0.3071.115)
  (Driver info: chromedriver=2.30.477700 (0057494ad8732195794a7b32078424f92a5fce41),platform=Windows NT 10.0.14393 x86_64) (WARNING: The server did not provide any stacktrace information)
Command duration or timeout: 52 milliseconds
Build info: version: &apos;2.53.1&apos;, revision: &apos;a36b8b1cd5757287168e54b817830adce9b0158d&apos;, time: &apos;2016-06-30 19:26:09&apos;
System info: host: &apos;WIN-UJSDDQRV49J&apos;, ip: &apos;192.168.10.1&apos;, os.name: &apos;Windows 10&apos;, os.arch: &apos;amd64&apos;, os.version: &apos;10.0&apos;, java.version: &apos;1.8.0_131&apos;
Driver info: org.openqa.selenium.chrome.ChromeDriver
Capabilities [{applicationCacheEnabled=false, rotatable=false, mobileEmulationEnabled=false, networkConnectionEnabled=false, chrome={chromedriverVersion=2.30.477700 (0057494ad8732195794a7b32078424f92a5fce41), userDataDir=C:\Users\User\AppData\Local\Temp\scoped_dir9472_21479}, takesHeapSnapshot=true, pageLoadStrategy=normal, databaseEnabled=false, handlesAlerts=true, hasTouchScreen=false, version=59.0.3071.115, platform=XP, browserConnectionEnabled=false, nativeEvents=true, acceptSslCerts=true, locationContextEnabled=true, webStorageEnabled=true, browserName=chrome, takesScreenshot=true, javascriptEnabled=true, cssSelectorsEnabled=true, unexpectedAlertBehaviour=}]
Session ID: f791f4afc8c014809ab6d4d1d1deba3a
	at org.openqa.selenium.remote.ErrorHandler.createThrowable(ErrorHandler.java:206)
	at org.openqa.selenium.remote.ErrorHandler.throwIfResponseFailed(ErrorHandler.java:158)
	at org.openqa.selenium.remote.RemoteWebDriver.execute(RemoteWebDriver.java:678)
	at org.openqa.selenium.remote.RemoteWebElement.execute(RemoteWebElement.java:327)
	at org.openqa.selenium.remote.RemoteWebElement.click(RemoteWebElement.java:85)
	at pages.ProductPage.setRandomColor(ProductPage.java:173)
	at checkout.PromoCodesTests.addToCartProductWithPercentDiscount(PromoCodesTests.java:25)
... Removed 32 stack frames</div></td></tr></table><p class="totop"><a href="#summary">back to summary</a></p><h3 id="m2">checkout.PromoCodesTests#increaseProductsWithAmountDiscountQty</h3><table class="result"><tr><th>Exception</th></tr><tr><td><div class="stacktrace">org.openqa.selenium.WebDriverException: unknown error: Element &lt;span onclick=&quot;changeColor(this)&quot; class=&quot;color-btn&quot; color_id=&quot;3&quot; title=&quot;White&quot; id=&quot;3&quot; style=&quot;background-color: #ffffff; background-image: url(https://www.shirtee.com/media/option_image/white.jpg); background-position: 50% 50%; background-repeat: no-repeat no-repeat&quot;&gt;...&lt;/span&gt; is not clickable at point (1120, 815). Other element would receive the click: &lt;div class=&quot;event-popup-placeholder&quot; style=&quot;opacity: 0.6;&quot;&gt;&lt;/div&gt;
  (Session info: chrome=59.0.3071.115)
  (Driver info: chromedriver=2.30.477700 (0057494ad8732195794a7b32078424f92a5fce41),platform=Windows NT 10.0.14393 x86_64) (WARNING: The server did not provide any stacktrace information)
Command duration or timeout: 57 milliseconds
Build info: version: &apos;2.53.1&apos;, revision: &apos;a36b8b1cd5757287168e54b817830adce9b0158d&apos;, time: &apos;2016-06-30 19:26:09&apos;
System info: host: &apos;WIN-UJSDDQRV49J&apos;, ip: &apos;192.168.10.1&apos;, os.name: &apos;Windows 10&apos;, os.arch: &apos;amd64&apos;, os.version: &apos;10.0&apos;, java.version: &apos;1.8.0_131&apos;
Driver info: org.openqa.selenium.chrome.ChromeDriver
Capabilities [{applicationCacheEnabled=false, rotatable=false, mobileEmulationEnabled=false, networkConnectionEnabled=false, chrome={chromedriverVersion=2.30.477700 (0057494ad8732195794a7b32078424f92a5fce41), userDataDir=C:\Users\User\AppData\Local\Temp\scoped_dir9472_21479}, takesHeapSnapshot=true, pageLoadStrategy=normal, databaseEnabled=false, handlesAlerts=true, hasTouchScreen=false, version=59.0.3071.115, platform=XP, browserConnectionEnabled=false, nativeEvents=true, acceptSslCerts=true, locationContextEnabled=true, webStorageEnabled=true, browserName=chrome, takesScreenshot=true, javascriptEnabled=true, cssSelectorsEnabled=true, unexpectedAlertBehaviour=}]
Session ID: f791f4afc8c014809ab6d4d1d1deba3a
	at org.openqa.selenium.remote.ErrorHandler.createThrowable(ErrorHandler.java:206)
	at org.openqa.selenium.remote.ErrorHandler.throwIfResponseFailed(ErrorHandler.java:158)
	at org.openqa.selenium.remote.RemoteWebDriver.execute(RemoteWebDriver.java:678)
	at org.openqa.selenium.remote.RemoteWebElement.execute(RemoteWebElement.java:327)
	at org.openqa.selenium.remote.RemoteWebElement.click(RemoteWebElement.java:85)
	at pages.ProductPage.setRandomColor(ProductPage.java:173)
	at checkout.PromoCodesTests.increaseProductsWithAmountDiscountQty(PromoCodesTests.java:75)
... Removed 32 stack frames</div></td></tr></table><p class="totop"><a href="#summary">back to summary</a></p><h3 id="m3">checkout.PromoCodesTests#increaseProductsWithPercentDiscountQty</h3><table class="result"><tr><th>Exception</th></tr><tr><td><div class="stacktrace">java.lang.AssertionError: The following asserts failed:
	Wrong discount value expected [20.66] but found [20.65],
	expected [52.7] but found [48.2]
	at checkout.PromoCodesTests.increaseProductsWithPercentDiscountQty(PromoCodesTests.java:133)
... Removed 29 stack frames</div></td></tr></table><p class="totop"><a href="#summary">back to summary</a></p><h3 id="m4">shop.ShopPageTests#priceAreEqualOnShopPageAndOnProductsPage</h3><table class="result"><tr><th>Exception</th></tr><tr><td><div class="stacktrace">org.openqa.selenium.NoSuchElementException: no such element: Unable to locate element: {&quot;method&quot;:&quot;xpath&quot;,&quot;selector&quot;:&quot;//div[@class=&quot;w-block-head&quot;]&quot;}
  (Session info: chrome=59.0.3071.115)
  (Driver info: chromedriver=2.30.477700 (0057494ad8732195794a7b32078424f92a5fce41),platform=Windows NT 10.0.14393 x86_64) (WARNING: The server did not provide any stacktrace information)
Command duration or timeout: 15.01 seconds
For documentation on this error, please visit: http://seleniumhq.org/exceptions/no_such_element.html
Build info: version: &apos;2.53.1&apos;, revision: &apos;a36b8b1cd5757287168e54b817830adce9b0158d&apos;, time: &apos;2016-06-30 19:26:09&apos;
System info: host: &apos;WIN-UJSDDQRV49J&apos;, ip: &apos;192.168.10.1&apos;, os.name: &apos;Windows 10&apos;, os.arch: &apos;amd64&apos;, os.version: &apos;10.0&apos;, java.version: &apos;1.8.0_131&apos;
Driver info: org.openqa.selenium.chrome.ChromeDriver
Capabilities [{applicationCacheEnabled=false, rotatable=false, mobileEmulationEnabled=false, networkConnectionEnabled=false, chrome={chromedriverVersion=2.30.477700 (0057494ad8732195794a7b32078424f92a5fce41), userDataDir=C:\Users\User\AppData\Local\Temp\scoped_dir9472_21479}, takesHeapSnapshot=true, pageLoadStrategy=normal, databaseEnabled=false, handlesAlerts=true, hasTouchScreen=false, version=59.0.3071.115, platform=XP, browserConnectionEnabled=false, nativeEvents=true, acceptSslCerts=true, locationContextEnabled=true, webStorageEnabled=true, browserName=chrome, takesScreenshot=true, javascriptEnabled=true, cssSelectorsEnabled=true, unexpectedAlertBehaviour=}]
Session ID: f791f4afc8c014809ab6d4d1d1deba3a
*** Element info: {Using=xpath, value=//div[@class=&quot;w-block-head&quot;]}
	at org.openqa.selenium.remote.ErrorHandler.createThrowable(ErrorHandler.java:206)
	at org.openqa.selenium.remote.ErrorHandler.throwIfResponseFailed(ErrorHandler.java:158)
	at org.openqa.selenium.remote.RemoteWebDriver.execute(RemoteWebDriver.java:678)
	at org.openqa.selenium.remote.RemoteWebDriver.findElement(RemoteWebDriver.java:363)
	at org.openqa.selenium.remote.RemoteWebDriver.findElementByXPath(RemoteWebDriver.java:500)
	at org.openqa.selenium.By$ByXPath.findElement(By.java:361)
	at org.openqa.selenium.remote.RemoteWebDriver.findElement(RemoteWebDriver.java:355)
	at org.openqa.selenium.support.pagefactory.DefaultElementLocator.findElement(DefaultElementLocator.java:69)
	at org.openqa.selenium.support.pagefactory.internal.LocatingElementHandler.invoke(LocatingElementHandler.java:38)
	at com.sun.proxy.$Proxy6.getText(Unknown Source)
	at pages.ProductPage.getProductName(ProductPage.java:88)
	at shop.ShopPageTests.priceAreEqualOnShopPageAndOnProductsPage(ShopPageTests.java:80)
... Removed 32 stack frames</div></td></tr></table><p class="totop"><a href="#summary">back to summary</a></p><h3 id="m5">checkout.CheckoutPageTests#backToStore</h3><table class="result"></table><p class="totop"><a href="#summary">back to summary</a></p><h3 id="m6">checkout.CheckoutPageTests#checkShippingPrice</h3><table class="result"></table><p class="totop"><a href="#summary">back to summary</a></p><h3 id="m7">checkout.OrderedItemsTests#addTwoProductsAndDeleteOne</h3><table class="result"></table><p class="totop"><a href="#summary">back to summary</a></p><h3 id="m8">checkout.OrderedItemsTests#decreaseItemQty</h3><table class="result"></table><p class="totop"><a href="#summary">back to summary</a></p><h3 id="m9">checkout.PromoCodesTests#addToCartProductWithAmountDiscount</h3><table class="result"></table><p class="totop"><a href="#summary">back to summary</a></p><h3 id="m10">checkout.ValidationTests#emptyEmailField</h3><table class="result"></table><p class="totop"><a href="#summary">back to summary</a></p><h3 id="m11">index.IndexPageTests#loginAndRedirectToDashboardPage</h3><table class="result"></table><p class="totop"><a href="#summary">back to summary</a></p><h3 id="m12">index.IndexPageTests#logout</h3><table class="result"></table><p class="totop"><a href="#summary">back to summary</a></p><h3 id="m13">index.IndexPageTests#searchFromIndexPage</h3><table class="result"></table><p class="totop"><a href="#summary">back to summary</a></p><h3 id="m14">product_page.AddToCartTests#addProductTwiceAndCheckQtyAndPrice</h3><table class="result"></table><p class="totop"><a href="#summary">back to summary</a></p><h3 id="m15">product_page.AddToCartTests#addProductTwiceWithDifferentColor</h3><table class="result"></table><p class="totop"><a href="#summary">back to summary</a></p><h3 id="m16">product_page.AddToCartTests#addProductTwiceWithDifferentSize</h3><table class="result"></table><p class="totop"><a href="#summary">back to summary</a></p><h3 id="m17">product_page.AddToCartTests#addToCart</h3><table class="result"></table><p class="totop"><a href="#summary">back to summary</a></p><h3 id="m18">product_page.AddToCartTests#addTwoDifferentProductsWithSameSizeAndColor</h3><table class="result"></table><p class="totop"><a href="#summary">back to summary</a></p><h3 id="m19">product_page.AddToCartTests#checkPriceSizeAndColor</h3><table class="result"></table><p class="totop"><a href="#summary">back to summary</a></p><h3 id="m20">product_page.ProductPageTests#addToCartAndCheckCartCounter</h3><table class="result"></table><p class="totop"><a href="#summary">back to summary</a></p><h3 id="m21">product_page.ProductPageTests#addToCartAndContinueShopping</h3><table class="result"></table><p class="totop"><a href="#summary">back to summary</a></p><h3 id="m22">product_page.ProductsWithPromoTests#amountPromoPopupAppearsEveryTime</h3><table class="result"></table><p class="totop"><a href="#summary">back to summary</a></p><h3 id="m23">product_page.ProductsWithPromoTests#amountPromoValueInPopup</h3><table class="result"></table><p class="totop"><a href="#summary">back to summary</a></p><h3 id="m24">product_page.ProductsWithPromoTests#percentPromoPopupAppearsEveryTime</h3><table class="result"></table><p class="totop"><a href="#summary">back to summary</a></p><h3 id="m25">product_page.ProductsWithPromoTests#percentPromoValueInPopup</h3><table class="result"></table><p class="totop"><a href="#summary">back to summary</a></p><h3 id="m26">product_page.ProductsWithPromoTests#promoPopupIsPossibleToClose</h3><table class="result"></table><p class="totop"><a href="#summary">back to summary</a></p><h3 id="m27">product_page.ValidationTests#missingProductSizeValidation</h3><table class="result"></table><p class="totop"><a href="#summary">back to summary</a></p><h3 id="m28">shop.ShopPageTests#checkFirstQtyOnPageSetting</h3><table class="result"></table><p class="totop"><a href="#summary">back to summary</a></p><h3 id="m29">shop.ShopPageTests#checkPagination</h3><table class="result"></table><p class="totop"><a href="#summary">back to summary</a></p><h3 id="m30">shop.ShopPageTests#checkSecondQtyOnPageSetting</h3><table class="result"></table><p class="totop"><a href="#summary">back to summary</a></p><h3 id="m31">shop.ShopPageTests#checkThirdQtyOnPageSetting</h3><table class="result"></table><p class="totop"><a href="#summary">back to summary</a></p><h3 id="m32">shop.ShopPageTests#leftSidebarSearch</h3><table class="result"></table><p class="totop"><a href="#summary">back to summary</a></p><h3 id="m33">shop.ShopPageTests#qtySortingSavesOnOthersPages</h3><table class="result"></table><p class="totop"><a href="#summary">back to summary</a></p><h3 id="m34">shop.ShopPageTests#topSearch</h3><table class="result"></table><p class="totop"><a href="#summary">back to summary</a></p></body></html>