<?xml version="1.0" encoding="UTF-8"?>
<testsuite xmlns:xsi="http://www.w3.org/2001/XMLSchema-instance" xsi:noNamespaceSchemaLocation="https://maven.apache.org/surefire/maven-surefire-plugin/xsd/surefire-test-report.xsd" name="TestSuite" time="384.23" tests="35" errors="0" skipped="0" failures="7">
  <properties>
    <property name="java.runtime.name" value="Java(TM) SE Runtime Environment"/>
    <property name="sun.boot.library.path" value="C:\Program Files\Java\jdk1.8.0_131\jre\bin"/>
    <property name="java.vm.version" value="25.131-b11"/>
    <property name="browser" value="chrome"/>
    <property name="java.vm.vendor" value="Oracle Corporation"/>
    <property name="maven.multiModuleProjectDirectory" value="D:/ShirteeAutoTests"/>
    <property name="java.vendor.url" value="http://java.oracle.com/"/>
    <property name="path.separator" value=";"/>
    <property name="guice.disable.misplaced.annotation.check" value="true"/>
    <property name="java.vm.name" value="Java HotSpot(TM) 64-Bit Server VM"/>
    <property name="file.encoding.pkg" value="sun.io"/>
    <property name="user.script" value=""/>
    <property name="user.country" value="RU"/>
    <property name="sun.java.launcher" value="SUN_STANDARD"/>
    <property name="sun.os.patch.level" value=""/>
    <property name="java.vm.specification.name" value="Java Virtual Machine Specification"/>
    <property name="user.dir" value="D:\ShirteeAutoTests"/>
    <property name="java.runtime.version" value="1.8.0_131-b11"/>
    <property name="java.awt.graphicsenv" value="sun.awt.Win32GraphicsEnvironment"/>
    <property name="java.endorsed.dirs" value="C:\Program Files\Java\jdk1.8.0_131\jre\lib\endorsed"/>
    <property name="os.arch" value="amd64"/>
    <property name="java.io.tmpdir" value="C:\Users\User\AppData\Local\Temp\"/>
    <property name="line.separator" value="&#10;"/>
    <property name="java.vm.specification.vendor" value="Oracle Corporation"/>
    <property name="domain" value="de"/>
    <property name="user.variant" value=""/>
    <property name="os.name" value="Windows 10"/>
    <property name="classworlds.conf" value="C:/apache-maven-3.5.0/bin/m2.conf"/>
    <property name="sun.jnu.encoding" value="Cp1251"/>
    <property name="java.library.path" value="C:\Program Files\Java\jdk1.8.0_131\bin;C:\Windows\Sun\Java\bin;C:\Windows\system32;C:\Windows;C:\Users\User\bin;C:\Program Files (x86)\Git\mingw32\bin;C:\Program Files (x86)\Git\usr\local\bin;C:\Program Files (x86)\Git\usr\bin;C:\Program Files (x86)\Git\usr\bin;C:\Program Files (x86)\Git\mingw32\bin;C:\Program Files (x86)\Git\usr\bin;C:\Users\User\bin;C:\Program Files (x86)\Skype\Phone;C:\python\Scripts;C:\python;C:\Users\User\AppData\Local\Microsoft\WindowsApps;C:\Program Files (x86)\Google\Chrome\Application;C:\Program Files (x86)\Mozilla Firefox;C:\Program Files\Java\jdk1.8.0_131\bin;C:\apache-maven-3.5.0\bin;C:\Program Files (x86)\Git\usr\bin\vendor_perl;C:\Program Files (x86)\Git\usr\bin\core_perl;."/>
    <property name="maven.conf" value="C:/apache-maven-3.5.0/conf"/>
    <property name="java.specification.name" value="Java Platform API Specification"/>
    <property name="java.class.version" value="52.0"/>
    <property name="sun.management.compiler" value="HotSpot 64-Bit Tiered Compilers"/>
    <property name="os.version" value="10.0"/>
    <property name="library.jansi.path" value="C:\apache-maven-3.5.0\lib\jansi-native\windows64"/>
    <property name="surefire.suiteXmlFiles" value="general.xml"/>
    <property name="user.home" value="C:\Users\User"/>
    <property name="user.timezone" value="Europe/Helsinki"/>
    <property name="java.awt.printerjob" value="sun.awt.windows.WPrinterJob"/>
    <property name="java.specification.version" value="1.8"/>
    <property name="file.encoding" value="Cp1251"/>
    <property name="user.name" value="User"/>
    <property name="java.class.path" value="C:/apache-maven-3.5.0/boot/plexus-classworlds-2.5.2.jar"/>
    <property name="server" value="live"/>
    <property name="isLogged" value="no"/>
    <property name="java.vm.specification.version" value="1.8"/>
    <property name="sun.arch.data.model" value="64"/>
    <property name="java.home" value="C:\Program Files\Java\jdk1.8.0_131\jre"/>
    <property name="sun.java.command" value="org.codehaus.plexus.classworlds.launcher.Launcher test -Dsurefire.suiteXmlFiles=general.xml -Dbrowser=chrome -Dserver=live -Ddomain=de -DisLogged=no"/>
    <property name="java.specification.vendor" value="Oracle Corporation"/>
    <property name="user.language" value="ru"/>
    <property name="awt.toolkit" value="sun.awt.windows.WToolkit"/>
    <property name="java.vm.info" value="mixed mode"/>
    <property name="java.version" value="1.8.0_131"/>
    <property name="java.ext.dirs" value="C:\Program Files\Java\jdk1.8.0_131\jre\lib\ext;C:\Windows\Sun\Java\lib\ext"/>
    <property name="sun.boot.class.path" value="C:\Program Files\Java\jdk1.8.0_131\jre\lib\resources.jar;C:\Program Files\Java\jdk1.8.0_131\jre\lib\rt.jar;C:\Program Files\Java\jdk1.8.0_131\jre\lib\sunrsasign.jar;C:\Program Files\Java\jdk1.8.0_131\jre\lib\jsse.jar;C:\Program Files\Java\jdk1.8.0_131\jre\lib\jce.jar;C:\Program Files\Java\jdk1.8.0_131\jre\lib\charsets.jar;C:\Program Files\Java\jdk1.8.0_131\jre\lib\jfr.jar;C:\Program Files\Java\jdk1.8.0_131\jre\classes"/>
    <property name="java.vendor" value="Oracle Corporation"/>
    <property name="maven.home" value="C:\apache-maven-3.5.0"/>
    <property name="file.separator" value="\"/>
    <property name="java.vendor.url.bug" value="http://bugreport.sun.com/bugreport/"/>
    <property name="sun.cpu.endian" value="little"/>
    <property name="sun.io.unicode.encoding" value="UnicodeLittle"/>
    <property name="sun.desktop" value="windows"/>
    <property name="sun.cpu.isalist" value="amd64"/>
  </properties>
  <testcase name="loginAndRedirectToDashboardPage" classname="index.IndexPageTests" time="13.196"/>
  <testcase name="logout" classname="index.IndexPageTests" time="8.517"/>
  <testcase name="searchFromIndexPage" classname="index.IndexPageTests" time="7.378"/>
  <testcase name="checkFirstQtyOnPageSetting" classname="shop.ShopPageTests" time="6.795"/>
  <testcase name="checkPagination" classname="shop.ShopPageTests" time="12.811"/>
  <testcase name="checkSecondQtyOnPageSetting" classname="shop.ShopPageTests" time="3.75"/>
  <testcase name="checkThirdQtyOnPageSetting" classname="shop.ShopPageTests" time="3.798"/>
  <testcase name="leftSidebarSearch" classname="shop.ShopPageTests" time="3.487"/>
  <testcase name="priceAreEqualOnShopPageAndOnProductsPage" classname="shop.ShopPageTests" time="28.533">
    <failure message="no such element: Unable to locate element: {&quot;method&quot;:&quot;xpath&quot;,&quot;selector&quot;:&quot;//div[@class=&quot;w-block-head&quot;]&quot;}&#10;  (Session info: chrome=60.0.3112.113)&#10;  (Driver info: chromedriver=2.30.477700 (0057494ad8732195794a7b32078424f92a5fce41),platform=Windows NT 10.0.14393 x86_64) (WARNING: The server did not provide any stacktrace information)&#10;Command duration or timeout: 15.01 seconds&#10;For documentation on this error, please visit: http://seleniumhq.org/exceptions/no_such_element.html&#10;Build info: version: &apos;2.53.1&apos;, revision: &apos;a36b8b1cd5757287168e54b817830adce9b0158d&apos;, time: &apos;2016-06-30 19:26:09&apos;&#10;System info: host: &apos;WIN-UJSDDQRV49J&apos;, ip: &apos;192.168.10.1&apos;, os.name: &apos;Windows 10&apos;, os.arch: &apos;amd64&apos;, os.version: &apos;10.0&apos;, java.version: &apos;1.8.0_131&apos;&#10;Driver info: org.openqa.selenium.chrome.ChromeDriver&#10;Capabilities [{applicationCacheEnabled=false, rotatable=false, mobileEmulationEnabled=false, networkConnectionEnabled=false, chrome={chromedriverVersion=2.30.477700 (0057494ad8732195794a7b32078424f92a5fce41), userDataDir=C:\Users\User\AppData\Local\Temp\scoped_dir11248_9418}, takesHeapSnapshot=true, pageLoadStrategy=normal, databaseEnabled=false, handlesAlerts=true, hasTouchScreen=false, version=60.0.3112.113, platform=XP, browserConnectionEnabled=false, nativeEvents=true, acceptSslCerts=true, locationContextEnabled=true, webStorageEnabled=true, browserName=chrome, takesScreenshot=true, javascriptEnabled=true, cssSelectorsEnabled=true, unexpectedAlertBehaviour=}]&#10;Session ID: 7e1c19b1d62de469d1dd4683ee78dc49&#10;*** Element info: {Using=xpath, value=//div[@class=&quot;w-block-head&quot;]}" type="org.openqa.selenium.NoSuchElementException">org.openqa.selenium.NoSuchElementException: 
no such element: Unable to locate element: {"method":"xpath","selector":"//div[@class="w-block-head"]"}
  (Session info: chrome=60.0.3112.113)
  (Driver info: chromedriver=2.30.477700 (0057494ad8732195794a7b32078424f92a5fce41),platform=Windows NT 10.0.14393 x86_64) (WARNING: The server did not provide any stacktrace information)
Command duration or timeout: 15.01 seconds
For documentation on this error, please visit: http://seleniumhq.org/exceptions/no_such_element.html
Build info: version: '2.53.1', revision: 'a36b8b1cd5757287168e54b817830adce9b0158d', time: '2016-06-30 19:26:09'
System info: host: 'WIN-UJSDDQRV49J', ip: '192.168.10.1', os.name: 'Windows 10', os.arch: 'amd64', os.version: '10.0', java.version: '1.8.0_131'
Driver info: org.openqa.selenium.chrome.ChromeDriver
Capabilities [{applicationCacheEnabled=false, rotatable=false, mobileEmulationEnabled=false, networkConnectionEnabled=false, chrome={chromedriverVersion=2.30.477700 (0057494ad8732195794a7b32078424f92a5fce41), userDataDir=C:\Users\User\AppData\Local\Temp\scoped_dir11248_9418}, takesHeapSnapshot=true, pageLoadStrategy=normal, databaseEnabled=false, handlesAlerts=true, hasTouchScreen=false, version=60.0.3112.113, platform=XP, browserConnectionEnabled=false, nativeEvents=true, acceptSslCerts=true, locationContextEnabled=true, webStorageEnabled=true, browserName=chrome, takesScreenshot=true, javascriptEnabled=true, cssSelectorsEnabled=true, unexpectedAlertBehaviour=}]
Session ID: 7e1c19b1d62de469d1dd4683ee78dc49
*** Element info: {Using=xpath, value=//div[@class="w-block-head"]}
	at shop.ShopPageTests.priceAreEqualOnShopPageAndOnProductsPage(ShopPageTests.java:80)
</failure>
    <system-out><![CDATA[AFTER
]]></system-out>
  </testcase>
  <testcase name="qtySortingSavesOnOthersPages" classname="shop.ShopPageTests" time="20.895"/>
  <testcase name="topSearch" classname="shop.ShopPageTests" time="2.989"/>
  <testcase name="addToCartAndCheckCartCounter" classname="product_page.ProductPageTests" time="18.171"/>
  <testcase name="addToCartAndContinueShopping" classname="product_page.ProductPageTests" time="7.624"/>
  <testcase name="addProductTwiceAndCheckQtyAndPrice" classname="product_page.AddToCartTests" time="11.361"/>
  <testcase name="addProductTwiceWithDifferentColor" classname="product_page.AddToCartTests" time="53.149">
    <failure message="no such element: Unable to locate element: {&quot;method&quot;:&quot;id&quot;,&quot;selector&quot;:&quot;go_to_checkout&quot;}&#10;  (Session info: chrome=60.0.3112.113)&#10;  (Driver info: chromedriver=2.30.477700 (0057494ad8732195794a7b32078424f92a5fce41),platform=Windows NT 10.0.14393 x86_64) (WARNING: The server did not provide any stacktrace information)&#10;Command duration or timeout: 15.03 seconds&#10;For documentation on this error, please visit: http://seleniumhq.org/exceptions/no_such_element.html&#10;Build info: version: &apos;2.53.1&apos;, revision: &apos;a36b8b1cd5757287168e54b817830adce9b0158d&apos;, time: &apos;2016-06-30 19:26:09&apos;&#10;System info: host: &apos;WIN-UJSDDQRV49J&apos;, ip: &apos;192.168.10.1&apos;, os.name: &apos;Windows 10&apos;, os.arch: &apos;amd64&apos;, os.version: &apos;10.0&apos;, java.version: &apos;1.8.0_131&apos;&#10;Driver info: org.openqa.selenium.chrome.ChromeDriver&#10;Capabilities [{applicationCacheEnabled=false, rotatable=false, mobileEmulationEnabled=false, networkConnectionEnabled=false, chrome={chromedriverVersion=2.30.477700 (0057494ad8732195794a7b32078424f92a5fce41), userDataDir=C:\Users\User\AppData\Local\Temp\scoped_dir11248_9418}, takesHeapSnapshot=true, pageLoadStrategy=normal, databaseEnabled=false, handlesAlerts=true, hasTouchScreen=false, version=60.0.3112.113, platform=XP, browserConnectionEnabled=false, nativeEvents=true, acceptSslCerts=true, locationContextEnabled=true, webStorageEnabled=true, browserName=chrome, takesScreenshot=true, javascriptEnabled=true, cssSelectorsEnabled=true, unexpectedAlertBehaviour=}]&#10;Session ID: 7e1c19b1d62de469d1dd4683ee78dc49&#10;*** Element info: {Using=id, value=go_to_checkout}" type="org.openqa.selenium.NoSuchElementException">org.openqa.selenium.NoSuchElementException: 
no such element: Unable to locate element: {"method":"id","selector":"go_to_checkout"}
  (Session info: chrome=60.0.3112.113)
  (Driver info: chromedriver=2.30.477700 (0057494ad8732195794a7b32078424f92a5fce41),platform=Windows NT 10.0.14393 x86_64) (WARNING: The server did not provide any stacktrace information)
Command duration or timeout: 15.03 seconds
For documentation on this error, please visit: http://seleniumhq.org/exceptions/no_such_element.html
Build info: version: '2.53.1', revision: 'a36b8b1cd5757287168e54b817830adce9b0158d', time: '2016-06-30 19:26:09'
System info: host: 'WIN-UJSDDQRV49J', ip: '192.168.10.1', os.name: 'Windows 10', os.arch: 'amd64', os.version: '10.0', java.version: '1.8.0_131'
Driver info: org.openqa.selenium.chrome.ChromeDriver
Capabilities [{applicationCacheEnabled=false, rotatable=false, mobileEmulationEnabled=false, networkConnectionEnabled=false, chrome={chromedriverVersion=2.30.477700 (0057494ad8732195794a7b32078424f92a5fce41), userDataDir=C:\Users\User\AppData\Local\Temp\scoped_dir11248_9418}, takesHeapSnapshot=true, pageLoadStrategy=normal, databaseEnabled=false, handlesAlerts=true, hasTouchScreen=false, version=60.0.3112.113, platform=XP, browserConnectionEnabled=false, nativeEvents=true, acceptSslCerts=true, locationContextEnabled=true, webStorageEnabled=true, browserName=chrome, takesScreenshot=true, javascriptEnabled=true, cssSelectorsEnabled=true, unexpectedAlertBehaviour=}]
Session ID: 7e1c19b1d62de469d1dd4683ee78dc49
*** Element info: {Using=id, value=go_to_checkout}
	at product_page.AddToCartTests.addProductTwiceWithDifferentColor(AddToCartTests.java:131)
</failure>
    <system-out><![CDATA[AFTER
]]></system-out>
  </testcase>
  <testcase name="addProductTwiceWithDifferentSize" classname="product_page.AddToCartTests" time="10.877"/>
  <testcase name="addToCart" classname="product_page.AddToCartTests" time="4.855"/>
  <testcase name="addTwoDifferentProductsWithSameSizeAndColor" classname="product_page.AddToCartTests" time="2.481"/>
  <testcase name="checkPriceSizeAndColor" classname="product_page.AddToCartTests" time="5.402"/>
  <testcase name="amountPromoPopupAppearsEveryTime" classname="product_page.ProductsWithPromoTests" time="6.207"/>
  <testcase name="amountPromoValueInPopup" classname="product_page.ProductsWithPromoTests" time="3.013"/>
  <testcase name="percentPromoPopupAppearsEveryTime" classname="product_page.ProductsWithPromoTests" time="63.232"/>
  <testcase name="percentPromoValueInPopup" classname="product_page.ProductsWithPromoTests" time="2.388"/>
  <testcase name="promoPopupIsPossibleToClose" classname="product_page.ProductsWithPromoTests" time="2.834"/>
  <testcase name="missingProductSizeValidation" classname="product_page.ValidationTests" time="1.802"/>
  <testcase name="backToStore" classname="checkout.CheckoutPageTests" time="5.783"/>
  <testcase name="checkShippingPrice" classname="checkout.CheckoutPageTests" time="4.484">
    <failure message="expected [4.5] but found [4.95]" type="java.lang.AssertionError">java.lang.AssertionError: expected [4.5] but found [4.95]
	at checkout.CheckoutPageTests.checkShippingPrice(CheckoutPageTests.java:26)
</failure>
    <system-out><![CDATA[AFTER
]]></system-out>
  </testcase>
  <testcase name="addToCartProductWithAmountDiscount" classname="checkout.PromoCodesTests" time="6.36">
    <failure message="The following asserts failed:&#10;	WRONG TOTAL PRICE expected [20.45] but found [20.9]" type="java.lang.AssertionError">java.lang.AssertionError: 
The following asserts failed:
	WRONG TOTAL PRICE expected [20.45] but found [20.9]
	at checkout.PromoCodesTests.addToCartProductWithAmountDiscount(PromoCodesTests.java:64)
</failure>
    <system-out><![CDATA[AFTER
]]></system-out>
  </testcase>
  <testcase name="addToCartProductWithPercentDiscount" classname="checkout.PromoCodesTests" time="6.029">
    <failure message="The following asserts failed:&#10;	WRONG TOTAL PRICE expected [20.45] but found [20.9],&#10;	WRONG TOTAL PRICE expected [20.56] but found [21.01]" type="java.lang.AssertionError">java.lang.AssertionError: 
The following asserts failed:
	WRONG TOTAL PRICE expected [20.45] but found [20.9],
	WRONG TOTAL PRICE expected [20.56] but found [21.01]
	at checkout.PromoCodesTests.addToCartProductWithPercentDiscount(PromoCodesTests.java:39)
</failure>
    <system-out><![CDATA[AFTER
]]></system-out>
  </testcase>
  <testcase name="increaseProductsWithAmountDiscountQty" classname="checkout.PromoCodesTests" time="8.088">
    <failure message="The following asserts failed:&#10;	WRONG TOTAL PRICE expected [20.45] but found [20.9],&#10;	WRONG TOTAL PRICE expected [20.56] but found [21.01],&#10;	Wrong total price expected [36.4] but found [36.85],&#10;	Wrong total price expected [52.35] but found [52.8]" type="java.lang.AssertionError">java.lang.AssertionError: 
The following asserts failed:
	WRONG TOTAL PRICE expected [20.45] but found [20.9],
	WRONG TOTAL PRICE expected [20.56] but found [21.01],
	Wrong total price expected [36.4] but found [36.85],
	Wrong total price expected [52.35] but found [52.8]
	at checkout.PromoCodesTests.increaseProductsWithAmountDiscountQty(PromoCodesTests.java:96)
</failure>
    <system-out><![CDATA[AFTER
POPUP HIDES
POPUP HIDES
]]></system-out>
  </testcase>
  <testcase name="increaseProductsWithPercentDiscountQty" classname="checkout.PromoCodesTests" time="7.889">
    <failure message="The following asserts failed:&#10;	WRONG TOTAL PRICE expected [20.45] but found [20.9],&#10;	WRONG TOTAL PRICE expected [20.56] but found [21.01],&#10;	Wrong total price expected [36.4] but found [36.85],&#10;	Wrong total price expected [52.35] but found [52.8],&#10;	expected [36.63] but found [37.08],&#10;	expected [52.69] but found [53.14]" type="java.lang.AssertionError">java.lang.AssertionError: 
The following asserts failed:
	WRONG TOTAL PRICE expected [20.45] but found [20.9],
	WRONG TOTAL PRICE expected [20.56] but found [21.01],
	Wrong total price expected [36.4] but found [36.85],
	Wrong total price expected [52.35] but found [52.8],
	expected [36.63] but found [37.08],
	expected [52.69] but found [53.14]
	at checkout.PromoCodesTests.increaseProductsWithPercentDiscountQty(PromoCodesTests.java:133)
</failure>
    <system-out><![CDATA[AFTER
POPUP HIDES
POPUP HIDES
]]></system-out>
  </testcase>
  <testcase name="addTwoProductsAndDeleteOne" classname="checkout.OrderedItemsTests" time="10.091"/>
  <testcase name="decreaseItemQty" classname="checkout.OrderedItemsTests" time="11.027"/>
  <testcase name="increaseItemQty" classname="checkout.OrderedItemsTests" time="8.375"/>
  <testcase name="emptyEmailField" classname="checkout.ValidationTests" time="4.529"/>
</testsuite>