<?xml version="1.0" encoding="UTF-8"?>
<testng-results skipped="0" failed="7" ignored="0" total="35" passed="28">
  <reporter-output>
  </reporter-output>
  <suite name="Test Suite" duration-ms="381283" started-at="2017-08-30T12:21:15Z" finished-at="2017-08-30T12:27:36Z">
    <groups>
    </groups>
    <test name="Method Test Cases" duration-ms="381283" started-at="2017-08-30T12:21:15Z" finished-at="2017-08-30T12:27:36Z">
      <class name="product_page.AddToCartTests">
        <test-method status="PASS" signature="setUp()[pri:0, instance:product_page.AddToCartTests@4a7f959b]" name="setUp" is-config="true" duration-ms="15" started-at="2017-08-30T15:23:34Z" finished-at="2017-08-30T15:23:34Z">
          <reporter-output>
          </reporter-output>
        </test-method> <!-- setUp -->
        <test-method status="PASS" signature="addProductTwiceAndCheckQtyAndPrice()[pri:0, instance:product_page.AddToCartTests@4a7f959b]" name="addProductTwiceAndCheckQtyAndPrice" duration-ms="11360" started-at="2017-08-30T15:23:34Z" finished-at="2017-08-30T15:23:45Z">
          <reporter-output>
          </reporter-output>
        </test-method> <!-- addProductTwiceAndCheckQtyAndPrice -->
        <test-method status="PASS" signature="cleanUp()[pri:0, instance:product_page.AddToCartTests@4a7f959b]" name="cleanUp" is-config="true" duration-ms="77" started-at="2017-08-30T15:23:45Z" finished-at="2017-08-30T15:23:46Z">
          <reporter-output>
          </reporter-output>
        </test-method> <!-- cleanUp -->
        <test-method status="FAIL" signature="addProductTwiceWithDifferentColor()[pri:0, instance:product_page.AddToCartTests@4a7f959b]" name="addProductTwiceWithDifferentColor" duration-ms="53146" started-at="2017-08-30T15:23:46Z" finished-at="2017-08-30T15:24:39Z">
          <exception class="org.openqa.selenium.NoSuchElementException">
            <message>
              <![CDATA[no such element: Unable to locate element: {"method":"id","selector":"go_to_checkout"}
  (Session info: chrome=60.0.3112.113)
  (Driver info: chromedriver=2.30.477700 (0057494ad8732195794a7b32078424f92a5fce41),platform=Windows NT 10.0.14393 x86_64) (WARNING: The server did not provide any stacktrace information)
Command duration or timeout: 15.03 seconds
For documentation on this error, please visit: http://seleniumhq.org/exceptions/no_such_element.html
Build info: version: '2.53.1', revision: 'a36b8b1cd5757287168e54b817830adce9b0158d', time: '2016-06-30 19:26:09'
System info: host: 'WIN-UJSDDQRV49J', ip: '192.168.10.1', os.name: 'Windows 10', os.arch: 'amd64', os.version: '10.0', java.version: '1.8.0_131'
Driver info: org.openqa.selenium.chrome.ChromeDriver
Capabilities [{applicationCacheEnabled=false, rotatable=false, mobileEmulationEnabled=false, networkConnectionEnabled=false, chrome={chromedriverVersion=2.30.477700 (0057494ad8732195794a7b32078424f92a5fce41), userDataDir=C:\Users\User\AppData\Local\Temp\scoped_dir11248_9418}, takesHeapSnapshot=true, pageLoadStrategy=normal, databaseEnabled=false, handlesAlerts=true, hasTouchScreen=false, version=60.0.3112.113, platform=XP, browserConnectionEnabled=false, nativeEvents=true, acceptSslCerts=true, locationContextEnabled=true, webStorageEnabled=true, browserName=chrome, takesScreenshot=true, javascriptEnabled=true, cssSelectorsEnabled=true, unexpectedAlertBehaviour=}]
Session ID: 7e1c19b1d62de469d1dd4683ee78dc49
*** Element info: {Using=id, value=go_to_checkout}]]>
            </message>
            <full-stacktrace>
              <![CDATA[org.openqa.selenium.NoSuchElementException: no such element: Unable to locate element: {"method":"id","selector":"go_to_checkout"}
  (Session info: chrome=60.0.3112.113)
  (Driver info: chromedriver=2.30.477700 (0057494ad8732195794a7b32078424f92a5fce41),platform=Windows NT 10.0.14393 x86_64) (WARNING: The server did not provide any stacktrace information)
Command duration or timeout: 15.03 seconds
For documentation on this error, please visit: http://seleniumhq.org/exceptions/no_such_element.html
Build info: version: '2.53.1', revision: 'a36b8b1cd5757287168e54b817830adce9b0158d', time: '2016-06-30 19:26:09'
System info: host: 'WIN-UJSDDQRV49J', ip: '192.168.10.1', os.name: 'Windows 10', os.arch: 'amd64', os.version: '10.0', java.version: '1.8.0_131'
Driver info: org.openqa.selenium.chrome.ChromeDriver
Capabilities [{applicationCacheEnabled=false, rotatable=false, mobileEmulationEnabled=false, networkConnectionEnabled=false, chrome={chromedriverVersion=2.30.477700 (0057494ad8732195794a7b32078424f92a5fce41), userDataDir=C:\Users\User\AppData\Local\Temp\scoped_dir11248_9418}, takesHeapSnapshot=true, pageLoadStrategy=normal, databaseEnabled=false, handlesAlerts=true, hasTouchScreen=false, version=60.0.3112.113, platform=XP, browserConnectionEnabled=false, nativeEvents=true, acceptSslCerts=true, locationContextEnabled=true, webStorageEnabled=true, browserName=chrome, takesScreenshot=true, javascriptEnabled=true, cssSelectorsEnabled=true, unexpectedAlertBehaviour=}]
Session ID: 7e1c19b1d62de469d1dd4683ee78dc49
*** Element info: {Using=id, value=go_to_checkout}
	at sun.reflect.NativeConstructorAccessorImpl.newInstance0(Native Method)
	at sun.reflect.NativeConstructorAccessorImpl.newInstance(NativeConstructorAccessorImpl.java:62)
	at sun.reflect.DelegatingConstructorAccessorImpl.newInstance(DelegatingConstructorAccessorImpl.java:45)
	at java.lang.reflect.Constructor.newInstance(Constructor.java:423)
	at org.openqa.selenium.remote.ErrorHandler.createThrowable(ErrorHandler.java:206)
	at org.openqa.selenium.remote.ErrorHandler.throwIfResponseFailed(ErrorHandler.java:158)
	at org.openqa.selenium.remote.RemoteWebDriver.execute(RemoteWebDriver.java:678)
	at org.openqa.selenium.remote.RemoteWebDriver.findElement(RemoteWebDriver.java:363)
	at org.openqa.selenium.remote.RemoteWebDriver.findElementById(RemoteWebDriver.java:413)
	at org.openqa.selenium.By$ById.findElement(By.java:218)
	at org.openqa.selenium.remote.RemoteWebDriver.findElement(RemoteWebDriver.java:355)
	at org.openqa.selenium.support.pagefactory.DefaultElementLocator.findElement(DefaultElementLocator.java:69)
	at org.openqa.selenium.support.pagefactory.internal.LocatingElementHandler.invoke(LocatingElementHandler.java:38)
	at com.sun.proxy.$Proxy6.getTagName(Unknown Source)
	at tools.Wait.visibility(Wait.java:30)
	at pages.ProductPage.addToCartAndGoToCheckout(ProductPage.java:128)
	at product_page.AddToCartTests.addProductTwiceWithDifferentColor(AddToCartTests.java:131)
	at sun.reflect.NativeMethodAccessorImpl.invoke0(Native Method)
	at sun.reflect.NativeMethodAccessorImpl.invoke(NativeMethodAccessorImpl.java:62)
	at sun.reflect.DelegatingMethodAccessorImpl.invoke(DelegatingMethodAccessorImpl.java:43)
	at java.lang.reflect.Method.invoke(Method.java:498)
	at org.testng.internal.MethodInvocationHelper.invokeMethod(MethodInvocationHelper.java:108)
	at org.testng.internal.Invoker.invokeMethod(Invoker.java:661)
	at org.testng.internal.Invoker.invokeTestMethod(Invoker.java:869)
	at org.testng.internal.Invoker.invokeTestMethods(Invoker.java:1193)
	at org.testng.internal.TestMethodWorker.invokeTestMethods(TestMethodWorker.java:126)
	at org.testng.internal.TestMethodWorker.run(TestMethodWorker.java:109)
	at org.testng.TestRunner.privateRun(TestRunner.java:744)
	at org.testng.TestRunner.run(TestRunner.java:602)
	at org.testng.SuiteRunner.runTest(SuiteRunner.java:380)
	at org.testng.SuiteRunner.runSequentially(SuiteRunner.java:375)
	at org.testng.SuiteRunner.privateRun(SuiteRunner.java:340)
	at org.testng.SuiteRunner.run(SuiteRunner.java:289)
	at org.testng.SuiteRunnerWorker.runSuite(SuiteRunnerWorker.java:52)
	at org.testng.SuiteRunnerWorker.run(SuiteRunnerWorker.java:86)
	at org.testng.TestNG.runSuitesSequentially(TestNG.java:1301)
	at org.testng.TestNG.runSuitesLocally(TestNG.java:1226)
	at org.testng.TestNG.runSuites(TestNG.java:1144)
	at org.testng.TestNG.run(TestNG.java:1115)
	at org.apache.maven.surefire.testng.TestNGExecutor.run(TestNGExecutor.java:283)
	at org.apache.maven.surefire.testng.TestNGXmlTestSuite.execute(TestNGXmlTestSuite.java:75)
	at org.apache.maven.surefire.testng.TestNGProvider.invoke(TestNGProvider.java:120)
	at org.apache.maven.surefire.booter.ForkedBooter.invokeProviderInSameClassLoader(ForkedBooter.java:386)
	at org.apache.maven.surefire.booter.ForkedBooter.runSuitesInProcess(ForkedBooter.java:323)
	at org.apache.maven.surefire.booter.ForkedBooter.main(ForkedBooter.java:143)
]]>
            </full-stacktrace>
          </exception> <!-- org.openqa.selenium.NoSuchElementException -->
          <reporter-output>
          </reporter-output>
        </test-method> <!-- addProductTwiceWithDifferentColor -->
        <test-method status="PASS" signature="cleanUp()[pri:0, instance:product_page.AddToCartTests@4a7f959b]" name="cleanUp" is-config="true" duration-ms="76" started-at="2017-08-30T15:24:39Z" finished-at="2017-08-30T15:24:39Z">
          <reporter-output>
          </reporter-output>
        </test-method> <!-- cleanUp -->
        <test-method status="PASS" signature="addProductTwiceWithDifferentSize()[pri:0, instance:product_page.AddToCartTests@4a7f959b]" name="addProductTwiceWithDifferentSize" duration-ms="10877" started-at="2017-08-30T15:24:39Z" finished-at="2017-08-30T15:24:50Z">
          <reporter-output>
          </reporter-output>
        </test-method> <!-- addProductTwiceWithDifferentSize -->
        <test-method status="PASS" signature="cleanUp()[pri:0, instance:product_page.AddToCartTests@4a7f959b]" name="cleanUp" is-config="true" duration-ms="92" started-at="2017-08-30T15:24:50Z" finished-at="2017-08-30T15:24:50Z">
          <reporter-output>
          </reporter-output>
        </test-method> <!-- cleanUp -->
        <test-method status="PASS" signature="addToCart()[pri:0, instance:product_page.AddToCartTests@4a7f959b]" name="addToCart" duration-ms="4856" started-at="2017-08-30T15:24:50Z" finished-at="2017-08-30T15:24:55Z">
          <reporter-output>
          </reporter-output>
        </test-method> <!-- addToCart -->
        <test-method status="PASS" signature="cleanUp()[pri:0, instance:product_page.AddToCartTests@4a7f959b]" name="cleanUp" is-config="true" duration-ms="88" started-at="2017-08-30T15:24:55Z" finished-at="2017-08-30T15:24:55Z">
          <reporter-output>
          </reporter-output>
        </test-method> <!-- cleanUp -->
        <test-method status="PASS" signature="addTwoDifferentProductsWithSameSizeAndColor()[pri:0, instance:product_page.AddToCartTests@4a7f959b]" name="addTwoDifferentProductsWithSameSizeAndColor" duration-ms="2481" started-at="2017-08-30T15:24:55Z" finished-at="2017-08-30T15:24:57Z">
          <reporter-output>
          </reporter-output>
        </test-method> <!-- addTwoDifferentProductsWithSameSizeAndColor -->
        <test-method status="PASS" signature="cleanUp()[pri:0, instance:product_page.AddToCartTests@4a7f959b]" name="cleanUp" is-config="true" duration-ms="83" started-at="2017-08-30T15:24:57Z" finished-at="2017-08-30T15:24:57Z">
          <reporter-output>
          </reporter-output>
        </test-method> <!-- cleanUp -->
        <test-method status="PASS" signature="checkPriceSizeAndColor()[pri:0, instance:product_page.AddToCartTests@4a7f959b]" name="checkPriceSizeAndColor" duration-ms="5402" started-at="2017-08-30T15:24:57Z" finished-at="2017-08-30T15:25:03Z">
          <reporter-output>
          </reporter-output>
        </test-method> <!-- checkPriceSizeAndColor -->
        <test-method status="PASS" signature="cleanUp()[pri:0, instance:product_page.AddToCartTests@4a7f959b]" name="cleanUp" is-config="true" duration-ms="85" started-at="2017-08-30T15:25:03Z" finished-at="2017-08-30T15:25:03Z">
          <reporter-output>
          </reporter-output>
        </test-method> <!-- cleanUp -->
        <test-method status="PASS" signature="tearDown()[pri:0, instance:product_page.AddToCartTests@4a7f959b]" name="tearDown" is-config="true" duration-ms="1" started-at="2017-08-30T15:25:03Z" finished-at="2017-08-30T15:25:03Z">
          <reporter-output>
          </reporter-output>
        </test-method> <!-- tearDown -->
      </class> <!-- product_page.AddToCartTests -->
      <class name="product_page.ProductPageTests">
        <test-method status="PASS" signature="setUp()[pri:0, instance:product_page.ProductPageTests@3e84448c]" name="setUp" is-config="true" duration-ms="6" started-at="2017-08-30T15:23:08Z" finished-at="2017-08-30T15:23:08Z">
          <reporter-output>
          </reporter-output>
        </test-method> <!-- setUp -->
        <test-method status="PASS" signature="addToCartAndCheckCartCounter()[pri:0, instance:product_page.ProductPageTests@3e84448c]" name="addToCartAndCheckCartCounter" duration-ms="18170" started-at="2017-08-30T15:23:08Z" finished-at="2017-08-30T15:23:26Z">
          <reporter-output>
          </reporter-output>
        </test-method> <!-- addToCartAndCheckCartCounter -->
        <test-method status="PASS" signature="cleanUp()[pri:0, instance:product_page.ProductPageTests@3e84448c]" name="cleanUp" is-config="true" duration-ms="79" started-at="2017-08-30T15:23:26Z" finished-at="2017-08-30T15:23:26Z">
          <reporter-output>
          </reporter-output>
        </test-method> <!-- cleanUp -->
        <test-method status="PASS" signature="addToCartAndContinueShopping()[pri:0, instance:product_page.ProductPageTests@3e84448c]" name="addToCartAndContinueShopping" duration-ms="7624" started-at="2017-08-30T15:23:26Z" finished-at="2017-08-30T15:23:34Z">
          <reporter-output>
          </reporter-output>
        </test-method> <!-- addToCartAndContinueShopping -->
        <test-method status="PASS" signature="cleanUp()[pri:0, instance:product_page.ProductPageTests@3e84448c]" name="cleanUp" is-config="true" duration-ms="91" started-at="2017-08-30T15:23:34Z" finished-at="2017-08-30T15:23:34Z">
          <reporter-output>
          </reporter-output>
        </test-method> <!-- cleanUp -->
        <test-method status="PASS" signature="tearDown()[pri:0, instance:product_page.ProductPageTests@3e84448c]" name="tearDown" is-config="true" duration-ms="0" started-at="2017-08-30T15:23:34Z" finished-at="2017-08-30T15:23:34Z">
          <reporter-output>
          </reporter-output>
        </test-method> <!-- tearDown -->
      </class> <!-- product_page.ProductPageTests -->
      <class name="checkout.PromoCodesTests">
        <test-method status="PASS" signature="setUp()[pri:0, instance:checkout.PromoCodesTests@7e5afaa6]" name="setUp" is-config="true" duration-ms="5" started-at="2017-08-30T15:26:33Z" finished-at="2017-08-30T15:26:33Z">
          <reporter-output>
          </reporter-output>
        </test-method> <!-- setUp -->
        <test-method status="FAIL" signature="addToCartProductWithAmountDiscount()[pri:0, instance:checkout.PromoCodesTests@7e5afaa6]" name="addToCartProductWithAmountDiscount" duration-ms="6360" started-at="2017-08-30T15:26:33Z" finished-at="2017-08-30T15:26:40Z">
          <exception class="java.lang.AssertionError">
            <message>
              <![CDATA[The following asserts failed:
	WRONG TOTAL PRICE expected [20.45] but found [20.9]]]>
            </message>
            <full-stacktrace>
              <![CDATA[java.lang.AssertionError: The following asserts failed:
	WRONG TOTAL PRICE expected [20.45] but found [20.9]
	at org.testng.asserts.SoftAssert.assertAll(SoftAssert.java:43)
	at checkout.PromoCodesTests.addToCartProductWithAmountDiscount(PromoCodesTests.java:64)
	at sun.reflect.NativeMethodAccessorImpl.invoke0(Native Method)
	at sun.reflect.NativeMethodAccessorImpl.invoke(NativeMethodAccessorImpl.java:62)
	at sun.reflect.DelegatingMethodAccessorImpl.invoke(DelegatingMethodAccessorImpl.java:43)
	at java.lang.reflect.Method.invoke(Method.java:498)
	at org.testng.internal.MethodInvocationHelper.invokeMethod(MethodInvocationHelper.java:108)
	at org.testng.internal.Invoker.invokeMethod(Invoker.java:661)
	at org.testng.internal.Invoker.invokeTestMethod(Invoker.java:869)
	at org.testng.internal.Invoker.invokeTestMethods(Invoker.java:1193)
	at org.testng.internal.TestMethodWorker.invokeTestMethods(TestMethodWorker.java:126)
	at org.testng.internal.TestMethodWorker.run(TestMethodWorker.java:109)
	at org.testng.TestRunner.privateRun(TestRunner.java:744)
	at org.testng.TestRunner.run(TestRunner.java:602)
	at org.testng.SuiteRunner.runTest(SuiteRunner.java:380)
	at org.testng.SuiteRunner.runSequentially(SuiteRunner.java:375)
	at org.testng.SuiteRunner.privateRun(SuiteRunner.java:340)
	at org.testng.SuiteRunner.run(SuiteRunner.java:289)
	at org.testng.SuiteRunnerWorker.runSuite(SuiteRunnerWorker.java:52)
	at org.testng.SuiteRunnerWorker.run(SuiteRunnerWorker.java:86)
	at org.testng.TestNG.runSuitesSequentially(TestNG.java:1301)
	at org.testng.TestNG.runSuitesLocally(TestNG.java:1226)
	at org.testng.TestNG.runSuites(TestNG.java:1144)
	at org.testng.TestNG.run(TestNG.java:1115)
	at org.apache.maven.surefire.testng.TestNGExecutor.run(TestNGExecutor.java:283)
	at org.apache.maven.surefire.testng.TestNGXmlTestSuite.execute(TestNGXmlTestSuite.java:75)
	at org.apache.maven.surefire.testng.TestNGProvider.invoke(TestNGProvider.java:120)
	at org.apache.maven.surefire.booter.ForkedBooter.invokeProviderInSameClassLoader(ForkedBooter.java:386)
	at org.apache.maven.surefire.booter.ForkedBooter.runSuitesInProcess(ForkedBooter.java:323)
	at org.apache.maven.surefire.booter.ForkedBooter.main(ForkedBooter.java:143)
]]>
            </full-stacktrace>
          </exception> <!-- java.lang.AssertionError -->
          <reporter-output>
          </reporter-output>
        </test-method> <!-- addToCartProductWithAmountDiscount -->
        <test-method status="PASS" signature="cleanUp()[pri:0, instance:checkout.PromoCodesTests@7e5afaa6]" name="cleanUp" is-config="true" duration-ms="74" started-at="2017-08-30T15:26:40Z" finished-at="2017-08-30T15:26:40Z">
          <reporter-output>
          </reporter-output>
        </test-method> <!-- cleanUp -->
        <test-method status="FAIL" signature="addToCartProductWithPercentDiscount()[pri:0, instance:checkout.PromoCodesTests@7e5afaa6]" name="addToCartProductWithPercentDiscount" duration-ms="6028" started-at="2017-08-30T15:26:40Z" finished-at="2017-08-30T15:26:46Z">
          <exception class="java.lang.AssertionError">
            <message>
              <![CDATA[The following asserts failed:
	WRONG TOTAL PRICE expected [20.45] but found [20.9],
	WRONG TOTAL PRICE expected [20.56] but found [21.01]]]>
            </message>
            <full-stacktrace>
              <![CDATA[java.lang.AssertionError: The following asserts failed:
	WRONG TOTAL PRICE expected [20.45] but found [20.9],
	WRONG TOTAL PRICE expected [20.56] but found [21.01]
	at org.testng.asserts.SoftAssert.assertAll(SoftAssert.java:43)
	at checkout.PromoCodesTests.addToCartProductWithPercentDiscount(PromoCodesTests.java:39)
	at sun.reflect.NativeMethodAccessorImpl.invoke0(Native Method)
	at sun.reflect.NativeMethodAccessorImpl.invoke(NativeMethodAccessorImpl.java:62)
	at sun.reflect.DelegatingMethodAccessorImpl.invoke(DelegatingMethodAccessorImpl.java:43)
	at java.lang.reflect.Method.invoke(Method.java:498)
	at org.testng.internal.MethodInvocationHelper.invokeMethod(MethodInvocationHelper.java:108)
	at org.testng.internal.Invoker.invokeMethod(Invoker.java:661)
	at org.testng.internal.Invoker.invokeTestMethod(Invoker.java:869)
	at org.testng.internal.Invoker.invokeTestMethods(Invoker.java:1193)
	at org.testng.internal.TestMethodWorker.invokeTestMethods(TestMethodWorker.java:126)
	at org.testng.internal.TestMethodWorker.run(TestMethodWorker.java:109)
	at org.testng.TestRunner.privateRun(TestRunner.java:744)
	at org.testng.TestRunner.run(TestRunner.java:602)
	at org.testng.SuiteRunner.runTest(SuiteRunner.java:380)
	at org.testng.SuiteRunner.runSequentially(SuiteRunner.java:375)
	at org.testng.SuiteRunner.privateRun(SuiteRunner.java:340)
	at org.testng.SuiteRunner.run(SuiteRunner.java:289)
	at org.testng.SuiteRunnerWorker.runSuite(SuiteRunnerWorker.java:52)
	at org.testng.SuiteRunnerWorker.run(SuiteRunnerWorker.java:86)
	at org.testng.TestNG.runSuitesSequentially(TestNG.java:1301)
	at org.testng.TestNG.runSuitesLocally(TestNG.java:1226)
	at org.testng.TestNG.runSuites(TestNG.java:1144)
	at org.testng.TestNG.run(TestNG.java:1115)
	at org.apache.maven.surefire.testng.TestNGExecutor.run(TestNGExecutor.java:283)
	at org.apache.maven.surefire.testng.TestNGXmlTestSuite.execute(TestNGXmlTestSuite.java:75)
	at org.apache.maven.surefire.testng.TestNGProvider.invoke(TestNGProvider.java:120)
	at org.apache.maven.surefire.booter.ForkedBooter.invokeProviderInSameClassLoader(ForkedBooter.java:386)
	at org.apache.maven.surefire.booter.ForkedBooter.runSuitesInProcess(ForkedBooter.java:323)
	at org.apache.maven.surefire.booter.ForkedBooter.main(ForkedBooter.java:143)
]]>
            </full-stacktrace>
          </exception> <!-- java.lang.AssertionError -->
          <reporter-output>
          </reporter-output>
        </test-method> <!-- addToCartProductWithPercentDiscount -->
        <test-method status="PASS" signature="cleanUp()[pri:0, instance:checkout.PromoCodesTests@7e5afaa6]" name="cleanUp" is-config="true" duration-ms="71" started-at="2017-08-30T15:26:46Z" finished-at="2017-08-30T15:26:46Z">
          <reporter-output>
          </reporter-output>
        </test-method> <!-- cleanUp -->
        <test-method status="FAIL" signature="increaseProductsWithAmountDiscountQty()[pri:0, instance:checkout.PromoCodesTests@7e5afaa6]" name="increaseProductsWithAmountDiscountQty" duration-ms="8088" started-at="2017-08-30T15:26:46Z" finished-at="2017-08-30T15:26:54Z">
          <exception class="java.lang.AssertionError">
            <message>
              <![CDATA[The following asserts failed:
	WRONG TOTAL PRICE expected [20.45] but found [20.9],
	WRONG TOTAL PRICE expected [20.56] but found [21.01],
	Wrong total price expected [36.4] but found [36.85],
	Wrong total price expected [52.35] but found [52.8]]]>
            </message>
            <full-stacktrace>
              <![CDATA[java.lang.AssertionError: The following asserts failed:
	WRONG TOTAL PRICE expected [20.45] but found [20.9],
	WRONG TOTAL PRICE expected [20.56] but found [21.01],
	Wrong total price expected [36.4] but found [36.85],
	Wrong total price expected [52.35] but found [52.8]
	at org.testng.asserts.SoftAssert.assertAll(SoftAssert.java:43)
	at checkout.PromoCodesTests.increaseProductsWithAmountDiscountQty(PromoCodesTests.java:96)
	at sun.reflect.NativeMethodAccessorImpl.invoke0(Native Method)
	at sun.reflect.NativeMethodAccessorImpl.invoke(NativeMethodAccessorImpl.java:62)
	at sun.reflect.DelegatingMethodAccessorImpl.invoke(DelegatingMethodAccessorImpl.java:43)
	at java.lang.reflect.Method.invoke(Method.java:498)
	at org.testng.internal.MethodInvocationHelper.invokeMethod(MethodInvocationHelper.java:108)
	at org.testng.internal.Invoker.invokeMethod(Invoker.java:661)
	at org.testng.internal.Invoker.invokeTestMethod(Invoker.java:869)
	at org.testng.internal.Invoker.invokeTestMethods(Invoker.java:1193)
	at org.testng.internal.TestMethodWorker.invokeTestMethods(TestMethodWorker.java:126)
	at org.testng.internal.TestMethodWorker.run(TestMethodWorker.java:109)
	at org.testng.TestRunner.privateRun(TestRunner.java:744)
	at org.testng.TestRunner.run(TestRunner.java:602)
	at org.testng.SuiteRunner.runTest(SuiteRunner.java:380)
	at org.testng.SuiteRunner.runSequentially(SuiteRunner.java:375)
	at org.testng.SuiteRunner.privateRun(SuiteRunner.java:340)
	at org.testng.SuiteRunner.run(SuiteRunner.java:289)
	at org.testng.SuiteRunnerWorker.runSuite(SuiteRunnerWorker.java:52)
	at org.testng.SuiteRunnerWorker.run(SuiteRunnerWorker.java:86)
	at org.testng.TestNG.runSuitesSequentially(TestNG.java:1301)
	at org.testng.TestNG.runSuitesLocally(TestNG.java:1226)
	at org.testng.TestNG.runSuites(TestNG.java:1144)
	at org.testng.TestNG.run(TestNG.java:1115)
	at org.apache.maven.surefire.testng.TestNGExecutor.run(TestNGExecutor.java:283)
	at org.apache.maven.surefire.testng.TestNGXmlTestSuite.execute(TestNGXmlTestSuite.java:75)
	at org.apache.maven.surefire.testng.TestNGProvider.invoke(TestNGProvider.java:120)
	at org.apache.maven.surefire.booter.ForkedBooter.invokeProviderInSameClassLoader(ForkedBooter.java:386)
	at org.apache.maven.surefire.booter.ForkedBooter.runSuitesInProcess(ForkedBooter.java:323)
	at org.apache.maven.surefire.booter.ForkedBooter.main(ForkedBooter.java:143)
]]>
            </full-stacktrace>
          </exception> <!-- java.lang.AssertionError -->
          <reporter-output>
          </reporter-output>
        </test-method> <!-- increaseProductsWithAmountDiscountQty -->
        <test-method status="PASS" signature="cleanUp()[pri:0, instance:checkout.PromoCodesTests@7e5afaa6]" name="cleanUp" is-config="true" duration-ms="74" started-at="2017-08-30T15:26:54Z" finished-at="2017-08-30T15:26:54Z">
          <reporter-output>
          </reporter-output>
        </test-method> <!-- cleanUp -->
        <test-method status="FAIL" signature="increaseProductsWithPercentDiscountQty()[pri:0, instance:checkout.PromoCodesTests@7e5afaa6]" name="increaseProductsWithPercentDiscountQty" duration-ms="7888" started-at="2017-08-30T15:26:54Z" finished-at="2017-08-30T15:27:02Z">
          <exception class="java.lang.AssertionError">
            <message>
              <![CDATA[The following asserts failed:
	WRONG TOTAL PRICE expected [20.45] but found [20.9],
	WRONG TOTAL PRICE expected [20.56] but found [21.01],
	Wrong total price expected [36.4] but found [36.85],
	Wrong total price expected [52.35] but found [52.8],
	expected [36.63] but found [37.08],
	expected [52.69] but found [53.14]]]>
            </message>
            <full-stacktrace>
              <![CDATA[java.lang.AssertionError: The following asserts failed:
	WRONG TOTAL PRICE expected [20.45] but found [20.9],
	WRONG TOTAL PRICE expected [20.56] but found [21.01],
	Wrong total price expected [36.4] but found [36.85],
	Wrong total price expected [52.35] but found [52.8],
	expected [36.63] but found [37.08],
	expected [52.69] but found [53.14]
	at org.testng.asserts.SoftAssert.assertAll(SoftAssert.java:43)
	at checkout.PromoCodesTests.increaseProductsWithPercentDiscountQty(PromoCodesTests.java:133)
	at sun.reflect.NativeMethodAccessorImpl.invoke0(Native Method)
	at sun.reflect.NativeMethodAccessorImpl.invoke(NativeMethodAccessorImpl.java:62)
	at sun.reflect.DelegatingMethodAccessorImpl.invoke(DelegatingMethodAccessorImpl.java:43)
	at java.lang.reflect.Method.invoke(Method.java:498)
	at org.testng.internal.MethodInvocationHelper.invokeMethod(MethodInvocationHelper.java:108)
	at org.testng.internal.Invoker.invokeMethod(Invoker.java:661)
	at org.testng.internal.Invoker.invokeTestMethod(Invoker.java:869)
	at org.testng.internal.Invoker.invokeTestMethods(Invoker.java:1193)
	at org.testng.internal.TestMethodWorker.invokeTestMethods(TestMethodWorker.java:126)
	at org.testng.internal.TestMethodWorker.run(TestMethodWorker.java:109)
	at org.testng.TestRunner.privateRun(TestRunner.java:744)
	at org.testng.TestRunner.run(TestRunner.java:602)
	at org.testng.SuiteRunner.runTest(SuiteRunner.java:380)
	at org.testng.SuiteRunner.runSequentially(SuiteRunner.java:375)
	at org.testng.SuiteRunner.privateRun(SuiteRunner.java:340)
	at org.testng.SuiteRunner.run(SuiteRunner.java:289)
	at org.testng.SuiteRunnerWorker.runSuite(SuiteRunnerWorker.java:52)
	at org.testng.SuiteRunnerWorker.run(SuiteRunnerWorker.java:86)
	at org.testng.TestNG.runSuitesSequentially(TestNG.java:1301)
	at org.testng.TestNG.runSuitesLocally(TestNG.java:1226)
	at org.testng.TestNG.runSuites(TestNG.java:1144)
	at org.testng.TestNG.run(TestNG.java:1115)
	at org.apache.maven.surefire.testng.TestNGExecutor.run(TestNGExecutor.java:283)
	at org.apache.maven.surefire.testng.TestNGXmlTestSuite.execute(TestNGXmlTestSuite.java:75)
	at org.apache.maven.surefire.testng.TestNGProvider.invoke(TestNGProvider.java:120)
	at org.apache.maven.surefire.booter.ForkedBooter.invokeProviderInSameClassLoader(ForkedBooter.java:386)
	at org.apache.maven.surefire.booter.ForkedBooter.runSuitesInProcess(ForkedBooter.java:323)
	at org.apache.maven.surefire.booter.ForkedBooter.main(ForkedBooter.java:143)
]]>
            </full-stacktrace>
          </exception> <!-- java.lang.AssertionError -->
          <reporter-output>
          </reporter-output>
        </test-method> <!-- increaseProductsWithPercentDiscountQty -->
        <test-method status="PASS" signature="cleanUp()[pri:0, instance:checkout.PromoCodesTests@7e5afaa6]" name="cleanUp" is-config="true" duration-ms="68" started-at="2017-08-30T15:27:02Z" finished-at="2017-08-30T15:27:02Z">
          <reporter-output>
          </reporter-output>
        </test-method> <!-- cleanUp -->
        <test-method status="PASS" signature="tearDown()[pri:0, instance:checkout.PromoCodesTests@7e5afaa6]" name="tearDown" is-config="true" duration-ms="0" started-at="2017-08-30T15:27:02Z" finished-at="2017-08-30T15:27:02Z">
          <reporter-output>
          </reporter-output>
        </test-method> <!-- tearDown -->
      </class> <!-- checkout.PromoCodesTests -->
      <class name="product_page.ProductsWithPromoTests">
        <test-method status="PASS" signature="setUp()[pri:0, instance:product_page.ProductsWithPromoTests@429bffaa]" name="setUp" is-config="true" duration-ms="7" started-at="2017-08-30T15:25:03Z" finished-at="2017-08-30T15:25:03Z">
          <reporter-output>
          </reporter-output>
        </test-method> <!-- setUp -->
        <test-method status="PASS" signature="amountPromoPopupAppearsEveryTime()[pri:0, instance:product_page.ProductsWithPromoTests@429bffaa]" name="amountPromoPopupAppearsEveryTime" duration-ms="6207" started-at="2017-08-30T15:25:03Z" finished-at="2017-08-30T15:25:09Z">
          <reporter-output>
          </reporter-output>
        </test-method> <!-- amountPromoPopupAppearsEveryTime -->
        <test-method status="PASS" signature="cleanUp()[pri:0, instance:product_page.ProductsWithPromoTests@429bffaa]" name="cleanUp" is-config="true" duration-ms="85" started-at="2017-08-30T15:25:09Z" finished-at="2017-08-30T15:25:09Z">
          <reporter-output>
          </reporter-output>
        </test-method> <!-- cleanUp -->
        <test-method status="PASS" signature="amountPromoValueInPopup()[pri:0, instance:product_page.ProductsWithPromoTests@429bffaa]" name="amountPromoValueInPopup" duration-ms="3013" started-at="2017-08-30T15:25:09Z" finished-at="2017-08-30T15:25:12Z">
          <reporter-output>
          </reporter-output>
        </test-method> <!-- amountPromoValueInPopup -->
        <test-method status="PASS" signature="cleanUp()[pri:0, instance:product_page.ProductsWithPromoTests@429bffaa]" name="cleanUp" is-config="true" duration-ms="73" started-at="2017-08-30T15:25:12Z" finished-at="2017-08-30T15:25:12Z">
          <reporter-output>
          </reporter-output>
        </test-method> <!-- cleanUp -->
        <test-method status="PASS" signature="percentPromoPopupAppearsEveryTime()[pri:0, instance:product_page.ProductsWithPromoTests@429bffaa]" name="percentPromoPopupAppearsEveryTime" duration-ms="63232" started-at="2017-08-30T15:25:12Z" finished-at="2017-08-30T15:26:15Z">
          <reporter-output>
          </reporter-output>
        </test-method> <!-- percentPromoPopupAppearsEveryTime -->
        <test-method status="PASS" signature="cleanUp()[pri:0, instance:product_page.ProductsWithPromoTests@429bffaa]" name="cleanUp" is-config="true" duration-ms="84" started-at="2017-08-30T15:26:15Z" finished-at="2017-08-30T15:26:15Z">
          <reporter-output>
          </reporter-output>
        </test-method> <!-- cleanUp -->
        <test-method status="PASS" signature="percentPromoValueInPopup()[pri:0, instance:product_page.ProductsWithPromoTests@429bffaa]" name="percentPromoValueInPopup" duration-ms="2388" started-at="2017-08-30T15:26:15Z" finished-at="2017-08-30T15:26:18Z">
          <reporter-output>
          </reporter-output>
        </test-method> <!-- percentPromoValueInPopup -->
        <test-method status="PASS" signature="cleanUp()[pri:0, instance:product_page.ProductsWithPromoTests@429bffaa]" name="cleanUp" is-config="true" duration-ms="146" started-at="2017-08-30T15:26:18Z" finished-at="2017-08-30T15:26:18Z">
          <reporter-output>
          </reporter-output>
        </test-method> <!-- cleanUp -->
        <test-method status="PASS" signature="promoPopupIsPossibleToClose()[pri:0, instance:product_page.ProductsWithPromoTests@429bffaa]" name="promoPopupIsPossibleToClose" duration-ms="2834" started-at="2017-08-30T15:26:18Z" finished-at="2017-08-30T15:26:21Z">
          <reporter-output>
          </reporter-output>
        </test-method> <!-- promoPopupIsPossibleToClose -->
        <test-method status="PASS" signature="cleanUp()[pri:0, instance:product_page.ProductsWithPromoTests@429bffaa]" name="cleanUp" is-config="true" duration-ms="73" started-at="2017-08-30T15:26:21Z" finished-at="2017-08-30T15:26:21Z">
          <reporter-output>
          </reporter-output>
        </test-method> <!-- cleanUp -->
        <test-method status="PASS" signature="tearDown()[pri:0, instance:product_page.ProductsWithPromoTests@429bffaa]" name="tearDown" is-config="true" duration-ms="0" started-at="2017-08-30T15:26:21Z" finished-at="2017-08-30T15:26:21Z">
          <reporter-output>
          </reporter-output>
        </test-method> <!-- tearDown -->
      </class> <!-- product_page.ProductsWithPromoTests -->
      <class name="shop.ShopPageTests">
        <test-method status="PASS" signature="setUp()[pri:0, instance:shop.ShopPageTests@4d5b6aac]" name="setUp" is-config="true" duration-ms="7" started-at="2017-08-30T15:21:44Z" finished-at="2017-08-30T15:21:44Z">
          <reporter-output>
          </reporter-output>
        </test-method> <!-- setUp -->
        <test-method status="PASS" signature="checkFirstQtyOnPageSetting()[pri:0, instance:shop.ShopPageTests@4d5b6aac]" name="checkFirstQtyOnPageSetting" duration-ms="6795" started-at="2017-08-30T15:21:44Z" finished-at="2017-08-30T15:21:51Z">
          <reporter-output>
          </reporter-output>
        </test-method> <!-- checkFirstQtyOnPageSetting -->
        <test-method status="PASS" signature="cleanUp()[pri:0, instance:shop.ShopPageTests@4d5b6aac]" name="cleanUp" is-config="true" duration-ms="86" started-at="2017-08-30T15:21:51Z" finished-at="2017-08-30T15:21:51Z">
          <reporter-output>
          </reporter-output>
        </test-method> <!-- cleanUp -->
        <test-method status="PASS" signature="checkPagination()[pri:0, instance:shop.ShopPageTests@4d5b6aac]" name="checkPagination" duration-ms="12810" started-at="2017-08-30T15:21:51Z" finished-at="2017-08-30T15:22:04Z">
          <reporter-output>
          </reporter-output>
        </test-method> <!-- checkPagination -->
        <test-method status="PASS" signature="cleanUp()[pri:0, instance:shop.ShopPageTests@4d5b6aac]" name="cleanUp" is-config="true" duration-ms="71" started-at="2017-08-30T15:22:04Z" finished-at="2017-08-30T15:22:04Z">
          <reporter-output>
          </reporter-output>
        </test-method> <!-- cleanUp -->
        <test-method status="PASS" signature="checkSecondQtyOnPageSetting()[pri:0, instance:shop.ShopPageTests@4d5b6aac]" name="checkSecondQtyOnPageSetting" duration-ms="3751" started-at="2017-08-30T15:22:04Z" finished-at="2017-08-30T15:22:08Z">
          <reporter-output>
          </reporter-output>
        </test-method> <!-- checkSecondQtyOnPageSetting -->
        <test-method status="PASS" signature="cleanUp()[pri:0, instance:shop.ShopPageTests@4d5b6aac]" name="cleanUp" is-config="true" duration-ms="65" started-at="2017-08-30T15:22:08Z" finished-at="2017-08-30T15:22:08Z">
          <reporter-output>
          </reporter-output>
        </test-method> <!-- cleanUp -->
        <test-method status="PASS" signature="checkThirdQtyOnPageSetting()[pri:0, instance:shop.ShopPageTests@4d5b6aac]" name="checkThirdQtyOnPageSetting" duration-ms="3798" started-at="2017-08-30T15:22:08Z" finished-at="2017-08-30T15:22:12Z">
          <reporter-output>
          </reporter-output>
        </test-method> <!-- checkThirdQtyOnPageSetting -->
        <test-method status="PASS" signature="cleanUp()[pri:0, instance:shop.ShopPageTests@4d5b6aac]" name="cleanUp" is-config="true" duration-ms="73" started-at="2017-08-30T15:22:12Z" finished-at="2017-08-30T15:22:12Z">
          <reporter-output>
          </reporter-output>
        </test-method> <!-- cleanUp -->
        <test-method status="PASS" signature="leftSidebarSearch()[pri:0, instance:shop.ShopPageTests@4d5b6aac]" name="leftSidebarSearch" duration-ms="3487" started-at="2017-08-30T15:22:12Z" finished-at="2017-08-30T15:22:15Z">
          <reporter-output>
          </reporter-output>
        </test-method> <!-- leftSidebarSearch -->
        <test-method status="PASS" signature="cleanUp()[pri:0, instance:shop.ShopPageTests@4d5b6aac]" name="cleanUp" is-config="true" duration-ms="75" started-at="2017-08-30T15:22:15Z" finished-at="2017-08-30T15:22:15Z">
          <reporter-output>
          </reporter-output>
        </test-method> <!-- cleanUp -->
        <test-method status="FAIL" signature="priceAreEqualOnShopPageAndOnProductsPage()[pri:0, instance:shop.ShopPageTests@4d5b6aac]" name="priceAreEqualOnShopPageAndOnProductsPage" duration-ms="28518" started-at="2017-08-30T15:22:15Z" finished-at="2017-08-30T15:22:44Z">
          <exception class="org.openqa.selenium.NoSuchElementException">
            <message>
              <![CDATA[no such element: Unable to locate element: {"method":"xpath","selector":"//div[@class="w-block-head"]"}
  (Session info: chrome=60.0.3112.113)
  (Driver info: chromedriver=2.30.477700 (0057494ad8732195794a7b32078424f92a5fce41),platform=Windows NT 10.0.14393 x86_64) (WARNING: The server did not provide any stacktrace information)
Command duration or timeout: 15.01 seconds
For documentation on this error, please visit: http://seleniumhq.org/exceptions/no_such_element.html
Build info: version: '2.53.1', revision: 'a36b8b1cd5757287168e54b817830adce9b0158d', time: '2016-06-30 19:26:09'
System info: host: 'WIN-UJSDDQRV49J', ip: '192.168.10.1', os.name: 'Windows 10', os.arch: 'amd64', os.version: '10.0', java.version: '1.8.0_131'
Driver info: org.openqa.selenium.chrome.ChromeDriver
Capabilities [{applicationCacheEnabled=false, rotatable=false, mobileEmulationEnabled=false, networkConnectionEnabled=false, chrome={chromedriverVersion=2.30.477700 (0057494ad8732195794a7b32078424f92a5fce41), userDataDir=C:\Users\User\AppData\Local\Temp\scoped_dir11248_9418}, takesHeapSnapshot=true, pageLoadStrategy=normal, databaseEnabled=false, handlesAlerts=true, hasTouchScreen=false, version=60.0.3112.113, platform=XP, browserConnectionEnabled=false, nativeEvents=true, acceptSslCerts=true, locationContextEnabled=true, webStorageEnabled=true, browserName=chrome, takesScreenshot=true, javascriptEnabled=true, cssSelectorsEnabled=true, unexpectedAlertBehaviour=}]
Session ID: 7e1c19b1d62de469d1dd4683ee78dc49
*** Element info: {Using=xpath, value=//div[@class="w-block-head"]}]]>
            </message>
            <full-stacktrace>
              <![CDATA[org.openqa.selenium.NoSuchElementException: no such element: Unable to locate element: {"method":"xpath","selector":"//div[@class="w-block-head"]"}
  (Session info: chrome=60.0.3112.113)
  (Driver info: chromedriver=2.30.477700 (0057494ad8732195794a7b32078424f92a5fce41),platform=Windows NT 10.0.14393 x86_64) (WARNING: The server did not provide any stacktrace information)
Command duration or timeout: 15.01 seconds
For documentation on this error, please visit: http://seleniumhq.org/exceptions/no_such_element.html
Build info: version: '2.53.1', revision: 'a36b8b1cd5757287168e54b817830adce9b0158d', time: '2016-06-30 19:26:09'
System info: host: 'WIN-UJSDDQRV49J', ip: '192.168.10.1', os.name: 'Windows 10', os.arch: 'amd64', os.version: '10.0', java.version: '1.8.0_131'
Driver info: org.openqa.selenium.chrome.ChromeDriver
Capabilities [{applicationCacheEnabled=false, rotatable=false, mobileEmulationEnabled=false, networkConnectionEnabled=false, chrome={chromedriverVersion=2.30.477700 (0057494ad8732195794a7b32078424f92a5fce41), userDataDir=C:\Users\User\AppData\Local\Temp\scoped_dir11248_9418}, takesHeapSnapshot=true, pageLoadStrategy=normal, databaseEnabled=false, handlesAlerts=true, hasTouchScreen=false, version=60.0.3112.113, platform=XP, browserConnectionEnabled=false, nativeEvents=true, acceptSslCerts=true, locationContextEnabled=true, webStorageEnabled=true, browserName=chrome, takesScreenshot=true, javascriptEnabled=true, cssSelectorsEnabled=true, unexpectedAlertBehaviour=}]
Session ID: 7e1c19b1d62de469d1dd4683ee78dc49
*** Element info: {Using=xpath, value=//div[@class="w-block-head"]}
	at sun.reflect.NativeConstructorAccessorImpl.newInstance0(Native Method)
	at sun.reflect.NativeConstructorAccessorImpl.newInstance(NativeConstructorAccessorImpl.java:62)
	at sun.reflect.DelegatingConstructorAccessorImpl.newInstance(DelegatingConstructorAccessorImpl.java:45)
	at java.lang.reflect.Constructor.newInstance(Constructor.java:423)
	at org.openqa.selenium.remote.ErrorHandler.createThrowable(ErrorHandler.java:206)
	at org.openqa.selenium.remote.ErrorHandler.throwIfResponseFailed(ErrorHandler.java:158)
	at org.openqa.selenium.remote.RemoteWebDriver.execute(RemoteWebDriver.java:678)
	at org.openqa.selenium.remote.RemoteWebDriver.findElement(RemoteWebDriver.java:363)
	at org.openqa.selenium.remote.RemoteWebDriver.findElementByXPath(RemoteWebDriver.java:500)
	at org.openqa.selenium.By$ByXPath.findElement(By.java:361)
	at org.openqa.selenium.remote.RemoteWebDriver.findElement(RemoteWebDriver.java:355)
	at org.openqa.selenium.support.pagefactory.DefaultElementLocator.findElement(DefaultElementLocator.java:69)
	at org.openqa.selenium.support.pagefactory.internal.LocatingElementHandler.invoke(LocatingElementHandler.java:38)
	at com.sun.proxy.$Proxy6.getText(Unknown Source)
	at pages.ProductPage.getProductName(ProductPage.java:86)
	at shop.ShopPageTests.priceAreEqualOnShopPageAndOnProductsPage(ShopPageTests.java:80)
	at sun.reflect.NativeMethodAccessorImpl.invoke0(Native Method)
	at sun.reflect.NativeMethodAccessorImpl.invoke(NativeMethodAccessorImpl.java:62)
	at sun.reflect.DelegatingMethodAccessorImpl.invoke(DelegatingMethodAccessorImpl.java:43)
	at java.lang.reflect.Method.invoke(Method.java:498)
	at org.testng.internal.MethodInvocationHelper.invokeMethod(MethodInvocationHelper.java:108)
	at org.testng.internal.Invoker.invokeMethod(Invoker.java:661)
	at org.testng.internal.Invoker.invokeTestMethod(Invoker.java:869)
	at org.testng.internal.Invoker.invokeTestMethods(Invoker.java:1193)
	at org.testng.internal.TestMethodWorker.invokeTestMethods(TestMethodWorker.java:126)
	at org.testng.internal.TestMethodWorker.run(TestMethodWorker.java:109)
	at org.testng.TestRunner.privateRun(TestRunner.java:744)
	at org.testng.TestRunner.run(TestRunner.java:602)
	at org.testng.SuiteRunner.runTest(SuiteRunner.java:380)
	at org.testng.SuiteRunner.runSequentially(SuiteRunner.java:375)
	at org.testng.SuiteRunner.privateRun(SuiteRunner.java:340)
	at org.testng.SuiteRunner.run(SuiteRunner.java:289)
	at org.testng.SuiteRunnerWorker.runSuite(SuiteRunnerWorker.java:52)
	at org.testng.SuiteRunnerWorker.run(SuiteRunnerWorker.java:86)
	at org.testng.TestNG.runSuitesSequentially(TestNG.java:1301)
	at org.testng.TestNG.runSuitesLocally(TestNG.java:1226)
	at org.testng.TestNG.runSuites(TestNG.java:1144)
	at org.testng.TestNG.run(TestNG.java:1115)
	at org.apache.maven.surefire.testng.TestNGExecutor.run(TestNGExecutor.java:283)
	at org.apache.maven.surefire.testng.TestNGXmlTestSuite.execute(TestNGXmlTestSuite.java:75)
	at org.apache.maven.surefire.testng.TestNGProvider.invoke(TestNGProvider.java:120)
	at org.apache.maven.surefire.booter.ForkedBooter.invokeProviderInSameClassLoader(ForkedBooter.java:386)
	at org.apache.maven.surefire.booter.ForkedBooter.runSuitesInProcess(ForkedBooter.java:323)
	at org.apache.maven.surefire.booter.ForkedBooter.main(ForkedBooter.java:143)
]]>
            </full-stacktrace>
          </exception> <!-- org.openqa.selenium.NoSuchElementException -->
          <reporter-output>
          </reporter-output>
        </test-method> <!-- priceAreEqualOnShopPageAndOnProductsPage -->
        <test-method status="PASS" signature="cleanUp()[pri:0, instance:shop.ShopPageTests@4d5b6aac]" name="cleanUp" is-config="true" duration-ms="67" started-at="2017-08-30T15:22:44Z" finished-at="2017-08-30T15:22:44Z">
          <reporter-output>
          </reporter-output>
        </test-method> <!-- cleanUp -->
        <test-method status="PASS" signature="qtySortingSavesOnOthersPages()[pri:0, instance:shop.ShopPageTests@4d5b6aac]" name="qtySortingSavesOnOthersPages" duration-ms="20895" started-at="2017-08-30T15:22:44Z" finished-at="2017-08-30T15:23:05Z">
          <reporter-output>
          </reporter-output>
        </test-method> <!-- qtySortingSavesOnOthersPages -->
        <test-method status="PASS" signature="cleanUp()[pri:0, instance:shop.ShopPageTests@4d5b6aac]" name="cleanUp" is-config="true" duration-ms="96" started-at="2017-08-30T15:23:05Z" finished-at="2017-08-30T15:23:05Z">
          <reporter-output>
          </reporter-output>
        </test-method> <!-- cleanUp -->
        <test-method status="PASS" signature="topSearch()[pri:0, instance:shop.ShopPageTests@4d5b6aac]" name="topSearch" duration-ms="2989" started-at="2017-08-30T15:23:05Z" finished-at="2017-08-30T15:23:08Z">
          <reporter-output>
          </reporter-output>
        </test-method> <!-- topSearch -->
        <test-method status="PASS" signature="cleanUp()[pri:0, instance:shop.ShopPageTests@4d5b6aac]" name="cleanUp" is-config="true" duration-ms="70" started-at="2017-08-30T15:23:08Z" finished-at="2017-08-30T15:23:08Z">
          <reporter-output>
          </reporter-output>
        </test-method> <!-- cleanUp -->
        <test-method status="PASS" signature="tearDown()[pri:0, instance:shop.ShopPageTests@4d5b6aac]" name="tearDown" is-config="true" duration-ms="0" started-at="2017-08-30T15:23:08Z" finished-at="2017-08-30T15:23:08Z">
          <reporter-output>
          </reporter-output>
        </test-method> <!-- tearDown -->
      </class> <!-- shop.ShopPageTests -->
      <class name="index.IndexPageTests">
        <test-method status="PASS" signature="setUp()[pri:0, instance:index.IndexPageTests@10d307f1]" name="setUp" is-config="true" duration-ms="131" started-at="2017-08-30T15:21:15Z" finished-at="2017-08-30T15:21:15Z">
          <reporter-output>
          </reporter-output>
        </test-method> <!-- setUp -->
        <test-method status="PASS" signature="loginAndRedirectToDashboardPage()[pri:0, instance:index.IndexPageTests@10d307f1]" name="loginAndRedirectToDashboardPage" duration-ms="13193" started-at="2017-08-30T15:21:15Z" finished-at="2017-08-30T15:21:28Z">
          <reporter-output>
          </reporter-output>
        </test-method> <!-- loginAndRedirectToDashboardPage -->
        <test-method status="PASS" signature="cleanUp()[pri:0, instance:index.IndexPageTests@10d307f1]" name="cleanUp" is-config="true" duration-ms="83" started-at="2017-08-30T15:21:28Z" finished-at="2017-08-30T15:21:28Z">
          <reporter-output>
          </reporter-output>
        </test-method> <!-- cleanUp -->
        <test-method status="PASS" signature="logout()[pri:0, instance:index.IndexPageTests@10d307f1]" name="logout" duration-ms="8517" started-at="2017-08-30T15:21:28Z" finished-at="2017-08-30T15:21:37Z">
          <reporter-output>
          </reporter-output>
        </test-method> <!-- logout -->
        <test-method status="PASS" signature="cleanUp()[pri:0, instance:index.IndexPageTests@10d307f1]" name="cleanUp" is-config="true" duration-ms="93" started-at="2017-08-30T15:21:37Z" finished-at="2017-08-30T15:21:37Z">
          <reporter-output>
          </reporter-output>
        </test-method> <!-- cleanUp -->
        <test-method status="PASS" signature="searchFromIndexPage()[pri:0, instance:index.IndexPageTests@10d307f1]" name="searchFromIndexPage" duration-ms="7378" started-at="2017-08-30T15:21:37Z" finished-at="2017-08-30T15:21:44Z">
          <reporter-output>
          </reporter-output>
        </test-method> <!-- searchFromIndexPage -->
        <test-method status="PASS" signature="cleanUp()[pri:0, instance:index.IndexPageTests@10d307f1]" name="cleanUp" is-config="true" duration-ms="84" started-at="2017-08-30T15:21:44Z" finished-at="2017-08-30T15:21:44Z">
          <reporter-output>
          </reporter-output>
        </test-method> <!-- cleanUp -->
        <test-method status="PASS" signature="tearDown()[pri:0, instance:index.IndexPageTests@10d307f1]" name="tearDown" is-config="true" duration-ms="0" started-at="2017-08-30T15:21:44Z" finished-at="2017-08-30T15:21:44Z">
          <reporter-output>
          </reporter-output>
        </test-method> <!-- tearDown -->
      </class> <!-- index.IndexPageTests -->
      <class name="checkout.CheckoutPageTests">
        <test-method status="PASS" signature="setUp()[pri:0, instance:checkout.CheckoutPageTests@483f6d77]" name="setUp" is-config="true" duration-ms="5" started-at="2017-08-30T15:26:23Z" finished-at="2017-08-30T15:26:23Z">
          <reporter-output>
          </reporter-output>
        </test-method> <!-- setUp -->
        <test-method status="PASS" signature="backToStore()[pri:0, instance:checkout.CheckoutPageTests@483f6d77]" name="backToStore" duration-ms="5783" started-at="2017-08-30T15:26:23Z" finished-at="2017-08-30T15:26:29Z">
          <reporter-output>
          </reporter-output>
        </test-method> <!-- backToStore -->
        <test-method status="PASS" signature="cleanUp()[pri:0, instance:checkout.CheckoutPageTests@483f6d77]" name="cleanUp" is-config="true" duration-ms="92" started-at="2017-08-30T15:26:29Z" finished-at="2017-08-30T15:26:29Z">
          <reporter-output>
          </reporter-output>
        </test-method> <!-- cleanUp -->
        <test-method status="FAIL" signature="checkShippingPrice()[pri:0, instance:checkout.CheckoutPageTests@483f6d77]" name="checkShippingPrice" duration-ms="4486" started-at="2017-08-30T15:26:29Z" finished-at="2017-08-30T15:26:33Z">
          <exception class="java.lang.AssertionError">
            <message>
              <![CDATA[expected [4.5] but found [4.95]]]>
            </message>
            <full-stacktrace>
              <![CDATA[java.lang.AssertionError: expected [4.5] but found [4.95]
	at org.testng.Assert.fail(Assert.java:93)
	at org.testng.Assert.failNotEquals(Assert.java:512)
	at org.testng.Assert.assertEqualsImpl(Assert.java:134)
	at org.testng.Assert.assertEquals(Assert.java:115)
	at org.testng.Assert.assertEquals(Assert.java:178)
	at checkout.CheckoutPageTests.checkShippingPrice(CheckoutPageTests.java:26)
	at sun.reflect.NativeMethodAccessorImpl.invoke0(Native Method)
	at sun.reflect.NativeMethodAccessorImpl.invoke(NativeMethodAccessorImpl.java:62)
	at sun.reflect.DelegatingMethodAccessorImpl.invoke(DelegatingMethodAccessorImpl.java:43)
	at java.lang.reflect.Method.invoke(Method.java:498)
	at org.testng.internal.MethodInvocationHelper.invokeMethod(MethodInvocationHelper.java:108)
	at org.testng.internal.Invoker.invokeMethod(Invoker.java:661)
	at org.testng.internal.Invoker.invokeTestMethod(Invoker.java:869)
	at org.testng.internal.Invoker.invokeTestMethods(Invoker.java:1193)
	at org.testng.internal.TestMethodWorker.invokeTestMethods(TestMethodWorker.java:126)
	at org.testng.internal.TestMethodWorker.run(TestMethodWorker.java:109)
	at org.testng.TestRunner.privateRun(TestRunner.java:744)
	at org.testng.TestRunner.run(TestRunner.java:602)
	at org.testng.SuiteRunner.runTest(SuiteRunner.java:380)
	at org.testng.SuiteRunner.runSequentially(SuiteRunner.java:375)
	at org.testng.SuiteRunner.privateRun(SuiteRunner.java:340)
	at org.testng.SuiteRunner.run(SuiteRunner.java:289)
	at org.testng.SuiteRunnerWorker.runSuite(SuiteRunnerWorker.java:52)
	at org.testng.SuiteRunnerWorker.run(SuiteRunnerWorker.java:86)
	at org.testng.TestNG.runSuitesSequentially(TestNG.java:1301)
	at org.testng.TestNG.runSuitesLocally(TestNG.java:1226)
	at org.testng.TestNG.runSuites(TestNG.java:1144)
	at org.testng.TestNG.run(TestNG.java:1115)
	at org.apache.maven.surefire.testng.TestNGExecutor.run(TestNGExecutor.java:283)
	at org.apache.maven.surefire.testng.TestNGXmlTestSuite.execute(TestNGXmlTestSuite.java:75)
	at org.apache.maven.surefire.testng.TestNGProvider.invoke(TestNGProvider.java:120)
	at org.apache.maven.surefire.booter.ForkedBooter.invokeProviderInSameClassLoader(ForkedBooter.java:386)
	at org.apache.maven.surefire.booter.ForkedBooter.runSuitesInProcess(ForkedBooter.java:323)
	at org.apache.maven.surefire.booter.ForkedBooter.main(ForkedBooter.java:143)
]]>
            </full-stacktrace>
          </exception> <!-- java.lang.AssertionError -->
          <reporter-output>
          </reporter-output>
        </test-method> <!-- checkShippingPrice -->
        <test-method status="PASS" signature="cleanUp()[pri:0, instance:checkout.CheckoutPageTests@483f6d77]" name="cleanUp" is-config="true" duration-ms="82" started-at="2017-08-30T15:26:33Z" finished-at="2017-08-30T15:26:33Z">
          <reporter-output>
          </reporter-output>
        </test-method> <!-- cleanUp -->
        <test-method status="PASS" signature="tearDown()[pri:0, instance:checkout.CheckoutPageTests@483f6d77]" name="tearDown" is-config="true" duration-ms="0" started-at="2017-08-30T15:26:33Z" finished-at="2017-08-30T15:26:33Z">
          <reporter-output>
          </reporter-output>
        </test-method> <!-- tearDown -->
      </class> <!-- checkout.CheckoutPageTests -->
      <class name="product_page.ValidationTests">
        <test-method status="PASS" signature="setUp()[pri:0, instance:product_page.ValidationTests@5403f35f]" name="setUp" is-config="true" duration-ms="5" started-at="2017-08-30T15:26:21Z" finished-at="2017-08-30T15:26:21Z">
          <reporter-output>
          </reporter-output>
        </test-method> <!-- setUp -->
        <test-method status="PASS" signature="missingProductSizeValidation()[pri:0, instance:product_page.ValidationTests@5403f35f]" name="missingProductSizeValidation" duration-ms="1802" started-at="2017-08-30T15:26:21Z" finished-at="2017-08-30T15:26:23Z">
          <reporter-output>
          </reporter-output>
        </test-method> <!-- missingProductSizeValidation -->
        <test-method status="PASS" signature="cleanUp()[pri:0, instance:product_page.ValidationTests@5403f35f]" name="cleanUp" is-config="true" duration-ms="75" started-at="2017-08-30T15:26:23Z" finished-at="2017-08-30T15:26:23Z">
          <reporter-output>
          </reporter-output>
        </test-method> <!-- cleanUp -->
        <test-method status="PASS" signature="tearDown()[pri:0, instance:product_page.ValidationTests@5403f35f]" name="tearDown" is-config="true" duration-ms="0" started-at="2017-08-30T15:26:23Z" finished-at="2017-08-30T15:26:23Z">
          <reporter-output>
          </reporter-output>
        </test-method> <!-- tearDown -->
      </class> <!-- product_page.ValidationTests -->
      <class name="checkout.ValidationTests">
        <test-method status="PASS" signature="setUp()[pri:0, instance:checkout.ValidationTests@28f3b248]" name="setUp" is-config="true" duration-ms="4" started-at="2017-08-30T15:27:32Z" finished-at="2017-08-30T15:27:32Z">
          <reporter-output>
          </reporter-output>
        </test-method> <!-- setUp -->
        <test-method status="PASS" signature="emptyEmailField()[pri:0, instance:checkout.ValidationTests@28f3b248]" name="emptyEmailField" duration-ms="4529" started-at="2017-08-30T15:27:32Z" finished-at="2017-08-30T15:27:36Z">
          <reporter-output>
          </reporter-output>
        </test-method> <!-- emptyEmailField -->
        <test-method status="PASS" signature="cleanUp()[pri:0, instance:checkout.ValidationTests@28f3b248]" name="cleanUp" is-config="true" duration-ms="75" started-at="2017-08-30T15:27:36Z" finished-at="2017-08-30T15:27:36Z">
          <reporter-output>
          </reporter-output>
        </test-method> <!-- cleanUp -->
        <test-method status="PASS" signature="tearDown()[pri:0, instance:checkout.ValidationTests@28f3b248]" name="tearDown" is-config="true" duration-ms="0" started-at="2017-08-30T15:27:36Z" finished-at="2017-08-30T15:27:36Z">
          <reporter-output>
          </reporter-output>
        </test-method> <!-- tearDown -->
      </class> <!-- checkout.ValidationTests -->
      <class name="checkout.OrderedItemsTests">
        <test-method status="PASS" signature="setUp()[pri:0, instance:checkout.OrderedItemsTests@63a12c68]" name="setUp" is-config="true" duration-ms="6" started-at="2017-08-30T15:27:02Z" finished-at="2017-08-30T15:27:02Z">
          <reporter-output>
          </reporter-output>
        </test-method> <!-- setUp -->
        <test-method status="PASS" signature="addTwoProductsAndDeleteOne()[pri:0, instance:checkout.OrderedItemsTests@63a12c68]" name="addTwoProductsAndDeleteOne" duration-ms="10090" started-at="2017-08-30T15:27:02Z" finished-at="2017-08-30T15:27:12Z">
          <reporter-output>
          </reporter-output>
        </test-method> <!-- addTwoProductsAndDeleteOne -->
        <test-method status="PASS" signature="cleanUp()[pri:0, instance:checkout.OrderedItemsTests@63a12c68]" name="cleanUp" is-config="true" duration-ms="81" started-at="2017-08-30T15:27:12Z" finished-at="2017-08-30T15:27:12Z">
          <reporter-output>
          </reporter-output>
        </test-method> <!-- cleanUp -->
        <test-method status="PASS" signature="decreaseItemQty()[pri:0, instance:checkout.OrderedItemsTests@63a12c68]" name="decreaseItemQty" duration-ms="11027" started-at="2017-08-30T15:27:12Z" finished-at="2017-08-30T15:27:23Z">
          <reporter-output>
          </reporter-output>
        </test-method> <!-- decreaseItemQty -->
        <test-method status="PASS" signature="cleanUp()[pri:0, instance:checkout.OrderedItemsTests@63a12c68]" name="cleanUp" is-config="true" duration-ms="105" started-at="2017-08-30T15:27:23Z" finished-at="2017-08-30T15:27:23Z">
          <reporter-output>
          </reporter-output>
        </test-method> <!-- cleanUp -->
        <test-method status="PASS" signature="increaseItemQty()[pri:0, instance:checkout.OrderedItemsTests@63a12c68]" name="increaseItemQty" duration-ms="8375" started-at="2017-08-30T15:27:23Z" finished-at="2017-08-30T15:27:32Z">
          <reporter-output>
          </reporter-output>
        </test-method> <!-- increaseItemQty -->
        <test-method status="PASS" signature="cleanUp()[pri:0, instance:checkout.OrderedItemsTests@63a12c68]" name="cleanUp" is-config="true" duration-ms="71" started-at="2017-08-30T15:27:32Z" finished-at="2017-08-30T15:27:32Z">
          <reporter-output>
          </reporter-output>
        </test-method> <!-- cleanUp -->
        <test-method status="PASS" signature="tearDown()[pri:0, instance:checkout.OrderedItemsTests@63a12c68]" name="tearDown" is-config="true" duration-ms="0" started-at="2017-08-30T15:27:32Z" finished-at="2017-08-30T15:27:32Z">
          <reporter-output>
          </reporter-output>
        </test-method> <!-- tearDown -->
      </class> <!-- checkout.OrderedItemsTests -->
    </test> <!-- Method Test Cases -->
  </suite> <!-- Test Suite -->
</testng-results>
