<html>
<head>
<title>TestNG:  Method Test Cases</title>
<link href="../testng.css" rel="stylesheet" type="text/css" />
<link href="../my-testng.css" rel="stylesheet" type="text/css" />

<style type="text/css">
.log { display: none;} 
.stack-trace { display: none;} 
</style>
<script type="text/javascript">
<!--
function flip(e) {
  current = e.style.display;
  if (current == 'block') {
    e.style.display = 'none';
    return 0;
  }
  else {
    e.style.display = 'block';
    return 1;
  }
}

function toggleBox(szDivId, elem, msg1, msg2)
{
  var res = -1;  if (document.getElementById) {
    res = flip(document.getElementById(szDivId));
  }
  else if (document.all) {
    // this is the way old msie versions work
    res = flip(document.all[szDivId]);
  }
  if(elem) {
    if(res == 0) elem.innerHTML = msg1; else elem.innerHTML = msg2;
  }

}

function toggleAllBoxes() {
  if (document.getElementsByTagName) {
    d = document.getElementsByTagName('div');
    for (i = 0; i < d.length; i++) {
      if (d[i].className == 'log') {
        flip(d[i]);
      }
    }
  }
}

// -->
</script>

</head>
<body>
<h2 align='center'>Method Test Cases</h2><table border='1' align="center">
<tr>
<td>Tests passed/Failed/Skipped:</td><td>28/7/0</td>
</tr><tr>
<td>Started on:</td><td>Wed Aug 30 15:21:15 EEST 2017</td>
</tr>
<tr><td>Total time:</td><td>381 seconds (381283 ms)</td>
</tr><tr>
<td>Included groups:</td><td></td>
</tr><tr>
<td>Excluded groups:</td><td></td>
</tr>
</table><p/>
<small><i>(Hover the method name to see the test class name)</i></small><p/>
<table width='100%' border='1' class='invocation-failed'>
<tr><td colspan='4' align='center'><b>FAILED TESTS</b></td></tr>
<tr><td><b>Test method</b></td>
<td width="30%"><b>Exception</b></td>
<td width="10%"><b>Time (seconds)</b></td>
<td><b>Instance</b></td>
</tr>
<tr>
<td title='product_page.AddToCartTests.addProductTwiceWithDifferentColor()'><b>addProductTwiceWithDifferentColor</b><br>Test class: product_page.AddToCartTests</td>
<td><div><pre>org.openqa.selenium.NoSuchElementException: no such element: Unable to locate element: {&quot;method&quot;:&quot;id&quot;,&quot;selector&quot;:&quot;go_to_checkout&quot;}
  (Session info: chrome=60.0.3112.113)
  (Driver info: chromedriver=2.30.477700 (0057494ad8732195794a7b32078424f92a5fce41),platform=Windows NT 10.0.14393 x86_64) (WARNING: The server did not provide any stacktrace information)
Command duration or timeout: 15.03 seconds
For documentation on this error, please visit: http://seleniumhq.org/exceptions/no_such_element.html
Build info: version: &apos;2.53.1&apos;, revision: &apos;a36b8b1cd5757287168e54b817830adce9b0158d&apos;, time: &apos;2016-06-30 19:26:09&apos;
System info: host: &apos;WIN-UJSDDQRV49J&apos;, ip: &apos;192.168.10.1&apos;, os.name: &apos;Windows 10&apos;, os.arch: &apos;amd64&apos;, os.version: &apos;10.0&apos;, java.version: &apos;1.8.0_131&apos;
Driver info: org.openqa.selenium.chrome.ChromeDriver
Capabilities [{applicationCacheEnabled=false, rotatable=false, mobileEmulationEnabled=false, networkConnectionEnabled=false, chrome={chromedriverVersion=2.30.477700 (0057494ad8732195794a7b32078424f92a5fce41), userDataDir=C:\Users\User\AppData\Local\Temp\scoped_dir11248_9418}, takesHeapSnapshot=true, pageLoadStrategy=normal, databaseEnabled=false, handlesAlerts=true, hasTouchScreen=false, version=60.0.3112.113, platform=XP, browserConnectionEnabled=false, nativeEvents=true, acceptSslCerts=true, locationContextEnabled=true, webStorageEnabled=true, browserName=chrome, takesScreenshot=true, javascriptEnabled=true, cssSelectorsEnabled=true, unexpectedAlertBehaviour=}]
Session ID: 7e1c19b1d62de469d1dd4683ee78dc49
*** Element info: {Using=id, value=go_to_checkout}
	at org.openqa.selenium.remote.ErrorHandler.createThrowable(ErrorHandler.java:206)
	at org.openqa.selenium.remote.ErrorHandler.throwIfResponseFailed(ErrorHandler.java:158)
	at org.openqa.selenium.remote.RemoteWebDriver.execute(RemoteWebDriver.java:678)
	at org.openqa.selenium.remote.RemoteWebDriver.findElement(RemoteWebDriver.java:363)
	at org.openqa.selenium.remote.RemoteWebDriver.findElementById(RemoteWebDriver.java:413)
	at org.openqa.selenium.By$ById.findElement(By.java:218)
	at org.openqa.selenium.remote.RemoteWebDriver.findElement(RemoteWebDriver.java:355)
	at org.openqa.selenium.support.pagefactory.DefaultElementLocator.findElement(DefaultElementLocator.java:69)
	at org.openqa.selenium.support.pagefactory.internal.LocatingElementHandler.invoke(LocatingElementHandler.java:38)
	at com.sun.proxy.$Proxy6.getTagName(Unknown Source)
	at tools.Wait.visibility(Wait.java:30)
	at pages.ProductPage.addToCartAndGoToCheckout(ProductPage.java:128)
	at product_page.AddToCartTests.addProductTwiceWithDifferentColor(AddToCartTests.java:131)
... Removed 32 stack frames</pre></div><a href='#' onClick='toggleBox("stack-trace800088638", this, "Click to show all stack frames", "Click to hide stack frames")'>Click to show all stack frames</a>
<div class='stack-trace' id='stack-trace800088638'><pre>org.openqa.selenium.NoSuchElementException: no such element: Unable to locate element: {&quot;method&quot;:&quot;id&quot;,&quot;selector&quot;:&quot;go_to_checkout&quot;}
  (Session info: chrome=60.0.3112.113)
  (Driver info: chromedriver=2.30.477700 (0057494ad8732195794a7b32078424f92a5fce41),platform=Windows NT 10.0.14393 x86_64) (WARNING: The server did not provide any stacktrace information)
Command duration or timeout: 15.03 seconds
For documentation on this error, please visit: http://seleniumhq.org/exceptions/no_such_element.html
Build info: version: &apos;2.53.1&apos;, revision: &apos;a36b8b1cd5757287168e54b817830adce9b0158d&apos;, time: &apos;2016-06-30 19:26:09&apos;
System info: host: &apos;WIN-UJSDDQRV49J&apos;, ip: &apos;192.168.10.1&apos;, os.name: &apos;Windows 10&apos;, os.arch: &apos;amd64&apos;, os.version: &apos;10.0&apos;, java.version: &apos;1.8.0_131&apos;
Driver info: org.openqa.selenium.chrome.ChromeDriver
Capabilities [{applicationCacheEnabled=false, rotatable=false, mobileEmulationEnabled=false, networkConnectionEnabled=false, chrome={chromedriverVersion=2.30.477700 (0057494ad8732195794a7b32078424f92a5fce41), userDataDir=C:\Users\User\AppData\Local\Temp\scoped_dir11248_9418}, takesHeapSnapshot=true, pageLoadStrategy=normal, databaseEnabled=false, handlesAlerts=true, hasTouchScreen=false, version=60.0.3112.113, platform=XP, browserConnectionEnabled=false, nativeEvents=true, acceptSslCerts=true, locationContextEnabled=true, webStorageEnabled=true, browserName=chrome, takesScreenshot=true, javascriptEnabled=true, cssSelectorsEnabled=true, unexpectedAlertBehaviour=}]
Session ID: 7e1c19b1d62de469d1dd4683ee78dc49
*** Element info: {Using=id, value=go_to_checkout}
	at sun.reflect.NativeConstructorAccessorImpl.newInstance0(Native Method)
	at sun.reflect.NativeConstructorAccessorImpl.newInstance(NativeConstructorAccessorImpl.java:62)
	at sun.reflect.DelegatingConstructorAccessorImpl.newInstance(DelegatingConstructorAccessorImpl.java:45)
	at java.lang.reflect.Constructor.newInstance(Constructor.java:423)
	at org.openqa.selenium.remote.ErrorHandler.createThrowable(ErrorHandler.java:206)
	at org.openqa.selenium.remote.ErrorHandler.throwIfResponseFailed(ErrorHandler.java:158)
	at org.openqa.selenium.remote.RemoteWebDriver.execute(RemoteWebDriver.java:678)
	at org.openqa.selenium.remote.RemoteWebDriver.findElement(RemoteWebDriver.java:363)
	at org.openqa.selenium.remote.RemoteWebDriver.findElementById(RemoteWebDriver.java:413)
	at org.openqa.selenium.By$ById.findElement(By.java:218)
	at org.openqa.selenium.remote.RemoteWebDriver.findElement(RemoteWebDriver.java:355)
	at org.openqa.selenium.support.pagefactory.DefaultElementLocator.findElement(DefaultElementLocator.java:69)
	at org.openqa.selenium.support.pagefactory.internal.LocatingElementHandler.invoke(LocatingElementHandler.java:38)
	at com.sun.proxy.$Proxy6.getTagName(Unknown Source)
	at tools.Wait.visibility(Wait.java:30)
	at pages.ProductPage.addToCartAndGoToCheckout(ProductPage.java:128)
	at product_page.AddToCartTests.addProductTwiceWithDifferentColor(AddToCartTests.java:131)
	at sun.reflect.NativeMethodAccessorImpl.invoke0(Native Method)
	at sun.reflect.NativeMethodAccessorImpl.invoke(NativeMethodAccessorImpl.java:62)
	at sun.reflect.DelegatingMethodAccessorImpl.invoke(DelegatingMethodAccessorImpl.java:43)
	at java.lang.reflect.Method.invoke(Method.java:498)
	at org.testng.internal.MethodInvocationHelper.invokeMethod(MethodInvocationHelper.java:108)
	at org.testng.internal.Invoker.invokeMethod(Invoker.java:661)
	at org.testng.internal.Invoker.invokeTestMethod(Invoker.java:869)
	at org.testng.internal.Invoker.invokeTestMethods(Invoker.java:1193)
	at org.testng.internal.TestMethodWorker.invokeTestMethods(TestMethodWorker.java:126)
	at org.testng.internal.TestMethodWorker.run(TestMethodWorker.java:109)
	at org.testng.TestRunner.privateRun(TestRunner.java:744)
	at org.testng.TestRunner.run(TestRunner.java:602)
	at org.testng.SuiteRunner.runTest(SuiteRunner.java:380)
	at org.testng.SuiteRunner.runSequentially(SuiteRunner.java:375)
	at org.testng.SuiteRunner.privateRun(SuiteRunner.java:340)
	at org.testng.SuiteRunner.run(SuiteRunner.java:289)
	at org.testng.SuiteRunnerWorker.runSuite(SuiteRunnerWorker.java:52)
	at org.testng.SuiteRunnerWorker.run(SuiteRunnerWorker.java:86)
	at org.testng.TestNG.runSuitesSequentially(TestNG.java:1301)
	at org.testng.TestNG.runSuitesLocally(TestNG.java:1226)
	at org.testng.TestNG.runSuites(TestNG.java:1144)
	at org.testng.TestNG.run(TestNG.java:1115)
	at org.apache.maven.surefire.testng.TestNGExecutor.run(TestNGExecutor.java:283)
	at org.apache.maven.surefire.testng.TestNGXmlTestSuite.execute(TestNGXmlTestSuite.java:75)
	at org.apache.maven.surefire.testng.TestNGProvider.invoke(TestNGProvider.java:120)
	at org.apache.maven.surefire.booter.ForkedBooter.invokeProviderInSameClassLoader(ForkedBooter.java:386)
	at org.apache.maven.surefire.booter.ForkedBooter.runSuitesInProcess(ForkedBooter.java:323)
	at org.apache.maven.surefire.booter.ForkedBooter.main(ForkedBooter.java:143)
</pre></div></td>
<td>53</td>
<td>product_page.AddToCartTests@4a7f959b</td></tr>
<tr>
<td title='checkout.PromoCodesTests.addToCartProductWithAmountDiscount()'><b>addToCartProductWithAmountDiscount</b><br>Test class: checkout.PromoCodesTests</td>
<td><div><pre>java.lang.AssertionError: The following asserts failed:
	WRONG TOTAL PRICE expected [20.45] but found [20.9]
	at checkout.PromoCodesTests.addToCartProductWithAmountDiscount(PromoCodesTests.java:64)
... Removed 29 stack frames</pre></div><a href='#' onClick='toggleBox("stack-trace1042307502", this, "Click to show all stack frames", "Click to hide stack frames")'>Click to show all stack frames</a>
<div class='stack-trace' id='stack-trace1042307502'><pre>java.lang.AssertionError: The following asserts failed:
	WRONG TOTAL PRICE expected [20.45] but found [20.9]
	at org.testng.asserts.SoftAssert.assertAll(SoftAssert.java:43)
	at checkout.PromoCodesTests.addToCartProductWithAmountDiscount(PromoCodesTests.java:64)
	at sun.reflect.NativeMethodAccessorImpl.invoke0(Native Method)
	at sun.reflect.NativeMethodAccessorImpl.invoke(NativeMethodAccessorImpl.java:62)
	at sun.reflect.DelegatingMethodAccessorImpl.invoke(DelegatingMethodAccessorImpl.java:43)
	at java.lang.reflect.Method.invoke(Method.java:498)
	at org.testng.internal.MethodInvocationHelper.invokeMethod(MethodInvocationHelper.java:108)
	at org.testng.internal.Invoker.invokeMethod(Invoker.java:661)
	at org.testng.internal.Invoker.invokeTestMethod(Invoker.java:869)
	at org.testng.internal.Invoker.invokeTestMethods(Invoker.java:1193)
	at org.testng.internal.TestMethodWorker.invokeTestMethods(TestMethodWorker.java:126)
	at org.testng.internal.TestMethodWorker.run(TestMethodWorker.java:109)
	at org.testng.TestRunner.privateRun(TestRunner.java:744)
	at org.testng.TestRunner.run(TestRunner.java:602)
	at org.testng.SuiteRunner.runTest(SuiteRunner.java:380)
	at org.testng.SuiteRunner.runSequentially(SuiteRunner.java:375)
	at org.testng.SuiteRunner.privateRun(SuiteRunner.java:340)
	at org.testng.SuiteRunner.run(SuiteRunner.java:289)
	at org.testng.SuiteRunnerWorker.runSuite(SuiteRunnerWorker.java:52)
	at org.testng.SuiteRunnerWorker.run(SuiteRunnerWorker.java:86)
	at org.testng.TestNG.runSuitesSequentially(TestNG.java:1301)
	at org.testng.TestNG.runSuitesLocally(TestNG.java:1226)
	at org.testng.TestNG.runSuites(TestNG.java:1144)
	at org.testng.TestNG.run(TestNG.java:1115)
	at org.apache.maven.surefire.testng.TestNGExecutor.run(TestNGExecutor.java:283)
	at org.apache.maven.surefire.testng.TestNGXmlTestSuite.execute(TestNGXmlTestSuite.java:75)
	at org.apache.maven.surefire.testng.TestNGProvider.invoke(TestNGProvider.java:120)
	at org.apache.maven.surefire.booter.ForkedBooter.invokeProviderInSameClassLoader(ForkedBooter.java:386)
	at org.apache.maven.surefire.booter.ForkedBooter.runSuitesInProcess(ForkedBooter.java:323)
	at org.apache.maven.surefire.booter.ForkedBooter.main(ForkedBooter.java:143)
</pre></div></td>
<td>6</td>
<td>checkout.PromoCodesTests@7e5afaa6</td></tr>
<tr>
<td title='checkout.PromoCodesTests.addToCartProductWithPercentDiscount()'><b>addToCartProductWithPercentDiscount</b><br>Test class: checkout.PromoCodesTests</td>
<td><div><pre>java.lang.AssertionError: The following asserts failed:
	WRONG TOTAL PRICE expected [20.45] but found [20.9],
	WRONG TOTAL PRICE expected [20.56] but found [21.01]
	at checkout.PromoCodesTests.addToCartProductWithPercentDiscount(PromoCodesTests.java:39)
... Removed 29 stack frames</pre></div><a href='#' onClick='toggleBox("stack-trace2024415090", this, "Click to show all stack frames", "Click to hide stack frames")'>Click to show all stack frames</a>
<div class='stack-trace' id='stack-trace2024415090'><pre>java.lang.AssertionError: The following asserts failed:
	WRONG TOTAL PRICE expected [20.45] but found [20.9],
	WRONG TOTAL PRICE expected [20.56] but found [21.01]
	at org.testng.asserts.SoftAssert.assertAll(SoftAssert.java:43)
	at checkout.PromoCodesTests.addToCartProductWithPercentDiscount(PromoCodesTests.java:39)
	at sun.reflect.NativeMethodAccessorImpl.invoke0(Native Method)
	at sun.reflect.NativeMethodAccessorImpl.invoke(NativeMethodAccessorImpl.java:62)
	at sun.reflect.DelegatingMethodAccessorImpl.invoke(DelegatingMethodAccessorImpl.java:43)
	at java.lang.reflect.Method.invoke(Method.java:498)
	at org.testng.internal.MethodInvocationHelper.invokeMethod(MethodInvocationHelper.java:108)
	at org.testng.internal.Invoker.invokeMethod(Invoker.java:661)
	at org.testng.internal.Invoker.invokeTestMethod(Invoker.java:869)
	at org.testng.internal.Invoker.invokeTestMethods(Invoker.java:1193)
	at org.testng.internal.TestMethodWorker.invokeTestMethods(TestMethodWorker.java:126)
	at org.testng.internal.TestMethodWorker.run(TestMethodWorker.java:109)
	at org.testng.TestRunner.privateRun(TestRunner.java:744)
	at org.testng.TestRunner.run(TestRunner.java:602)
	at org.testng.SuiteRunner.runTest(SuiteRunner.java:380)
	at org.testng.SuiteRunner.runSequentially(SuiteRunner.java:375)
	at org.testng.SuiteRunner.privateRun(SuiteRunner.java:340)
	at org.testng.SuiteRunner.run(SuiteRunner.java:289)
	at org.testng.SuiteRunnerWorker.runSuite(SuiteRunnerWorker.java:52)
	at org.testng.SuiteRunnerWorker.run(SuiteRunnerWorker.java:86)
	at org.testng.TestNG.runSuitesSequentially(TestNG.java:1301)
	at org.testng.TestNG.runSuitesLocally(TestNG.java:1226)
	at org.testng.TestNG.runSuites(TestNG.java:1144)
	at org.testng.TestNG.run(TestNG.java:1115)
	at org.apache.maven.surefire.testng.TestNGExecutor.run(TestNGExecutor.java:283)
	at org.apache.maven.surefire.testng.TestNGXmlTestSuite.execute(TestNGXmlTestSuite.java:75)
	at org.apache.maven.surefire.testng.TestNGProvider.invoke(TestNGProvider.java:120)
	at org.apache.maven.surefire.booter.ForkedBooter.invokeProviderInSameClassLoader(ForkedBooter.java:386)
	at org.apache.maven.surefire.booter.ForkedBooter.runSuitesInProcess(ForkedBooter.java:323)
	at org.apache.maven.surefire.booter.ForkedBooter.main(ForkedBooter.java:143)
</pre></div></td>
<td>6</td>
<td>checkout.PromoCodesTests@7e5afaa6</td></tr>
<tr>
<td title='checkout.CheckoutPageTests.checkShippingPrice()'><b>checkShippingPrice</b><br>Test class: checkout.CheckoutPageTests</td>
<td><div><pre>java.lang.AssertionError: expected [4.5] but found [4.95]
	at checkout.CheckoutPageTests.checkShippingPrice(CheckoutPageTests.java:26)
... Removed 33 stack frames</pre></div><a href='#' onClick='toggleBox("stack-trace1245065720", this, "Click to show all stack frames", "Click to hide stack frames")'>Click to show all stack frames</a>
<div class='stack-trace' id='stack-trace1245065720'><pre>java.lang.AssertionError: expected [4.5] but found [4.95]
	at org.testng.Assert.fail(Assert.java:93)
	at org.testng.Assert.failNotEquals(Assert.java:512)
	at org.testng.Assert.assertEqualsImpl(Assert.java:134)
	at org.testng.Assert.assertEquals(Assert.java:115)
	at org.testng.Assert.assertEquals(Assert.java:178)
	at checkout.CheckoutPageTests.checkShippingPrice(CheckoutPageTests.java:26)
	at sun.reflect.NativeMethodAccessorImpl.invoke0(Native Method)
	at sun.reflect.NativeMethodAccessorImpl.invoke(NativeMethodAccessorImpl.java:62)
	at sun.reflect.DelegatingMethodAccessorImpl.invoke(DelegatingMethodAccessorImpl.java:43)
	at java.lang.reflect.Method.invoke(Method.java:498)
	at org.testng.internal.MethodInvocationHelper.invokeMethod(MethodInvocationHelper.java:108)
	at org.testng.internal.Invoker.invokeMethod(Invoker.java:661)
	at org.testng.internal.Invoker.invokeTestMethod(Invoker.java:869)
	at org.testng.internal.Invoker.invokeTestMethods(Invoker.java:1193)
	at org.testng.internal.TestMethodWorker.invokeTestMethods(TestMethodWorker.java:126)
	at org.testng.internal.TestMethodWorker.run(TestMethodWorker.java:109)
	at org.testng.TestRunner.privateRun(TestRunner.java:744)
	at org.testng.TestRunner.run(TestRunner.java:602)
	at org.testng.SuiteRunner.runTest(SuiteRunner.java:380)
	at org.testng.SuiteRunner.runSequentially(SuiteRunner.java:375)
	at org.testng.SuiteRunner.privateRun(SuiteRunner.java:340)
	at org.testng.SuiteRunner.run(SuiteRunner.java:289)
	at org.testng.SuiteRunnerWorker.runSuite(SuiteRunnerWorker.java:52)
	at org.testng.SuiteRunnerWorker.run(SuiteRunnerWorker.java:86)
	at org.testng.TestNG.runSuitesSequentially(TestNG.java:1301)
	at org.testng.TestNG.runSuitesLocally(TestNG.java:1226)
	at org.testng.TestNG.runSuites(TestNG.java:1144)
	at org.testng.TestNG.run(TestNG.java:1115)
	at org.apache.maven.surefire.testng.TestNGExecutor.run(TestNGExecutor.java:283)
	at org.apache.maven.surefire.testng.TestNGXmlTestSuite.execute(TestNGXmlTestSuite.java:75)
	at org.apache.maven.surefire.testng.TestNGProvider.invoke(TestNGProvider.java:120)
	at org.apache.maven.surefire.booter.ForkedBooter.invokeProviderInSameClassLoader(ForkedBooter.java:386)
	at org.apache.maven.surefire.booter.ForkedBooter.runSuitesInProcess(ForkedBooter.java:323)
	at org.apache.maven.surefire.booter.ForkedBooter.main(ForkedBooter.java:143)
</pre></div></td>
<td>4</td>
<td>checkout.CheckoutPageTests@483f6d77</td></tr>
<tr>
<td title='checkout.PromoCodesTests.increaseProductsWithAmountDiscountQty()'><b>increaseProductsWithAmountDiscountQty</b><br>Test class: checkout.PromoCodesTests</td>
<td><div><pre>java.lang.AssertionError: The following asserts failed:
	WRONG TOTAL PRICE expected [20.45] but found [20.9],
	WRONG TOTAL PRICE expected [20.56] but found [21.01],
	Wrong total price expected [36.4] but found [36.85],
	Wrong total price expected [52.35] but found [52.8]
	at checkout.PromoCodesTests.increaseProductsWithAmountDiscountQty(PromoCodesTests.java:96)
... Removed 29 stack frames</pre></div><a href='#' onClick='toggleBox("stack-trace1676605578", this, "Click to show all stack frames", "Click to hide stack frames")'>Click to show all stack frames</a>
<div class='stack-trace' id='stack-trace1676605578'><pre>java.lang.AssertionError: The following asserts failed:
	WRONG TOTAL PRICE expected [20.45] but found [20.9],
	WRONG TOTAL PRICE expected [20.56] but found [21.01],
	Wrong total price expected [36.4] but found [36.85],
	Wrong total price expected [52.35] but found [52.8]
	at org.testng.asserts.SoftAssert.assertAll(SoftAssert.java:43)
	at checkout.PromoCodesTests.increaseProductsWithAmountDiscountQty(PromoCodesTests.java:96)
	at sun.reflect.NativeMethodAccessorImpl.invoke0(Native Method)
	at sun.reflect.NativeMethodAccessorImpl.invoke(NativeMethodAccessorImpl.java:62)
	at sun.reflect.DelegatingMethodAccessorImpl.invoke(DelegatingMethodAccessorImpl.java:43)
	at java.lang.reflect.Method.invoke(Method.java:498)
	at org.testng.internal.MethodInvocationHelper.invokeMethod(MethodInvocationHelper.java:108)
	at org.testng.internal.Invoker.invokeMethod(Invoker.java:661)
	at org.testng.internal.Invoker.invokeTestMethod(Invoker.java:869)
	at org.testng.internal.Invoker.invokeTestMethods(Invoker.java:1193)
	at org.testng.internal.TestMethodWorker.invokeTestMethods(TestMethodWorker.java:126)
	at org.testng.internal.TestMethodWorker.run(TestMethodWorker.java:109)
	at org.testng.TestRunner.privateRun(TestRunner.java:744)
	at org.testng.TestRunner.run(TestRunner.java:602)
	at org.testng.SuiteRunner.runTest(SuiteRunner.java:380)
	at org.testng.SuiteRunner.runSequentially(SuiteRunner.java:375)
	at org.testng.SuiteRunner.privateRun(SuiteRunner.java:340)
	at org.testng.SuiteRunner.run(SuiteRunner.java:289)
	at org.testng.SuiteRunnerWorker.runSuite(SuiteRunnerWorker.java:52)
	at org.testng.SuiteRunnerWorker.run(SuiteRunnerWorker.java:86)
	at org.testng.TestNG.runSuitesSequentially(TestNG.java:1301)
	at org.testng.TestNG.runSuitesLocally(TestNG.java:1226)
	at org.testng.TestNG.runSuites(TestNG.java:1144)
	at org.testng.TestNG.run(TestNG.java:1115)
	at org.apache.maven.surefire.testng.TestNGExecutor.run(TestNGExecutor.java:283)
	at org.apache.maven.surefire.testng.TestNGXmlTestSuite.execute(TestNGXmlTestSuite.java:75)
	at org.apache.maven.surefire.testng.TestNGProvider.invoke(TestNGProvider.java:120)
	at org.apache.maven.surefire.booter.ForkedBooter.invokeProviderInSameClassLoader(ForkedBooter.java:386)
	at org.apache.maven.surefire.booter.ForkedBooter.runSuitesInProcess(ForkedBooter.java:323)
	at org.apache.maven.surefire.booter.ForkedBooter.main(ForkedBooter.java:143)
</pre></div></td>
<td>8</td>
<td>checkout.PromoCodesTests@7e5afaa6</td></tr>
<tr>
<td title='checkout.PromoCodesTests.increaseProductsWithPercentDiscountQty()'><b>increaseProductsWithPercentDiscountQty</b><br>Test class: checkout.PromoCodesTests</td>
<td><div><pre>java.lang.AssertionError: The following asserts failed:
	WRONG TOTAL PRICE expected [20.45] but found [20.9],
	WRONG TOTAL PRICE expected [20.56] but found [21.01],
	Wrong total price expected [36.4] but found [36.85],
	Wrong total price expected [52.35] but found [52.8],
	expected [36.63] but found [37.08],
	expected [52.69] but found [53.14]
	at checkout.PromoCodesTests.increaseProductsWithPercentDiscountQty(PromoCodesTests.java:133)
... Removed 29 stack frames</pre></div><a href='#' onClick='toggleBox("stack-trace1414845278", this, "Click to show all stack frames", "Click to hide stack frames")'>Click to show all stack frames</a>
<div class='stack-trace' id='stack-trace1414845278'><pre>java.lang.AssertionError: The following asserts failed:
	WRONG TOTAL PRICE expected [20.45] but found [20.9],
	WRONG TOTAL PRICE expected [20.56] but found [21.01],
	Wrong total price expected [36.4] but found [36.85],
	Wrong total price expected [52.35] but found [52.8],
	expected [36.63] but found [37.08],
	expected [52.69] but found [53.14]
	at org.testng.asserts.SoftAssert.assertAll(SoftAssert.java:43)
	at checkout.PromoCodesTests.increaseProductsWithPercentDiscountQty(PromoCodesTests.java:133)
	at sun.reflect.NativeMethodAccessorImpl.invoke0(Native Method)
	at sun.reflect.NativeMethodAccessorImpl.invoke(NativeMethodAccessorImpl.java:62)
	at sun.reflect.DelegatingMethodAccessorImpl.invoke(DelegatingMethodAccessorImpl.java:43)
	at java.lang.reflect.Method.invoke(Method.java:498)
	at org.testng.internal.MethodInvocationHelper.invokeMethod(MethodInvocationHelper.java:108)
	at org.testng.internal.Invoker.invokeMethod(Invoker.java:661)
	at org.testng.internal.Invoker.invokeTestMethod(Invoker.java:869)
	at org.testng.internal.Invoker.invokeTestMethods(Invoker.java:1193)
	at org.testng.internal.TestMethodWorker.invokeTestMethods(TestMethodWorker.java:126)
	at org.testng.internal.TestMethodWorker.run(TestMethodWorker.java:109)
	at org.testng.TestRunner.privateRun(TestRunner.java:744)
	at org.testng.TestRunner.run(TestRunner.java:602)
	at org.testng.SuiteRunner.runTest(SuiteRunner.java:380)
	at org.testng.SuiteRunner.runSequentially(SuiteRunner.java:375)
	at org.testng.SuiteRunner.privateRun(SuiteRunner.java:340)
	at org.testng.SuiteRunner.run(SuiteRunner.java:289)
	at org.testng.SuiteRunnerWorker.runSuite(SuiteRunnerWorker.java:52)
	at org.testng.SuiteRunnerWorker.run(SuiteRunnerWorker.java:86)
	at org.testng.TestNG.runSuitesSequentially(TestNG.java:1301)
	at org.testng.TestNG.runSuitesLocally(TestNG.java:1226)
	at org.testng.TestNG.runSuites(TestNG.java:1144)
	at org.testng.TestNG.run(TestNG.java:1115)
	at org.apache.maven.surefire.testng.TestNGExecutor.run(TestNGExecutor.java:283)
	at org.apache.maven.surefire.testng.TestNGXmlTestSuite.execute(TestNGXmlTestSuite.java:75)
	at org.apache.maven.surefire.testng.TestNGProvider.invoke(TestNGProvider.java:120)
	at org.apache.maven.surefire.booter.ForkedBooter.invokeProviderInSameClassLoader(ForkedBooter.java:386)
	at org.apache.maven.surefire.booter.ForkedBooter.runSuitesInProcess(ForkedBooter.java:323)
	at org.apache.maven.surefire.booter.ForkedBooter.main(ForkedBooter.java:143)
</pre></div></td>
<td>7</td>
<td>checkout.PromoCodesTests@7e5afaa6</td></tr>
<tr>
<td title='shop.ShopPageTests.priceAreEqualOnShopPageAndOnProductsPage()'><b>priceAreEqualOnShopPageAndOnProductsPage</b><br>Test class: shop.ShopPageTests</td>
<td><div><pre>org.openqa.selenium.NoSuchElementException: no such element: Unable to locate element: {&quot;method&quot;:&quot;xpath&quot;,&quot;selector&quot;:&quot;//div[@class=&quot;w-block-head&quot;]&quot;}
  (Session info: chrome=60.0.3112.113)
  (Driver info: chromedriver=2.30.477700 (0057494ad8732195794a7b32078424f92a5fce41),platform=Windows NT 10.0.14393 x86_64) (WARNING: The server did not provide any stacktrace information)
Command duration or timeout: 15.01 seconds
For documentation on this error, please visit: http://seleniumhq.org/exceptions/no_such_element.html
Build info: version: &apos;2.53.1&apos;, revision: &apos;a36b8b1cd5757287168e54b817830adce9b0158d&apos;, time: &apos;2016-06-30 19:26:09&apos;
System info: host: &apos;WIN-UJSDDQRV49J&apos;, ip: &apos;192.168.10.1&apos;, os.name: &apos;Windows 10&apos;, os.arch: &apos;amd64&apos;, os.version: &apos;10.0&apos;, java.version: &apos;1.8.0_131&apos;
Driver info: org.openqa.selenium.chrome.ChromeDriver
Capabilities [{applicationCacheEnabled=false, rotatable=false, mobileEmulationEnabled=false, networkConnectionEnabled=false, chrome={chromedriverVersion=2.30.477700 (0057494ad8732195794a7b32078424f92a5fce41), userDataDir=C:\Users\User\AppData\Local\Temp\scoped_dir11248_9418}, takesHeapSnapshot=true, pageLoadStrategy=normal, databaseEnabled=false, handlesAlerts=true, hasTouchScreen=false, version=60.0.3112.113, platform=XP, browserConnectionEnabled=false, nativeEvents=true, acceptSslCerts=true, locationContextEnabled=true, webStorageEnabled=true, browserName=chrome, takesScreenshot=true, javascriptEnabled=true, cssSelectorsEnabled=true, unexpectedAlertBehaviour=}]
Session ID: 7e1c19b1d62de469d1dd4683ee78dc49
*** Element info: {Using=xpath, value=//div[@class=&quot;w-block-head&quot;]}
	at org.openqa.selenium.remote.ErrorHandler.createThrowable(ErrorHandler.java:206)
	at org.openqa.selenium.remote.ErrorHandler.throwIfResponseFailed(ErrorHandler.java:158)
	at org.openqa.selenium.remote.RemoteWebDriver.execute(RemoteWebDriver.java:678)
	at org.openqa.selenium.remote.RemoteWebDriver.findElement(RemoteWebDriver.java:363)
	at org.openqa.selenium.remote.RemoteWebDriver.findElementByXPath(RemoteWebDriver.java:500)
	at org.openqa.selenium.By$ByXPath.findElement(By.java:361)
	at org.openqa.selenium.remote.RemoteWebDriver.findElement(RemoteWebDriver.java:355)
	at org.openqa.selenium.support.pagefactory.DefaultElementLocator.findElement(DefaultElementLocator.java:69)
	at org.openqa.selenium.support.pagefactory.internal.LocatingElementHandler.invoke(LocatingElementHandler.java:38)
	at com.sun.proxy.$Proxy6.getText(Unknown Source)
	at pages.ProductPage.getProductName(ProductPage.java:86)
	at shop.ShopPageTests.priceAreEqualOnShopPageAndOnProductsPage(ShopPageTests.java:80)
... Removed 32 stack frames</pre></div><a href='#' onClick='toggleBox("stack-trace1241529534", this, "Click to show all stack frames", "Click to hide stack frames")'>Click to show all stack frames</a>
<div class='stack-trace' id='stack-trace1241529534'><pre>org.openqa.selenium.NoSuchElementException: no such element: Unable to locate element: {&quot;method&quot;:&quot;xpath&quot;,&quot;selector&quot;:&quot;//div[@class=&quot;w-block-head&quot;]&quot;}
  (Session info: chrome=60.0.3112.113)
  (Driver info: chromedriver=2.30.477700 (0057494ad8732195794a7b32078424f92a5fce41),platform=Windows NT 10.0.14393 x86_64) (WARNING: The server did not provide any stacktrace information)
Command duration or timeout: 15.01 seconds
For documentation on this error, please visit: http://seleniumhq.org/exceptions/no_such_element.html
Build info: version: &apos;2.53.1&apos;, revision: &apos;a36b8b1cd5757287168e54b817830adce9b0158d&apos;, time: &apos;2016-06-30 19:26:09&apos;
System info: host: &apos;WIN-UJSDDQRV49J&apos;, ip: &apos;192.168.10.1&apos;, os.name: &apos;Windows 10&apos;, os.arch: &apos;amd64&apos;, os.version: &apos;10.0&apos;, java.version: &apos;1.8.0_131&apos;
Driver info: org.openqa.selenium.chrome.ChromeDriver
Capabilities [{applicationCacheEnabled=false, rotatable=false, mobileEmulationEnabled=false, networkConnectionEnabled=false, chrome={chromedriverVersion=2.30.477700 (0057494ad8732195794a7b32078424f92a5fce41), userDataDir=C:\Users\User\AppData\Local\Temp\scoped_dir11248_9418}, takesHeapSnapshot=true, pageLoadStrategy=normal, databaseEnabled=false, handlesAlerts=true, hasTouchScreen=false, version=60.0.3112.113, platform=XP, browserConnectionEnabled=false, nativeEvents=true, acceptSslCerts=true, locationContextEnabled=true, webStorageEnabled=true, browserName=chrome, takesScreenshot=true, javascriptEnabled=true, cssSelectorsEnabled=true, unexpectedAlertBehaviour=}]
Session ID: 7e1c19b1d62de469d1dd4683ee78dc49
*** Element info: {Using=xpath, value=//div[@class=&quot;w-block-head&quot;]}
	at sun.reflect.NativeConstructorAccessorImpl.newInstance0(Native Method)
	at sun.reflect.NativeConstructorAccessorImpl.newInstance(NativeConstructorAccessorImpl.java:62)
	at sun.reflect.DelegatingConstructorAccessorImpl.newInstance(DelegatingConstructorAccessorImpl.java:45)
	at java.lang.reflect.Constructor.newInstance(Constructor.java:423)
	at org.openqa.selenium.remote.ErrorHandler.createThrowable(ErrorHandler.java:206)
	at org.openqa.selenium.remote.ErrorHandler.throwIfResponseFailed(ErrorHandler.java:158)
	at org.openqa.selenium.remote.RemoteWebDriver.execute(RemoteWebDriver.java:678)
	at org.openqa.selenium.remote.RemoteWebDriver.findElement(RemoteWebDriver.java:363)
	at org.openqa.selenium.remote.RemoteWebDriver.findElementByXPath(RemoteWebDriver.java:500)
	at org.openqa.selenium.By$ByXPath.findElement(By.java:361)
	at org.openqa.selenium.remote.RemoteWebDriver.findElement(RemoteWebDriver.java:355)
	at org.openqa.selenium.support.pagefactory.DefaultElementLocator.findElement(DefaultElementLocator.java:69)
	at org.openqa.selenium.support.pagefactory.internal.LocatingElementHandler.invoke(LocatingElementHandler.java:38)
	at com.sun.proxy.$Proxy6.getText(Unknown Source)
	at pages.ProductPage.getProductName(ProductPage.java:86)
	at shop.ShopPageTests.priceAreEqualOnShopPageAndOnProductsPage(ShopPageTests.java:80)
	at sun.reflect.NativeMethodAccessorImpl.invoke0(Native Method)
	at sun.reflect.NativeMethodAccessorImpl.invoke(NativeMethodAccessorImpl.java:62)
	at sun.reflect.DelegatingMethodAccessorImpl.invoke(DelegatingMethodAccessorImpl.java:43)
	at java.lang.reflect.Method.invoke(Method.java:498)
	at org.testng.internal.MethodInvocationHelper.invokeMethod(MethodInvocationHelper.java:108)
	at org.testng.internal.Invoker.invokeMethod(Invoker.java:661)
	at org.testng.internal.Invoker.invokeTestMethod(Invoker.java:869)
	at org.testng.internal.Invoker.invokeTestMethods(Invoker.java:1193)
	at org.testng.internal.TestMethodWorker.invokeTestMethods(TestMethodWorker.java:126)
	at org.testng.internal.TestMethodWorker.run(TestMethodWorker.java:109)
	at org.testng.TestRunner.privateRun(TestRunner.java:744)
	at org.testng.TestRunner.run(TestRunner.java:602)
	at org.testng.SuiteRunner.runTest(SuiteRunner.java:380)
	at org.testng.SuiteRunner.runSequentially(SuiteRunner.java:375)
	at org.testng.SuiteRunner.privateRun(SuiteRunner.java:340)
	at org.testng.SuiteRunner.run(SuiteRunner.java:289)
	at org.testng.SuiteRunnerWorker.runSuite(SuiteRunnerWorker.java:52)
	at org.testng.SuiteRunnerWorker.run(SuiteRunnerWorker.java:86)
	at org.testng.TestNG.runSuitesSequentially(TestNG.java:1301)
	at org.testng.TestNG.runSuitesLocally(TestNG.java:1226)
	at org.testng.TestNG.runSuites(TestNG.java:1144)
	at org.testng.TestNG.run(TestNG.java:1115)
	at org.apache.maven.surefire.testng.TestNGExecutor.run(TestNGExecutor.java:283)
	at org.apache.maven.surefire.testng.TestNGXmlTestSuite.execute(TestNGXmlTestSuite.java:75)
	at org.apache.maven.surefire.testng.TestNGProvider.invoke(TestNGProvider.java:120)
	at org.apache.maven.surefire.booter.ForkedBooter.invokeProviderInSameClassLoader(ForkedBooter.java:386)
	at org.apache.maven.surefire.booter.ForkedBooter.runSuitesInProcess(ForkedBooter.java:323)
	at org.apache.maven.surefire.booter.ForkedBooter.main(ForkedBooter.java:143)
</pre></div></td>
<td>28</td>
<td>shop.ShopPageTests@4d5b6aac</td></tr>
</table><p>
<table width='100%' border='1' class='invocation-passed'>
<tr><td colspan='4' align='center'><b>PASSED TESTS</b></td></tr>
<tr><td><b>Test method</b></td>
<td width="30%"><b>Exception</b></td>
<td width="10%"><b>Time (seconds)</b></td>
<td><b>Instance</b></td>
</tr>
<tr>
<td title='product_page.AddToCartTests.addProductTwiceAndCheckQtyAndPrice()'><b>addProductTwiceAndCheckQtyAndPrice</b><br>Test class: product_page.AddToCartTests</td>
<td></td>
<td>11</td>
<td>product_page.AddToCartTests@4a7f959b</td></tr>
<tr>
<td title='product_page.AddToCartTests.addProductTwiceWithDifferentSize()'><b>addProductTwiceWithDifferentSize</b><br>Test class: product_page.AddToCartTests</td>
<td></td>
<td>10</td>
<td>product_page.AddToCartTests@4a7f959b</td></tr>
<tr>
<td title='product_page.AddToCartTests.addToCart()'><b>addToCart</b><br>Test class: product_page.AddToCartTests</td>
<td></td>
<td>4</td>
<td>product_page.AddToCartTests@4a7f959b</td></tr>
<tr>
<td title='product_page.ProductPageTests.addToCartAndCheckCartCounter()'><b>addToCartAndCheckCartCounter</b><br>Test class: product_page.ProductPageTests</td>
<td></td>
<td>18</td>
<td>product_page.ProductPageTests@3e84448c</td></tr>
<tr>
<td title='product_page.ProductPageTests.addToCartAndContinueShopping()'><b>addToCartAndContinueShopping</b><br>Test class: product_page.ProductPageTests</td>
<td></td>
<td>7</td>
<td>product_page.ProductPageTests@3e84448c</td></tr>
<tr>
<td title='product_page.AddToCartTests.addTwoDifferentProductsWithSameSizeAndColor()'><b>addTwoDifferentProductsWithSameSizeAndColor</b><br>Test class: product_page.AddToCartTests</td>
<td></td>
<td>2</td>
<td>product_page.AddToCartTests@4a7f959b</td></tr>
<tr>
<td title='checkout.OrderedItemsTests.addTwoProductsAndDeleteOne()'><b>addTwoProductsAndDeleteOne</b><br>Test class: checkout.OrderedItemsTests</td>
<td></td>
<td>10</td>
<td>checkout.OrderedItemsTests@63a12c68</td></tr>
<tr>
<td title='product_page.ProductsWithPromoTests.amountPromoPopupAppearsEveryTime()'><b>amountPromoPopupAppearsEveryTime</b><br>Test class: product_page.ProductsWithPromoTests</td>
<td></td>
<td>6</td>
<td>product_page.ProductsWithPromoTests@429bffaa</td></tr>
<tr>
<td title='product_page.ProductsWithPromoTests.amountPromoValueInPopup()'><b>amountPromoValueInPopup</b><br>Test class: product_page.ProductsWithPromoTests</td>
<td></td>
<td>3</td>
<td>product_page.ProductsWithPromoTests@429bffaa</td></tr>
<tr>
<td title='checkout.CheckoutPageTests.backToStore()'><b>backToStore</b><br>Test class: checkout.CheckoutPageTests</td>
<td></td>
<td>5</td>
<td>checkout.CheckoutPageTests@483f6d77</td></tr>
<tr>
<td title='shop.ShopPageTests.checkFirstQtyOnPageSetting()'><b>checkFirstQtyOnPageSetting</b><br>Test class: shop.ShopPageTests</td>
<td></td>
<td>6</td>
<td>shop.ShopPageTests@4d5b6aac</td></tr>
<tr>
<td title='shop.ShopPageTests.checkPagination()'><b>checkPagination</b><br>Test class: shop.ShopPageTests</td>
<td></td>
<td>12</td>
<td>shop.ShopPageTests@4d5b6aac</td></tr>
<tr>
<td title='product_page.AddToCartTests.checkPriceSizeAndColor()'><b>checkPriceSizeAndColor</b><br>Test class: product_page.AddToCartTests</td>
<td></td>
<td>5</td>
<td>product_page.AddToCartTests@4a7f959b</td></tr>
<tr>
<td title='shop.ShopPageTests.checkSecondQtyOnPageSetting()'><b>checkSecondQtyOnPageSetting</b><br>Test class: shop.ShopPageTests</td>
<td></td>
<td>3</td>
<td>shop.ShopPageTests@4d5b6aac</td></tr>
<tr>
<td title='shop.ShopPageTests.checkThirdQtyOnPageSetting()'><b>checkThirdQtyOnPageSetting</b><br>Test class: shop.ShopPageTests</td>
<td></td>
<td>3</td>
<td>shop.ShopPageTests@4d5b6aac</td></tr>
<tr>
<td title='checkout.OrderedItemsTests.decreaseItemQty()'><b>decreaseItemQty</b><br>Test class: checkout.OrderedItemsTests</td>
<td></td>
<td>11</td>
<td>checkout.OrderedItemsTests@63a12c68</td></tr>
<tr>
<td title='checkout.ValidationTests.emptyEmailField()'><b>emptyEmailField</b><br>Test class: checkout.ValidationTests</td>
<td></td>
<td>4</td>
<td>checkout.ValidationTests@28f3b248</td></tr>
<tr>
<td title='checkout.OrderedItemsTests.increaseItemQty()'><b>increaseItemQty</b><br>Test class: checkout.OrderedItemsTests</td>
<td></td>
<td>8</td>
<td>checkout.OrderedItemsTests@63a12c68</td></tr>
<tr>
<td title='shop.ShopPageTests.leftSidebarSearch()'><b>leftSidebarSearch</b><br>Test class: shop.ShopPageTests</td>
<td></td>
<td>3</td>
<td>shop.ShopPageTests@4d5b6aac</td></tr>
<tr>
<td title='index.IndexPageTests.loginAndRedirectToDashboardPage()'><b>loginAndRedirectToDashboardPage</b><br>Test class: index.IndexPageTests</td>
<td></td>
<td>13</td>
<td>index.IndexPageTests@10d307f1</td></tr>
<tr>
<td title='index.IndexPageTests.logout()'><b>logout</b><br>Test class: index.IndexPageTests</td>
<td></td>
<td>8</td>
<td>index.IndexPageTests@10d307f1</td></tr>
<tr>
<td title='product_page.ValidationTests.missingProductSizeValidation()'><b>missingProductSizeValidation</b><br>Test class: product_page.ValidationTests</td>
<td></td>
<td>1</td>
<td>product_page.ValidationTests@5403f35f</td></tr>
<tr>
<td title='product_page.ProductsWithPromoTests.percentPromoPopupAppearsEveryTime()'><b>percentPromoPopupAppearsEveryTime</b><br>Test class: product_page.ProductsWithPromoTests</td>
<td></td>
<td>63</td>
<td>product_page.ProductsWithPromoTests@429bffaa</td></tr>
<tr>
<td title='product_page.ProductsWithPromoTests.percentPromoValueInPopup()'><b>percentPromoValueInPopup</b><br>Test class: product_page.ProductsWithPromoTests</td>
<td></td>
<td>2</td>
<td>product_page.ProductsWithPromoTests@429bffaa</td></tr>
<tr>
<td title='product_page.ProductsWithPromoTests.promoPopupIsPossibleToClose()'><b>promoPopupIsPossibleToClose</b><br>Test class: product_page.ProductsWithPromoTests</td>
<td></td>
<td>2</td>
<td>product_page.ProductsWithPromoTests@429bffaa</td></tr>
<tr>
<td title='shop.ShopPageTests.qtySortingSavesOnOthersPages()'><b>qtySortingSavesOnOthersPages</b><br>Test class: shop.ShopPageTests</td>
<td></td>
<td>20</td>
<td>shop.ShopPageTests@4d5b6aac</td></tr>
<tr>
<td title='index.IndexPageTests.searchFromIndexPage()'><b>searchFromIndexPage</b><br>Test class: index.IndexPageTests</td>
<td></td>
<td>7</td>
<td>index.IndexPageTests@10d307f1</td></tr>
<tr>
<td title='shop.ShopPageTests.topSearch()'><b>topSearch</b><br>Test class: shop.ShopPageTests</td>
<td></td>
<td>2</td>
<td>shop.ShopPageTests@4d5b6aac</td></tr>
</table><p>
</body>
</html>