<?xml version="1.0" encoding="UTF-8"?>
<!-- Generated by org.testng.reporters.JUnitXMLReporter -->
<testsuite hostname="WIN-UJSDDQRV49J" ignored="0" name="Method Test Cases" tests="35" failures="7" timestamp="30 авг 2017 12:27:36 GMT" time="381.283" errors="0">
  <testcase name="loginAndRedirectToDashboardPage" time="13.193" classname="index.IndexPageTests"/>
  <testcase name="logout" time="8.517" classname="index.IndexPageTests"/>
  <testcase name="searchFromIndexPage" time="7.378" classname="index.IndexPageTests"/>
  <testcase name="checkFirstQtyOnPageSetting" time="6.795" classname="shop.ShopPageTests"/>
  <testcase name="checkPagination" time="12.81" classname="shop.ShopPageTests"/>
  <testcase name="checkSecondQtyOnPageSetting" time="3.751" classname="shop.ShopPageTests"/>
  <testcase name="checkThirdQtyOnPageSetting" time="3.798" classname="shop.ShopPageTests"/>
  <testcase name="leftSidebarSearch" time="3.487" classname="shop.ShopPageTests"/>
  <testcase name="priceAreEqualOnShopPageAndOnProductsPage" time="28.518" classname="shop.ShopPageTests">
    <failure type="org.openqa.selenium.NoSuchElementException" message="no such element: Unable to locate element: {&amp;quot;method&amp;quot;:&amp;quot;xpath&amp;quot;,&amp;quot;selector&amp;quot;:&amp;quot;//div[@class=&amp;quot;w-block-head&amp;quot;]&amp;quot;}
  (Session info: chrome=60.0.3112.113)
  (Driver info: chromedriver=2.30.477700 (0057494ad8732195794a7b32078424f92a5fce41),platform=Windows NT 10.0.14393 x86_64) (WARNING: The server did not provide any stacktrace information)
Command duration or timeout: 15.01 seconds
For documentation on this error, please visit: http://seleniumhq.org/exceptions/no_such_element.html
Build info: version: &amp;apos;2.53.1&amp;apos;, revision: &amp;apos;a36b8b1cd5757287168e54b817830adce9b0158d&amp;apos;, time: &amp;apos;2016-06-30 19:26:09&amp;apos;
System info: host: &amp;apos;WIN-UJSDDQRV49J&amp;apos;, ip: &amp;apos;192.168.10.1&amp;apos;, os.name: &amp;apos;Windows 10&amp;apos;, os.arch: &amp;apos;amd64&amp;apos;, os.version: &amp;apos;10.0&amp;apos;, java.version: &amp;apos;1.8.0_131&amp;apos;
Driver info: org.openqa.selenium.chrome.ChromeDriver
Capabilities [{applicationCacheEnabled=false, rotatable=false, mobileEmulationEnabled=false, networkConnectionEnabled=false, chrome={chromedriverVersion=2.30.477700 (0057494ad8732195794a7b32078424f92a5fce41), userDataDir=C:\Users\User\AppData\Local\Temp\scoped_dir11248_9418}, takesHeapSnapshot=true, pageLoadStrategy=normal, databaseEnabled=false, handlesAlerts=true, hasTouchScreen=false, version=60.0.3112.113, platform=XP, browserConnectionEnabled=false, nativeEvents=true, acceptSslCerts=true, locationContextEnabled=true, webStorageEnabled=true, browserName=chrome, takesScreenshot=true, javascriptEnabled=true, cssSelectorsEnabled=true, unexpectedAlertBehaviour=}]
Session ID: 7e1c19b1d62de469d1dd4683ee78dc49
*** Element info: {Using=xpath, value=//div[@class=&amp;quot;w-block-head&amp;quot;]}">
      <![CDATA[org.openqa.selenium.NoSuchElementException: no such element: Unable to locate element: {"method":"xpath","selector":"//div[@class="w-block-head"]"}
  (Session info: chrome=60.0.3112.113)
  (Driver info: chromedriver=2.30.477700 (0057494ad8732195794a7b32078424f92a5fce41),platform=Windows NT 10.0.14393 x86_64) (WARNING: The server did not provide any stacktrace information)
Command duration or timeout: 15.01 seconds
For documentation on this error, please visit: http://seleniumhq.org/exceptions/no_such_element.html
Build info: version: '2.53.1', revision: 'a36b8b1cd5757287168e54b817830adce9b0158d', time: '2016-06-30 19:26:09'
System info: host: 'WIN-UJSDDQRV49J', ip: '192.168.10.1', os.name: 'Windows 10', os.arch: 'amd64', os.version: '10.0', java.version: '1.8.0_131'
Driver info: org.openqa.selenium.chrome.ChromeDriver
Capabilities [{applicationCacheEnabled=false, rotatable=false, mobileEmulationEnabled=false, networkConnectionEnabled=false, chrome={chromedriverVersion=2.30.477700 (0057494ad8732195794a7b32078424f92a5fce41), userDataDir=C:\Users\User\AppData\Local\Temp\scoped_dir11248_9418}, takesHeapSnapshot=true, pageLoadStrategy=normal, databaseEnabled=false, handlesAlerts=true, hasTouchScreen=false, version=60.0.3112.113, platform=XP, browserConnectionEnabled=false, nativeEvents=true, acceptSslCerts=true, locationContextEnabled=true, webStorageEnabled=true, browserName=chrome, takesScreenshot=true, javascriptEnabled=true, cssSelectorsEnabled=true, unexpectedAlertBehaviour=}]
Session ID: 7e1c19b1d62de469d1dd4683ee78dc49
*** Element info: {Using=xpath, value=//div[@class="w-block-head"]}
	at org.openqa.selenium.remote.ErrorHandler.createThrowable(ErrorHandler.java:206)
	at org.openqa.selenium.remote.ErrorHandler.throwIfResponseFailed(ErrorHandler.java:158)
	at org.openqa.selenium.remote.RemoteWebDriver.execute(RemoteWebDriver.java:678)
	at org.openqa.selenium.remote.RemoteWebDriver.findElement(RemoteWebDriver.java:363)
	at org.openqa.selenium.remote.RemoteWebDriver.findElementByXPath(RemoteWebDriver.java:500)
	at org.openqa.selenium.By$ByXPath.findElement(By.java:361)
	at org.openqa.selenium.remote.RemoteWebDriver.findElement(RemoteWebDriver.java:355)
	at org.openqa.selenium.support.pagefactory.DefaultElementLocator.findElement(DefaultElementLocator.java:69)
	at org.openqa.selenium.support.pagefactory.internal.LocatingElementHandler.invoke(LocatingElementHandler.java:38)
	at com.sun.proxy.$Proxy6.getText(Unknown Source)
	at pages.ProductPage.getProductName(ProductPage.java:86)
	at shop.ShopPageTests.priceAreEqualOnShopPageAndOnProductsPage(ShopPageTests.java:80)
... Removed 32 stack frames]]>
    </failure>
  </testcase> <!-- priceAreEqualOnShopPageAndOnProductsPage -->
  <testcase name="qtySortingSavesOnOthersPages" time="20.895" classname="shop.ShopPageTests"/>
  <testcase name="topSearch" time="2.989" classname="shop.ShopPageTests"/>
  <testcase name="addToCartAndCheckCartCounter" time="18.17" classname="product_page.ProductPageTests"/>
  <testcase name="addToCartAndContinueShopping" time="7.624" classname="product_page.ProductPageTests"/>
  <testcase name="addProductTwiceAndCheckQtyAndPrice" time="11.36" classname="product_page.AddToCartTests"/>
  <testcase name="addProductTwiceWithDifferentColor" time="53.146" classname="product_page.AddToCartTests">
    <failure type="org.openqa.selenium.NoSuchElementException" message="no such element: Unable to locate element: {&amp;quot;method&amp;quot;:&amp;quot;id&amp;quot;,&amp;quot;selector&amp;quot;:&amp;quot;go_to_checkout&amp;quot;}
  (Session info: chrome=60.0.3112.113)
  (Driver info: chromedriver=2.30.477700 (0057494ad8732195794a7b32078424f92a5fce41),platform=Windows NT 10.0.14393 x86_64) (WARNING: The server did not provide any stacktrace information)
Command duration or timeout: 15.03 seconds
For documentation on this error, please visit: http://seleniumhq.org/exceptions/no_such_element.html
Build info: version: &amp;apos;2.53.1&amp;apos;, revision: &amp;apos;a36b8b1cd5757287168e54b817830adce9b0158d&amp;apos;, time: &amp;apos;2016-06-30 19:26:09&amp;apos;
System info: host: &amp;apos;WIN-UJSDDQRV49J&amp;apos;, ip: &amp;apos;192.168.10.1&amp;apos;, os.name: &amp;apos;Windows 10&amp;apos;, os.arch: &amp;apos;amd64&amp;apos;, os.version: &amp;apos;10.0&amp;apos;, java.version: &amp;apos;1.8.0_131&amp;apos;
Driver info: org.openqa.selenium.chrome.ChromeDriver
Capabilities [{applicationCacheEnabled=false, rotatable=false, mobileEmulationEnabled=false, networkConnectionEnabled=false, chrome={chromedriverVersion=2.30.477700 (0057494ad8732195794a7b32078424f92a5fce41), userDataDir=C:\Users\User\AppData\Local\Temp\scoped_dir11248_9418}, takesHeapSnapshot=true, pageLoadStrategy=normal, databaseEnabled=false, handlesAlerts=true, hasTouchScreen=false, version=60.0.3112.113, platform=XP, browserConnectionEnabled=false, nativeEvents=true, acceptSslCerts=true, locationContextEnabled=true, webStorageEnabled=true, browserName=chrome, takesScreenshot=true, javascriptEnabled=true, cssSelectorsEnabled=true, unexpectedAlertBehaviour=}]
Session ID: 7e1c19b1d62de469d1dd4683ee78dc49
*** Element info: {Using=id, value=go_to_checkout}">
      <![CDATA[org.openqa.selenium.NoSuchElementException: no such element: Unable to locate element: {"method":"id","selector":"go_to_checkout"}
  (Session info: chrome=60.0.3112.113)
  (Driver info: chromedriver=2.30.477700 (0057494ad8732195794a7b32078424f92a5fce41),platform=Windows NT 10.0.14393 x86_64) (WARNING: The server did not provide any stacktrace information)
Command duration or timeout: 15.03 seconds
For documentation on this error, please visit: http://seleniumhq.org/exceptions/no_such_element.html
Build info: version: '2.53.1', revision: 'a36b8b1cd5757287168e54b817830adce9b0158d', time: '2016-06-30 19:26:09'
System info: host: 'WIN-UJSDDQRV49J', ip: '192.168.10.1', os.name: 'Windows 10', os.arch: 'amd64', os.version: '10.0', java.version: '1.8.0_131'
Driver info: org.openqa.selenium.chrome.ChromeDriver
Capabilities [{applicationCacheEnabled=false, rotatable=false, mobileEmulationEnabled=false, networkConnectionEnabled=false, chrome={chromedriverVersion=2.30.477700 (0057494ad8732195794a7b32078424f92a5fce41), userDataDir=C:\Users\User\AppData\Local\Temp\scoped_dir11248_9418}, takesHeapSnapshot=true, pageLoadStrategy=normal, databaseEnabled=false, handlesAlerts=true, hasTouchScreen=false, version=60.0.3112.113, platform=XP, browserConnectionEnabled=false, nativeEvents=true, acceptSslCerts=true, locationContextEnabled=true, webStorageEnabled=true, browserName=chrome, takesScreenshot=true, javascriptEnabled=true, cssSelectorsEnabled=true, unexpectedAlertBehaviour=}]
Session ID: 7e1c19b1d62de469d1dd4683ee78dc49
*** Element info: {Using=id, value=go_to_checkout}
	at org.openqa.selenium.remote.ErrorHandler.createThrowable(ErrorHandler.java:206)
	at org.openqa.selenium.remote.ErrorHandler.throwIfResponseFailed(ErrorHandler.java:158)
	at org.openqa.selenium.remote.RemoteWebDriver.execute(RemoteWebDriver.java:678)
	at org.openqa.selenium.remote.RemoteWebDriver.findElement(RemoteWebDriver.java:363)
	at org.openqa.selenium.remote.RemoteWebDriver.findElementById(RemoteWebDriver.java:413)
	at org.openqa.selenium.By$ById.findElement(By.java:218)
	at org.openqa.selenium.remote.RemoteWebDriver.findElement(RemoteWebDriver.java:355)
	at org.openqa.selenium.support.pagefactory.DefaultElementLocator.findElement(DefaultElementLocator.java:69)
	at org.openqa.selenium.support.pagefactory.internal.LocatingElementHandler.invoke(LocatingElementHandler.java:38)
	at com.sun.proxy.$Proxy6.getTagName(Unknown Source)
	at tools.Wait.visibility(Wait.java:30)
	at pages.ProductPage.addToCartAndGoToCheckout(ProductPage.java:128)
	at product_page.AddToCartTests.addProductTwiceWithDifferentColor(AddToCartTests.java:131)
... Removed 32 stack frames]]>
    </failure>
  </testcase> <!-- addProductTwiceWithDifferentColor -->
  <testcase name="addProductTwiceWithDifferentSize" time="10.877" classname="product_page.AddToCartTests"/>
  <testcase name="addToCart" time="4.856" classname="product_page.AddToCartTests"/>
  <testcase name="addTwoDifferentProductsWithSameSizeAndColor" time="2.481" classname="product_page.AddToCartTests"/>
  <testcase name="checkPriceSizeAndColor" time="5.402" classname="product_page.AddToCartTests"/>
  <testcase name="amountPromoPopupAppearsEveryTime" time="6.207" classname="product_page.ProductsWithPromoTests"/>
  <testcase name="amountPromoValueInPopup" time="3.013" classname="product_page.ProductsWithPromoTests"/>
  <testcase name="percentPromoPopupAppearsEveryTime" time="63.232" classname="product_page.ProductsWithPromoTests"/>
  <testcase name="percentPromoValueInPopup" time="2.388" classname="product_page.ProductsWithPromoTests"/>
  <testcase name="promoPopupIsPossibleToClose" time="2.834" classname="product_page.ProductsWithPromoTests"/>
  <testcase name="missingProductSizeValidation" time="1.802" classname="product_page.ValidationTests"/>
  <testcase name="backToStore" time="5.783" classname="checkout.CheckoutPageTests"/>
  <testcase name="checkShippingPrice" time="4.486" classname="checkout.CheckoutPageTests">
    <failure type="java.lang.AssertionError" message="expected [4.5] but found [4.95]">
      <![CDATA[java.lang.AssertionError: expected [4.5] but found [4.95]
	at checkout.CheckoutPageTests.checkShippingPrice(CheckoutPageTests.java:26)
... Removed 33 stack frames]]>
    </failure>
  </testcase> <!-- checkShippingPrice -->
  <testcase name="addToCartProductWithAmountDiscount" time="6.36" classname="checkout.PromoCodesTests">
    <failure type="java.lang.AssertionError" message="The following asserts failed:
	WRONG TOTAL PRICE expected [20.45] but found [20.9]">
      <![CDATA[java.lang.AssertionError: The following asserts failed:
	WRONG TOTAL PRICE expected [20.45] but found [20.9]
	at checkout.PromoCodesTests.addToCartProductWithAmountDiscount(PromoCodesTests.java:64)
... Removed 29 stack frames]]>
    </failure>
  </testcase> <!-- addToCartProductWithAmountDiscount -->
  <testcase name="addToCartProductWithPercentDiscount" time="6.028" classname="checkout.PromoCodesTests">
    <failure type="java.lang.AssertionError" message="The following asserts failed:
	WRONG TOTAL PRICE expected [20.45] but found [20.9],
	WRONG TOTAL PRICE expected [20.56] but found [21.01]">
      <![CDATA[java.lang.AssertionError: The following asserts failed:
	WRONG TOTAL PRICE expected [20.45] but found [20.9],
	WRONG TOTAL PRICE expected [20.56] but found [21.01]
	at checkout.PromoCodesTests.addToCartProductWithPercentDiscount(PromoCodesTests.java:39)
... Removed 29 stack frames]]>
    </failure>
  </testcase> <!-- addToCartProductWithPercentDiscount -->
  <testcase name="increaseProductsWithAmountDiscountQty" time="8.088" classname="checkout.PromoCodesTests">
    <failure type="java.lang.AssertionError" message="The following asserts failed:
	WRONG TOTAL PRICE expected [20.45] but found [20.9],
	WRONG TOTAL PRICE expected [20.56] but found [21.01],
	Wrong total price expected [36.4] but found [36.85],
	Wrong total price expected [52.35] but found [52.8]">
      <![CDATA[java.lang.AssertionError: The following asserts failed:
	WRONG TOTAL PRICE expected [20.45] but found [20.9],
	WRONG TOTAL PRICE expected [20.56] but found [21.01],
	Wrong total price expected [36.4] but found [36.85],
	Wrong total price expected [52.35] but found [52.8]
	at checkout.PromoCodesTests.increaseProductsWithAmountDiscountQty(PromoCodesTests.java:96)
... Removed 29 stack frames]]>
    </failure>
  </testcase> <!-- increaseProductsWithAmountDiscountQty -->
  <testcase name="increaseProductsWithPercentDiscountQty" time="7.888" classname="checkout.PromoCodesTests">
    <failure type="java.lang.AssertionError" message="The following asserts failed:
	WRONG TOTAL PRICE expected [20.45] but found [20.9],
	WRONG TOTAL PRICE expected [20.56] but found [21.01],
	Wrong total price expected [36.4] but found [36.85],
	Wrong total price expected [52.35] but found [52.8],
	expected [36.63] but found [37.08],
	expected [52.69] but found [53.14]">
      <![CDATA[java.lang.AssertionError: The following asserts failed:
	WRONG TOTAL PRICE expected [20.45] but found [20.9],
	WRONG TOTAL PRICE expected [20.56] but found [21.01],
	Wrong total price expected [36.4] but found [36.85],
	Wrong total price expected [52.35] but found [52.8],
	expected [36.63] but found [37.08],
	expected [52.69] but found [53.14]
	at checkout.PromoCodesTests.increaseProductsWithPercentDiscountQty(PromoCodesTests.java:133)
... Removed 29 stack frames]]>
    </failure>
  </testcase> <!-- increaseProductsWithPercentDiscountQty -->
  <testcase name="addTwoProductsAndDeleteOne" time="10.09" classname="checkout.OrderedItemsTests"/>
  <testcase name="decreaseItemQty" time="11.027" classname="checkout.OrderedItemsTests"/>
  <testcase name="increaseItemQty" time="8.375" classname="checkout.OrderedItemsTests"/>
  <testcase name="emptyEmailField" time="4.529" classname="checkout.ValidationTests"/>
</testsuite> <!-- Method Test Cases -->
